  [1m[35m (0.1ms)[0m  [1m[34mSELECT sqlite_version(*)[0m
  â†³ bin/rails:9
  [1m[35m (3.6ms)[0m  [1m[35mCREATE TABLE "schema_migrations" ("version" varchar NOT NULL PRIMARY KEY)[0m
  â†³ bin/rails:9
  [1m[35m (4.0ms)[0m  [1m[35mCREATE TABLE "ar_internal_metadata" ("key" varchar NOT NULL PRIMARY KEY, "value" varchar, "created_at" datetime NOT NULL, "updated_at" datetime NOT NULL)[0m
  â†³ bin/rails:9
  [1m[35m (0.1ms)[0m  [1m[34mSELECT "schema_migrations"."version" FROM "schema_migrations" ORDER BY "schema_migrations"."version" ASC[0m
  â†³ bin/rails:9
Migrating to DeviseCreateUsers (20210311125250)
  [1m[35m (0.1ms)[0m  [1m[36mbegin transaction[0m
  â†³ bin/rails:9
  [1m[35m (0.4ms)[0m  [1m[35mCREATE TABLE "users" ("id" integer PRIMARY KEY AUTOINCREMENT NOT NULL, "email" varchar DEFAULT '' NOT NULL, "encrypted_password" varchar DEFAULT '' NOT NULL, "reset_password_token" varchar, "reset_password_sent_at" datetime, "remember_created_at" datetime, "last_name" varchar NOT NULL, "first_name" varchar NOT NULL, "ruby_last_name" varchar NOT NULL, "ruby_first_name" varchar NOT NULL, "postcode" integer NOT NULL, "prefecture_code" integer NOT NULL, "address_city" varchar NOT NULL, "address_street" varchar NOT NULL, "address_building" varchar, "phone_number" integer NOT NULL, "password" varchar NOT NULL, "user_status" boolean, "admin" boolean DEFAULT 0, "created_at" datetime NOT NULL, "updated_at" datetime NOT NULL)[0m
  â†³ db/migrate/20210311125250_devise_create_users.rb:5
  [1m[35m (0.2ms)[0m  [1m[35mCREATE UNIQUE INDEX "index_users_on_email" ON "users" ("email")[0m
  â†³ db/migrate/20210311125250_devise_create_users.rb:53
  [1m[35m (0.1ms)[0m  [1m[35mCREATE UNIQUE INDEX "index_users_on_reset_password_token" ON "users" ("reset_password_token")[0m
  â†³ db/migrate/20210311125250_devise_create_users.rb:54
  [1m[36mActiveRecord::SchemaMigration Create (0.1ms)[0m  [1m[32mINSERT INTO "schema_migrations" ("version") VALUES (?)[0m  [["version", "20210311125250"]]
  â†³ bin/rails:9
  [1m[35m (3.1ms)[0m  [1m[36mcommit transaction[0m
  â†³ bin/rails:9
Migrating to CreateProducts (20210311131301)
  [1m[35m (0.0ms)[0m  [1m[36mbegin transaction[0m
  â†³ bin/rails:9
  [1m[35m (0.2ms)[0m  [1m[35mCREATE TABLE "products" ("id" integer PRIMARY KEY AUTOINCREMENT NOT NULL, "image_id" varchar, "name" varchar, "description" text, "non_taxed_price" integer, "sales_status" integer, "created_at" datetime NOT NULL, "updated_at" datetime NOT NULL)[0m
  â†³ db/migrate/20210311131301_create_products.rb:3
  [1m[36mActiveRecord::SchemaMigration Create (0.1ms)[0m  [1m[32mINSERT INTO "schema_migrations" ("version") VALUES (?)[0m  [["version", "20210311131301"]]
  â†³ bin/rails:9
  [1m[35m (3.3ms)[0m  [1m[36mcommit transaction[0m
  â†³ bin/rails:9
Migrating to CreateCategories (20210311131405)
  [1m[35m (0.0ms)[0m  [1m[36mbegin transaction[0m
  â†³ bin/rails:9
  [1m[35m (0.2ms)[0m  [1m[35mCREATE TABLE "categories" ("id" integer PRIMARY KEY AUTOINCREMENT NOT NULL, "category_name" varchar, "category_status" integer, "created_at" datetime NOT NULL, "updated_at" datetime NOT NULL)[0m
  â†³ db/migrate/20210311131405_create_categories.rb:3
  [1m[36mActiveRecord::SchemaMigration Create (0.1ms)[0m  [1m[32mINSERT INTO "schema_migrations" ("version") VALUES (?)[0m  [["version", "20210311131405"]]
  â†³ bin/rails:9
  [1m[35m (3.6ms)[0m  [1m[36mcommit transaction[0m
  â†³ bin/rails:9
Migrating to CreateCarts (20210311131507)
  [1m[35m (0.0ms)[0m  [1m[36mbegin transaction[0m
  â†³ bin/rails:9
  [1m[35m (0.3ms)[0m  [1m[35mCREATE TABLE "carts" ("id" integer PRIMARY KEY AUTOINCREMENT NOT NULL, "product_num" integer, "product_id" integer, "order_id" integer, "created_at" datetime NOT NULL, "updated_at" datetime NOT NULL, CONSTRAINT "fk_rails_916f2a1419"
FOREIGN KEY ("product_id")
  REFERENCES "products" ("id")
, CONSTRAINT "fk_rails_00582d5eae"
FOREIGN KEY ("order_id")
  REFERENCES "orders" ("id")
)[0m
  â†³ db/migrate/20210311131507_create_carts.rb:3
  [1m[35m (0.1ms)[0m  [1m[35mCREATE  INDEX "index_carts_on_product_id" ON "carts" ("product_id")[0m
  â†³ db/migrate/20210311131507_create_carts.rb:3
  [1m[35m (0.1ms)[0m  [1m[35mCREATE  INDEX "index_carts_on_order_id" ON "carts" ("order_id")[0m
  â†³ db/migrate/20210311131507_create_carts.rb:3
  [1m[36mActiveRecord::SchemaMigration Create (0.1ms)[0m  [1m[32mINSERT INTO "schema_migrations" ("version") VALUES (?)[0m  [["version", "20210311131507"]]
  â†³ bin/rails:9
  [1m[35m (3.3ms)[0m  [1m[36mcommit transaction[0m
  â†³ bin/rails:9
Migrating to CreateOrderdproducts (20210311131628)
  [1m[35m (0.0ms)[0m  [1m[36mbegin transaction[0m
  â†³ bin/rails:9
  [1m[35m (0.3ms)[0m  [1m[35mCREATE TABLE "orderdproducts" ("id" integer PRIMARY KEY AUTOINCREMENT NOT NULL, "product_id" integer, "order_id" integer, "order_num" integer, "production_status" integer, "price_in_tax" integer, "created_at" datetime NOT NULL, "updated_at" datetime NOT NULL, CONSTRAINT "fk_rails_ad668c8912"
FOREIGN KEY ("product_id")
  REFERENCES "products" ("id")
, CONSTRAINT "fk_rails_8cc9b0882c"
FOREIGN KEY ("order_id")
  REFERENCES "orders" ("id")
)[0m
  â†³ db/migrate/20210311131628_create_orderdproducts.rb:3
  [1m[35m (0.1ms)[0m  [1m[35mCREATE  INDEX "index_orderdproducts_on_product_id" ON "orderdproducts" ("product_id")[0m
  â†³ db/migrate/20210311131628_create_orderdproducts.rb:3
  [1m[35m (0.1ms)[0m  [1m[35mCREATE  INDEX "index_orderdproducts_on_order_id" ON "orderdproducts" ("order_id")[0m
  â†³ db/migrate/20210311131628_create_orderdproducts.rb:3
  [1m[36mActiveRecord::SchemaMigration Create (0.1ms)[0m  [1m[32mINSERT INTO "schema_migrations" ("version") VALUES (?)[0m  [["version", "20210311131628"]]
  â†³ bin/rails:9
  [1m[35m (4.0ms)[0m  [1m[36mcommit transaction[0m
  â†³ bin/rails:9
Migrating to CreateOrders (20210311131815)
  [1m[35m (0.0ms)[0m  [1m[36mbegin transaction[0m
  â†³ bin/rails:9
  [1m[35m (0.3ms)[0m  [1m[35mCREATE TABLE "orders" ("id" integer PRIMARY KEY AUTOINCREMENT NOT NULL, "user_id" integer, "shipping" integer, "billing_amount" integer, "method_payment" integer, "destination_name" varchar, "postcode" integer, "prefecture_code" integer, "address_city" varchar, "address_street" varchar, "address_build" varchar, "order_status" integer, "created_at" datetime NOT NULL, "updated_at" datetime NOT NULL)[0m
  â†³ db/migrate/20210311131815_create_orders.rb:3
  [1m[36mActiveRecord::SchemaMigration Create (0.1ms)[0m  [1m[32mINSERT INTO "schema_migrations" ("version") VALUES (?)[0m  [["version", "20210311131815"]]
  â†³ bin/rails:9
  [1m[35m (3.6ms)[0m  [1m[36mcommit transaction[0m
  â†³ bin/rails:9
Migrating to CreateShippingAddresses (20210311131853)
  [1m[35m (0.0ms)[0m  [1m[36mbegin transaction[0m
  â†³ bin/rails:9
  [1m[35m (0.3ms)[0m  [1m[35mCREATE TABLE "shipping_addresses" ("id" integer PRIMARY KEY AUTOINCREMENT NOT NULL, "user_id" integer, "destination_name" varchar, "postcode" integer, "prefecture_code" integer, "address_city" varchar, "address_street" varchar, "address_build" varchar, "created_at" datetime NOT NULL, "updated_at" datetime NOT NULL)[0m
  â†³ db/migrate/20210311131853_create_shipping_addresses.rb:3
  [1m[36mActiveRecord::SchemaMigration Create (0.1ms)[0m  [1m[32mINSERT INTO "schema_migrations" ("version") VALUES (?)[0m  [["version", "20210311131853"]]
  â†³ bin/rails:9
  [1m[35m (3.8ms)[0m  [1m[36mcommit transaction[0m
  â†³ bin/rails:9
  [1m[36mActiveRecord::InternalMetadata Load (0.2ms)[0m  [1m[34mSELECT  "ar_internal_metadata".* FROM "ar_internal_metadata" WHERE "ar_internal_metadata"."key" = ? LIMIT ?[0m  [["key", "environment"], ["LIMIT", 1]]
  â†³ bin/rails:9
  [1m[35m (0.0ms)[0m  [1m[36mbegin transaction[0m
  â†³ bin/rails:9
  [1m[36mActiveRecord::InternalMetadata Create (0.2ms)[0m  [1m[32mINSERT INTO "ar_internal_metadata" ("key", "value", "created_at", "updated_at") VALUES (?, ?, ?, ?)[0m  [["key", "environment"], ["value", "development"], ["created_at", "2021-03-11 13:56:48.985662"], ["updated_at", "2021-03-11 13:56:48.985662"]]
  â†³ bin/rails:9
  [1m[35m (3.2ms)[0m  [1m[36mcommit transaction[0m
  â†³ bin/rails:9
  [1m[35m (0.1ms)[0m  [1m[34mSELECT "schema_migrations"."version" FROM "schema_migrations" ORDER BY "schema_migrations"."version" ASC[0m
  â†³ bin/rails:9
Started GET "/" for 27.82.17.29 at 2021-03-12 04:59:06 +0000
Cannot render console from 27.82.17.29! Allowed networks: 127.0.0.1, ::1, 127.0.0.0/127.255.255.255
  [1m[35m (0.1ms)[0m  [1m[34mSELECT "schema_migrations"."version" FROM "schema_migrations" ORDER BY "schema_migrations"."version" ASC[0m
  â†³ /home/ec2-user/.rvm/gems/ruby-2.6.3/gems/activerecord-5.2.4.5/lib/active_record/log_subscriber.rb:98
Processing by UsersController#top as HTML
  Rendering users/top.html.erb within layouts/application
  Rendered users/top.html.erb within layouts/application (2.9ms)
Completed 200 OK in 763ms (Views: 753.7ms | ActiveRecord: 0.0ms)


Started GET "/" for 27.82.17.29 at 2021-03-12 04:59:09 +0000
Cannot render console from 27.82.17.29! Allowed networks: 127.0.0.1, ::1, 127.0.0.0/127.255.255.255
Processing by UsersController#top as HTML
  Rendering users/top.html.erb within layouts/application
  Rendered users/top.html.erb within layouts/application (0.3ms)
Completed 200 OK in 120ms (Views: 119.0ms | ActiveRecord: 0.0ms)


Started GET "/users/sign_in" for 27.82.17.29 at 2021-03-12 04:59:40 +0000
Cannot render console from 27.82.17.29! Allowed networks: 127.0.0.1, ::1, 127.0.0.0/127.255.255.255
Processing by Devise::SessionsController#new as HTML
  Rendering devise/sessions/new.html.erb within layouts/application
  Rendered devise/shared/_links.html.erb (0.9ms)
  Rendered devise/sessions/new.html.erb within layouts/application (58.0ms)
Completed 200 OK in 176ms (Views: 146.8ms | ActiveRecord: 0.7ms)


Started GET "/users/sign_up" for 27.82.17.29 at 2021-03-12 05:00:35 +0000
Cannot render console from 27.82.17.29! Allowed networks: 127.0.0.1, ::1, 127.0.0.0/127.255.255.255
Processing by Devise::RegistrationsController#new as HTML
  Rendering devise/registrations/new.html.erb within layouts/application
  Rendered devise/shared/_error_messages.html.erb (0.5ms)
  Rendered devise/shared/_links.html.erb (0.7ms)
  Rendered devise/registrations/new.html.erb within layouts/application (6.6ms)
Completed 200 OK in 87ms (Views: 85.9ms | ActiveRecord: 0.0ms)


Started GET "/" for 27.82.17.29 at 2021-03-12 05:06:52 +0000
Cannot render console from 27.82.17.29! Allowed networks: 127.0.0.1, ::1, 127.0.0.0/127.255.255.255
Processing by UsersController#top as HTML
  Rendering users/top.html.erb within layouts/application
  Rendered users/top.html.erb within layouts/application (0.7ms)
Completed 200 OK in 382ms (Views: 381.0ms | ActiveRecord: 0.0ms)


  [1m[35m (0.1ms)[0m  [1m[34mSELECT "schema_migrations"."version" FROM "schema_migrations" ORDER BY "schema_migrations"."version" ASC[0m
  â†³ bin/rails:9
  [1m[36mActiveRecord::InternalMetadata Load (0.2ms)[0m  [1m[34mSELECT  "ar_internal_metadata".* FROM "ar_internal_metadata" WHERE "ar_internal_metadata"."key" = ? LIMIT ?[0m  [["key", "environment"], ["LIMIT", 1]]
  â†³ bin/rails:9
  [1m[35m (0.1ms)[0m  [1m[36mbegin transaction[0m
  â†³ bin/rails:9
  [1m[35m (0.0ms)[0m  [1m[36mcommit transaction[0m
  â†³ bin/rails:9
  [1m[35m (0.1ms)[0m  [1m[34mSELECT "schema_migrations"."version" FROM "schema_migrations" ORDER BY "schema_migrations"."version" ASC[0m
  â†³ bin/rails:9
Started GET "/users/sign_up" for 27.82.17.29 at 2021-03-12 05:22:41 +0000
Cannot render console from 27.82.17.29! Allowed networks: 127.0.0.1, ::1, 127.0.0.0/127.255.255.255
  [1m[35m (0.2ms)[0m  [1m[34mSELECT "schema_migrations"."version" FROM "schema_migrations" ORDER BY "schema_migrations"."version" ASC[0m
  â†³ /home/ec2-user/.rvm/gems/ruby-2.6.3/gems/activerecord-5.2.4.5/lib/active_record/log_subscriber.rb:98
  
ActionController::RoutingError (undefined local variable or method `devise_parameter_sanitizer' for ApplicationController:Class):
  
app/controllers/application_controller.rb:3:in `<class:ApplicationController>'
app/controllers/application_controller.rb:1:in `<main>'
Started GET "/users/sign_up" for 27.82.17.29 at 2021-03-12 05:22:48 +0000
Cannot render console from 27.82.17.29! Allowed networks: 127.0.0.1, ::1, 127.0.0.0/127.255.255.255
  
ActionController::RoutingError (undefined local variable or method `devise_parameter_sanitizer' for ApplicationController:Class):
  
app/controllers/application_controller.rb:3:in `<class:ApplicationController>'
app/controllers/application_controller.rb:1:in `<main>'
Started GET "/users/sign_up" for 27.82.17.29 at 2021-03-12 05:27:39 +0000
Cannot render console from 27.82.17.29! Allowed networks: 127.0.0.1, ::1, 127.0.0.0/127.255.255.255
  [1m[35m (0.1ms)[0m  [1m[34mSELECT "schema_migrations"."version" FROM "schema_migrations" ORDER BY "schema_migrations"."version" ASC[0m
  â†³ /home/ec2-user/.rvm/gems/ruby-2.6.3/gems/activerecord-5.2.4.5/lib/active_record/log_subscriber.rb:98
Processing by Devise::RegistrationsController#new as HTML
  Rendering devise/registrations/new.html.erb within layouts/application
  Rendered devise/shared/_error_messages.html.erb (0.4ms)
  Rendered devise/registrations/new.html.erb within layouts/application (45.2ms)
Completed 500 Internal Server Error in 75ms (ActiveRecord: 0.7ms)


  
ActionView::Template::Error (undefined method `address_stree' for #<User:0x000000000568dd50>
Did you mean?  address_street
               address_street?
               address_street=):
    44: 
    45:   <div class="field">
    46:     <%= f.label :address_street %><br />
    47:     <%= f.text_field :address_stree, autocomplete: 'address_street', class: 'form-control' %>
    48:   </div>
    49: 
    50:   <div class="field">
  
app/views/devise/registrations/new.html.erb:47:in `block in _app_views_devise_registrations_new_html_erb__3197014419757142051_70024912110840'
app/views/devise/registrations/new.html.erb:3:in `_app_views_devise_registrations_new_html_erb__3197014419757142051_70024912110840'
Started GET "/users/sign_up" for 27.82.17.29 at 2021-03-12 05:27:44 +0000
Cannot render console from 27.82.17.29! Allowed networks: 127.0.0.1, ::1, 127.0.0.0/127.255.255.255
Processing by Devise::RegistrationsController#new as HTML
  Rendering devise/registrations/new.html.erb within layouts/application
  Rendered devise/shared/_error_messages.html.erb (0.5ms)
  Rendered devise/registrations/new.html.erb within layouts/application (33.7ms)
Completed 500 Internal Server Error in 41ms (ActiveRecord: 0.0ms)


  
ActionView::Template::Error (undefined method `address_stree' for #<User:0x00007f5fdc69a788>
Did you mean?  address_street
               address_street?
               address_street=):
    44: 
    45:   <div class="field">
    46:     <%= f.label :address_street %><br />
    47:     <%= f.text_field :address_stree, autocomplete: 'address_street', class: 'form-control' %>
    48:   </div>
    49: 
    50:   <div class="field">
  
app/views/devise/registrations/new.html.erb:47:in `block in _app_views_devise_registrations_new_html_erb__3197014419757142051_70024848261960'
app/views/devise/registrations/new.html.erb:3:in `_app_views_devise_registrations_new_html_erb__3197014419757142051_70024848261960'
Started GET "/users/sign_up" for 27.82.17.29 at 2021-03-12 05:32:57 +0000
Cannot render console from 27.82.17.29! Allowed networks: 127.0.0.1, ::1, 127.0.0.0/127.255.255.255
  [1m[35m (0.2ms)[0m  [1m[34mSELECT "schema_migrations"."version" FROM "schema_migrations" ORDER BY "schema_migrations"."version" ASC[0m
  â†³ /home/ec2-user/.rvm/gems/ruby-2.6.3/gems/activerecord-5.2.4.5/lib/active_record/log_subscriber.rb:98
Processing by Devise::RegistrationsController#new as HTML
  Rendering devise/registrations/new.html.erb within layouts/application
  Rendered devise/shared/_error_messages.html.erb (0.4ms)
  Rendered devise/registrations/new.html.erb within layouts/application (25.1ms)
Completed 500 Internal Server Error in 54ms (ActiveRecord: 0.7ms)


  
ActionView::Template::Error (undefined method `address_stree' for #<User:0x0000000004ab9128>
Did you mean?  address_street
               address_street?
               address_street=):
    44: 
    45:         <div class="field">
    46:           <%= f.label :address_street %><br />
    47:           <%= f.text_field :address_stree, autocomplete: 'address_street', class: 'form-control' %>
    48:         </div>
    49: 
    50:         <div class="field">
  
app/views/devise/registrations/new.html.erb:47:in `block in _app_views_devise_registrations_new_html_erb___3487766058176860723_69836503990060'
app/views/devise/registrations/new.html.erb:3:in `_app_views_devise_registrations_new_html_erb___3487766058176860723_69836503990060'
Started GET "/users/sign_up" for 27.82.17.29 at 2021-03-12 05:32:58 +0000
Cannot render console from 27.82.17.29! Allowed networks: 127.0.0.1, ::1, 127.0.0.0/127.255.255.255
Processing by Devise::RegistrationsController#new as HTML
  Rendering devise/registrations/new.html.erb within layouts/application
  Rendered devise/shared/_error_messages.html.erb (0.4ms)
  Rendered devise/registrations/new.html.erb within layouts/application (19.2ms)
Completed 500 Internal Server Error in 25ms (ActiveRecord: 0.0ms)


  
ActionView::Template::Error (undefined method `address_stree' for #<User:0x00007f0820695918>
Did you mean?  address_street
               address_street?
               address_street=):
    44: 
    45:         <div class="field">
    46:           <%= f.label :address_street %><br />
    47:           <%= f.text_field :address_stree, autocomplete: 'address_street', class: 'form-control' %>
    48:         </div>
    49: 
    50:         <div class="field">
  
app/views/devise/registrations/new.html.erb:47:in `block in _app_views_devise_registrations_new_html_erb___3487766058176860723_69836440148940'
app/views/devise/registrations/new.html.erb:3:in `_app_views_devise_registrations_new_html_erb___3487766058176860723_69836440148940'
Started GET "/users/sign_up" for 27.82.17.29 at 2021-03-12 05:35:14 +0000
Cannot render console from 27.82.17.29! Allowed networks: 127.0.0.1, ::1, 127.0.0.0/127.255.255.255
Processing by Devise::RegistrationsController#new as HTML
  Rendering devise/registrations/new.html.erb within layouts/application
  Rendered devise/shared/_error_messages.html.erb (0.4ms)
  Rendered devise/shared/_links.html.erb (0.8ms)
  Rendered devise/registrations/new.html.erb within layouts/application (9.3ms)
Completed 200 OK in 1124ms (Views: 1106.0ms | ActiveRecord: 0.6ms)


  [1m[35m (0.1ms)[0m  [1m[34mSELECT "schema_migrations"."version" FROM "schema_migrations" ORDER BY "schema_migrations"."version" ASC[0m
  â†³ bin/rails:9
  [1m[36mActiveRecord::InternalMetadata Load (0.1ms)[0m  [1m[34mSELECT  "ar_internal_metadata".* FROM "ar_internal_metadata" WHERE "ar_internal_metadata"."key" = ? LIMIT ?[0m  [["key", "environment"], ["LIMIT", 1]]
  â†³ bin/rails:9
  [1m[35m (0.1ms)[0m  [1m[36mbegin transaction[0m
  â†³ bin/rails:9
  [1m[35m (0.0ms)[0m  [1m[36mcommit transaction[0m
  â†³ bin/rails:9
  [1m[35m (0.1ms)[0m  [1m[34mSELECT "schema_migrations"."version" FROM "schema_migrations" ORDER BY "schema_migrations"."version" ASC[0m
  â†³ bin/rails:9
Started GET "/" for 182.158.75.109 at 2021-03-12 09:51:51 +0000
Cannot render console from 182.158.75.109! Allowed networks: 127.0.0.1, ::1, 127.0.0.0/127.255.255.255
  [1m[35m (0.1ms)[0m  [1m[34mSELECT "schema_migrations"."version" FROM "schema_migrations" ORDER BY "schema_migrations"."version" ASC[0m
  â†³ /home/ec2-user/.rvm/gems/ruby-2.6.3/gems/activerecord-5.2.4.5/lib/active_record/log_subscriber.rb:98
Processing by ProductsController#top as HTML
  Rendering products/top.html.erb within layouts/application
  Rendered products/top.html.erb within layouts/application (1.4ms)
Completed 200 OK in 1288ms (Views: 1281.7ms | ActiveRecord: 0.0ms)


Started GET "/" for 182.158.75.109 at 2021-03-12 09:51:55 +0000
Cannot render console from 182.158.75.109! Allowed networks: 127.0.0.1, ::1, 127.0.0.0/127.255.255.255
Processing by ProductsController#top as HTML
  Rendering products/top.html.erb within layouts/application
  Rendered products/top.html.erb within layouts/application (0.5ms)
Completed 200 OK in 320ms (Views: 319.1ms | ActiveRecord: 0.0ms)


Started GET "/about" for 182.158.75.109 at 2021-03-12 09:53:01 +0000
Cannot render console from 182.158.75.109! Allowed networks: 127.0.0.1, ::1, 127.0.0.0/127.255.255.255
Processing by ProductsController#about as HTML
  Rendering products/about.html.erb within layouts/application
  Rendered products/about.html.erb within layouts/application (0.4ms)
Completed 200 OK in 89ms (Views: 87.8ms | ActiveRecord: 0.0ms)


Started GET "/products" for 182.158.75.109 at 2021-03-12 09:53:16 +0000
Cannot render console from 182.158.75.109! Allowed networks: 127.0.0.1, ::1, 127.0.0.0/127.255.255.255
Processing by ProductsController#index as HTML
  Rendering products/index.html.erb within layouts/application
  Rendered products/index.html.erb within layouts/application (0.4ms)
Completed 200 OK in 84ms (Views: 82.9ms | ActiveRecord: 0.0ms)


Started GET "/" for 182.158.75.109 at 2021-03-12 09:56:08 +0000
Cannot render console from 182.158.75.109! Allowed networks: 127.0.0.1, ::1, 127.0.0.0/127.255.255.255
Processing by ProductsController#top as HTML
  Rendering products/top.html.erb within layouts/application
  Rendered products/top.html.erb within layouts/application (0.4ms)
Completed 200 OK in 2695ms (Views: 2694.2ms | ActiveRecord: 0.0ms)


Started GET "/" for 182.158.75.109 at 2021-03-12 09:56:12 +0000
Cannot render console from 182.158.75.109! Allowed networks: 127.0.0.1, ::1, 127.0.0.0/127.255.255.255
Processing by ProductsController#top as HTML
  Rendering products/top.html.erb within layouts/application
  Rendered products/top.html.erb within layouts/application (1.1ms)
Completed 200 OK in 101ms (Views: 100.8ms | ActiveRecord: 0.0ms)


Started GET "/products" for 182.158.75.109 at 2021-03-12 09:56:25 +0000
Cannot render console from 182.158.75.109! Allowed networks: 127.0.0.1, ::1, 127.0.0.0/127.255.255.255
Processing by ProductsController#index as HTML
  Rendering products/index.html.erb within layouts/application
  Rendered products/index.html.erb within layouts/application (0.4ms)
Completed 200 OK in 2011ms (Views: 2009.9ms | ActiveRecord: 0.0ms)


Started GET "/products" for 182.158.75.109 at 2021-03-12 09:57:29 +0000
Cannot render console from 182.158.75.109! Allowed networks: 127.0.0.1, ::1, 127.0.0.0/127.255.255.255
Processing by ProductsController#index as HTML
  Rendering products/index.html.erb within layouts/application
  Rendered products/index.html.erb within layouts/application (0.4ms)
Completed 200 OK in 2041ms (Views: 2039.8ms | ActiveRecord: 0.0ms)


Started GET "/products" for 182.158.75.109 at 2021-03-12 09:57:45 +0000
Cannot render console from 182.158.75.109! Allowed networks: 127.0.0.1, ::1, 127.0.0.0/127.255.255.255
Processing by ProductsController#index as HTML
  Rendering products/index.html.erb within layouts/application
  Rendered products/index.html.erb within layouts/application (0.6ms)
Completed 200 OK in 103ms (Views: 101.4ms | ActiveRecord: 0.0ms)


Started GET "/products" for 182.158.75.109 at 2021-03-12 09:58:55 +0000
Cannot render console from 182.158.75.109! Allowed networks: 127.0.0.1, ::1, 127.0.0.0/127.255.255.255
Processing by ProductsController#index as HTML
  Rendering products/index.html.erb within layouts/application
  Rendered products/index.html.erb within layouts/application (0.8ms)
Completed 200 OK in 1958ms (Views: 1956.9ms | ActiveRecord: 0.0ms)


Started GET "/products" for 182.158.75.109 at 2021-03-12 10:00:45 +0000
Cannot render console from 182.158.75.109! Allowed networks: 127.0.0.1, ::1, 127.0.0.0/127.255.255.255
Processing by ProductsController#index as HTML
  Rendering products/index.html.erb within layouts/application
  Rendered products/index.html.erb within layouts/application (0.4ms)
Completed 200 OK in 2320ms (Views: 2319.7ms | ActiveRecord: 0.0ms)


Started GET "/products" for 182.158.75.109 at 2021-03-12 10:02:12 +0000
Cannot render console from 182.158.75.109! Allowed networks: 127.0.0.1, ::1, 127.0.0.0/127.255.255.255
Processing by ProductsController#index as HTML
  Rendering products/index.html.erb within layouts/application
  Rendered products/index.html.erb within layouts/application (0.4ms)
Completed 200 OK in 97ms (Views: 95.9ms | ActiveRecord: 0.0ms)


Started GET "/products" for 182.158.75.109 at 2021-03-12 10:02:30 +0000
Cannot render console from 182.158.75.109! Allowed networks: 127.0.0.1, ::1, 127.0.0.0/127.255.255.255
Processing by ProductsController#index as HTML
  Rendering products/index.html.erb within layouts/application
  Rendered products/index.html.erb within layouts/application (0.4ms)
Completed 200 OK in 2076ms (Views: 2074.9ms | ActiveRecord: 0.0ms)


Started GET "/products" for 182.158.75.109 at 2021-03-12 10:03:17 +0000
Cannot render console from 182.158.75.109! Allowed networks: 127.0.0.1, ::1, 127.0.0.0/127.255.255.255
Processing by ProductsController#index as HTML
  Rendering products/index.html.erb within layouts/application
  Rendered products/index.html.erb within layouts/application (0.4ms)
Completed 200 OK in 2120ms (Views: 2115.3ms | ActiveRecord: 0.0ms)


Started GET "/products" for 182.158.75.109 at 2021-03-12 10:03:41 +0000
Cannot render console from 182.158.75.109! Allowed networks: 127.0.0.1, ::1, 127.0.0.0/127.255.255.255
Processing by ProductsController#index as HTML
  Rendering products/index.html.erb within layouts/application
  Rendered products/index.html.erb within layouts/application (0.4ms)
Completed 200 OK in 2421ms (Views: 2419.8ms | ActiveRecord: 0.0ms)


Started GET "/products" for 182.158.75.109 at 2021-03-12 10:07:11 +0000
Cannot render console from 182.158.75.109! Allowed networks: 127.0.0.1, ::1, 127.0.0.0/127.255.255.255
Processing by ProductsController#index as HTML
  Rendering products/index.html.erb within layouts/application
  Rendered products/index.html.erb within layouts/application (3.6ms)
Completed 200 OK in 137ms (Views: 133.9ms | ActiveRecord: 0.0ms)


Started GET "/products" for 182.158.75.109 at 2021-03-12 10:07:24 +0000
Cannot render console from 182.158.75.109! Allowed networks: 127.0.0.1, ::1, 127.0.0.0/127.255.255.255
Processing by ProductsController#index as HTML
  Rendering products/index.html.erb within layouts/application
  Rendered products/index.html.erb within layouts/application (0.5ms)
Completed 200 OK in 2712ms (Views: 2711.3ms | ActiveRecord: 0.0ms)


Started GET "/products" for 182.158.75.109 at 2021-03-12 10:14:47 +0000
Cannot render console from 182.158.75.109! Allowed networks: 127.0.0.1, ::1, 127.0.0.0/127.255.255.255
Processing by ProductsController#index as HTML
  Rendering products/index.html.erb within layouts/application
  Rendered products/index.html.erb within layouts/application (0.4ms)
Completed 200 OK in 78ms (Views: 77.4ms | ActiveRecord: 0.0ms)


Started GET "/..." for 182.158.75.109 at 2021-03-12 10:14:47 +0000
Cannot render console from 182.158.75.109! Allowed networks: 127.0.0.1, ::1, 127.0.0.0/127.255.255.255
  
ActionController::RoutingError (No route matches [GET] "/..."):
  
actionpack (5.2.4.5) lib/action_dispatch/middleware/debug_exceptions.rb:65:in `call'
web-console (3.7.0) lib/web_console/middleware.rb:135:in `call_app'
web-console (3.7.0) lib/web_console/middleware.rb:22:in `block in call'
web-console (3.7.0) lib/web_console/middleware.rb:20:in `catch'
web-console (3.7.0) lib/web_console/middleware.rb:20:in `call'
actionpack (5.2.4.5) lib/action_dispatch/middleware/show_exceptions.rb:33:in `call'
railties (5.2.4.5) lib/rails/rack/logger.rb:38:in `call_app'
railties (5.2.4.5) lib/rails/rack/logger.rb:26:in `block in call'
activesupport (5.2.4.5) lib/active_support/tagged_logging.rb:71:in `block in tagged'
activesupport (5.2.4.5) lib/active_support/tagged_logging.rb:28:in `tagged'
activesupport (5.2.4.5) lib/active_support/tagged_logging.rb:71:in `tagged'
railties (5.2.4.5) lib/rails/rack/logger.rb:26:in `call'
sprockets-rails (3.2.2) lib/sprockets/rails/quiet_assets.rb:13:in `call'
actionpack (5.2.4.5) lib/action_dispatch/middleware/remote_ip.rb:81:in `call'
actionpack (5.2.4.5) lib/action_dispatch/middleware/request_id.rb:27:in `call'
rack (2.2.3) lib/rack/method_override.rb:24:in `call'
rack (2.2.3) lib/rack/runtime.rb:22:in `call'
activesupport (5.2.4.5) lib/active_support/cache/strategy/local_cache_middleware.rb:29:in `call'
actionpack (5.2.4.5) lib/action_dispatch/middleware/executor.rb:14:in `call'
actionpack (5.2.4.5) lib/action_dispatch/middleware/static.rb:127:in `call'
rack (2.2.3) lib/rack/sendfile.rb:110:in `call'
railties (5.2.4.5) lib/rails/engine.rb:524:in `call'
puma (3.12.6) lib/puma/configuration.rb:227:in `call'
puma (3.12.6) lib/puma/server.rb:706:in `handle_request'
puma (3.12.6) lib/puma/server.rb:476:in `process_client'
puma (3.12.6) lib/puma/server.rb:334:in `block in run'
puma (3.12.6) lib/puma/thread_pool.rb:135:in `block in spawn_thread'
Started GET "/products" for 182.158.75.109 at 2021-03-12 10:18:13 +0000
Cannot render console from 182.158.75.109! Allowed networks: 127.0.0.1, ::1, 127.0.0.0/127.255.255.255
Processing by ProductsController#index as HTML
  Rendering products/index.html.erb within layouts/application
  Rendered products/index.html.erb within layouts/application (382.1ms)
Completed 500 Internal Server Error in 388ms (ActiveRecord: 0.0ms)


  
ActionView::Template::Error (undefined local variable or method `products' for #<#<Class:0x0000000004f5fba0>:0x00007fa7e0fa4350>
Did you mean?  products_url):
     7: 			  (å…¨<%#= @products.total_count %>ä»¶ä¸­ã€€<%#= @products.count %>ä»¶)
     8: 		  </span>
     9: 		</h2>
    10: 				<% products.each do |product| %>
    11: 				<%# end %>
    12: 			<div class="row row-cols-1 row-cols-md-2 g-4">	
    13: 				<div class="col">	
  
app/views/products/index.html.erb:10:in `_app_views_products_index_html_erb__1152891133916598215_70179505382840'
Started GET "/products" for 182.158.75.109 at 2021-03-12 10:18:53 +0000
Cannot render console from 182.158.75.109! Allowed networks: 127.0.0.1, ::1, 127.0.0.0/127.255.255.255
Processing by ProductsController#index as HTML
  Rendering products/index.html.erb within layouts/application
  Rendered products/index.html.erb within layouts/application (0.4ms)
Completed 200 OK in 85ms (Views: 84.0ms | ActiveRecord: 0.0ms)


Started GET "/..." for 182.158.75.109 at 2021-03-12 10:18:53 +0000
Cannot render console from 182.158.75.109! Allowed networks: 127.0.0.1, ::1, 127.0.0.0/127.255.255.255
  
ActionController::RoutingError (No route matches [GET] "/..."):
  
actionpack (5.2.4.5) lib/action_dispatch/middleware/debug_exceptions.rb:65:in `call'
web-console (3.7.0) lib/web_console/middleware.rb:135:in `call_app'
web-console (3.7.0) lib/web_console/middleware.rb:22:in `block in call'
web-console (3.7.0) lib/web_console/middleware.rb:20:in `catch'
web-console (3.7.0) lib/web_console/middleware.rb:20:in `call'
actionpack (5.2.4.5) lib/action_dispatch/middleware/show_exceptions.rb:33:in `call'
railties (5.2.4.5) lib/rails/rack/logger.rb:38:in `call_app'
railties (5.2.4.5) lib/rails/rack/logger.rb:26:in `block in call'
activesupport (5.2.4.5) lib/active_support/tagged_logging.rb:71:in `block in tagged'
activesupport (5.2.4.5) lib/active_support/tagged_logging.rb:28:in `tagged'
activesupport (5.2.4.5) lib/active_support/tagged_logging.rb:71:in `tagged'
railties (5.2.4.5) lib/rails/rack/logger.rb:26:in `call'
sprockets-rails (3.2.2) lib/sprockets/rails/quiet_assets.rb:13:in `call'
actionpack (5.2.4.5) lib/action_dispatch/middleware/remote_ip.rb:81:in `call'
actionpack (5.2.4.5) lib/action_dispatch/middleware/request_id.rb:27:in `call'
rack (2.2.3) lib/rack/method_override.rb:24:in `call'
rack (2.2.3) lib/rack/runtime.rb:22:in `call'
activesupport (5.2.4.5) lib/active_support/cache/strategy/local_cache_middleware.rb:29:in `call'
actionpack (5.2.4.5) lib/action_dispatch/middleware/executor.rb:14:in `call'
actionpack (5.2.4.5) lib/action_dispatch/middleware/static.rb:127:in `call'
rack (2.2.3) lib/rack/sendfile.rb:110:in `call'
railties (5.2.4.5) lib/rails/engine.rb:524:in `call'
puma (3.12.6) lib/puma/configuration.rb:227:in `call'
puma (3.12.6) lib/puma/server.rb:706:in `handle_request'
puma (3.12.6) lib/puma/server.rb:476:in `process_client'
puma (3.12.6) lib/puma/server.rb:334:in `block in run'
puma (3.12.6) lib/puma/thread_pool.rb:135:in `block in spawn_thread'
Started GET "/products" for 182.158.75.109 at 2021-03-12 10:19:31 +0000
Cannot render console from 182.158.75.109! Allowed networks: 127.0.0.1, ::1, 127.0.0.0/127.255.255.255
Processing by ProductsController#index as HTML
  Rendering products/index.html.erb within layouts/application
  Rendered products/index.html.erb within layouts/application (0.5ms)
Completed 200 OK in 115ms (Views: 114.3ms | ActiveRecord: 0.0ms)


Started GET "/products" for 182.158.75.109 at 2021-03-12 10:20:45 +0000
Cannot render console from 182.158.75.109! Allowed networks: 127.0.0.1, ::1, 127.0.0.0/127.255.255.255
Processing by ProductsController#index as HTML
  Rendering products/index.html.erb within layouts/application
  Rendered products/index.html.erb within layouts/application (0.5ms)
Completed 200 OK in 89ms (Views: 88.4ms | ActiveRecord: 0.0ms)


Started GET "/products" for 182.158.75.109 at 2021-03-12 10:21:00 +0000
Cannot render console from 182.158.75.109! Allowed networks: 127.0.0.1, ::1, 127.0.0.0/127.255.255.255
Processing by ProductsController#index as HTML
  Rendering products/index.html.erb within layouts/application
  Rendered products/index.html.erb within layouts/application (0.4ms)
Completed 200 OK in 94ms (Views: 93.2ms | ActiveRecord: 0.0ms)


Started GET "/show" for 182.158.75.109 at 2021-03-12 10:24:26 +0000
Cannot render console from 182.158.75.109! Allowed networks: 127.0.0.1, ::1, 127.0.0.0/127.255.255.255
  
ActionController::RoutingError (No route matches [GET] "/show"):
  
actionpack (5.2.4.5) lib/action_dispatch/middleware/debug_exceptions.rb:65:in `call'
web-console (3.7.0) lib/web_console/middleware.rb:135:in `call_app'
web-console (3.7.0) lib/web_console/middleware.rb:22:in `block in call'
web-console (3.7.0) lib/web_console/middleware.rb:20:in `catch'
web-console (3.7.0) lib/web_console/middleware.rb:20:in `call'
actionpack (5.2.4.5) lib/action_dispatch/middleware/show_exceptions.rb:33:in `call'
railties (5.2.4.5) lib/rails/rack/logger.rb:38:in `call_app'
railties (5.2.4.5) lib/rails/rack/logger.rb:26:in `block in call'
activesupport (5.2.4.5) lib/active_support/tagged_logging.rb:71:in `block in tagged'
activesupport (5.2.4.5) lib/active_support/tagged_logging.rb:28:in `tagged'
activesupport (5.2.4.5) lib/active_support/tagged_logging.rb:71:in `tagged'
railties (5.2.4.5) lib/rails/rack/logger.rb:26:in `call'
sprockets-rails (3.2.2) lib/sprockets/rails/quiet_assets.rb:13:in `call'
actionpack (5.2.4.5) lib/action_dispatch/middleware/remote_ip.rb:81:in `call'
actionpack (5.2.4.5) lib/action_dispatch/middleware/request_id.rb:27:in `call'
rack (2.2.3) lib/rack/method_override.rb:24:in `call'
rack (2.2.3) lib/rack/runtime.rb:22:in `call'
activesupport (5.2.4.5) lib/active_support/cache/strategy/local_cache_middleware.rb:29:in `call'
actionpack (5.2.4.5) lib/action_dispatch/middleware/executor.rb:14:in `call'
actionpack (5.2.4.5) lib/action_dispatch/middleware/static.rb:127:in `call'
rack (2.2.3) lib/rack/sendfile.rb:110:in `call'
railties (5.2.4.5) lib/rails/engine.rb:524:in `call'
puma (3.12.6) lib/puma/configuration.rb:227:in `call'
puma (3.12.6) lib/puma/server.rb:706:in `handle_request'
puma (3.12.6) lib/puma/server.rb:476:in `process_client'
puma (3.12.6) lib/puma/server.rb:334:in `block in run'
puma (3.12.6) lib/puma/thread_pool.rb:135:in `block in spawn_thread'
Started GET "/products/1" for 182.158.75.109 at 2021-03-12 10:25:36 +0000
Cannot render console from 182.158.75.109! Allowed networks: 127.0.0.1, ::1, 127.0.0.0/127.255.255.255
Processing by ProductsController#show as HTML
  Parameters: {"id"=>"1"}
  Rendering products/show.html.erb within layouts/application
  Rendered products/show.html.erb within layouts/application (4.4ms)
Completed 500 Internal Server Error in 8ms (ActiveRecord: 0.0ms)


  
ActionView::Template::Error (The asset "no_image.jpg" is not present in the asset pipeline.
):
    1: <div class="row">
    2:     <div class="col-xs-4 col-xs-offset-2 product-show">
    3:       <%= attachment_image_tag(@product, :image, size: "340x220", fallback: "no_image.jpg" ) %>
    4:     </div>
    5: 
    6:     <div class="col-xs-6 product-show">
  
app/views/products/show.html.erb:3:in `_app_views_products_show_html_erb__778756375426540747_70179506236120'
Started GET "/products/show" for 182.158.75.109 at 2021-03-12 10:25:43 +0000
Cannot render console from 182.158.75.109! Allowed networks: 127.0.0.1, ::1, 127.0.0.0/127.255.255.255
Processing by ProductsController#show as HTML
  Parameters: {"id"=>"show"}
  Rendering products/show.html.erb within layouts/application
  Rendered products/show.html.erb within layouts/application (3.0ms)
Completed 500 Internal Server Error in 8ms (ActiveRecord: 0.0ms)


  
ActionView::Template::Error (The asset "no_image.jpg" is not present in the asset pipeline.
):
    1: <div class="row">
    2:     <div class="col-xs-4 col-xs-offset-2 product-show">
    3:       <%= attachment_image_tag(@product, :image, size: "340x220", fallback: "no_image.jpg" ) %>
    4:     </div>
    5: 
    6:     <div class="col-xs-6 product-show">
  
app/views/products/show.html.erb:3:in `_app_views_products_show_html_erb__778756375426540747_70179435587980'
Started GET "/products/show" for 182.158.75.109 at 2021-03-12 10:26:21 +0000
Cannot render console from 182.158.75.109! Allowed networks: 127.0.0.1, ::1, 127.0.0.0/127.255.255.255
Processing by ProductsController#show as HTML
  Parameters: {"id"=>"show"}
  Rendering products/show.html.erb within layouts/application
  Rendered products/show.html.erb within layouts/application (0.5ms)
Completed 200 OK in 83ms (Views: 82.5ms | ActiveRecord: 0.0ms)


Started GET "/products/show" for 182.158.75.109 at 2021-03-12 10:28:52 +0000
Cannot render console from 182.158.75.109! Allowed networks: 127.0.0.1, ::1, 127.0.0.0/127.255.255.255
Processing by ProductsController#show as HTML
  Parameters: {"id"=>"show"}
  Rendering products/show.html.erb within layouts/application
  Rendered products/show.html.erb within layouts/application (0.7ms)
Completed 200 OK in 107ms (Views: 106.5ms | ActiveRecord: 0.0ms)


Started GET "/products/show" for 182.158.75.109 at 2021-03-12 10:29:55 +0000
Cannot render console from 182.158.75.109! Allowed networks: 127.0.0.1, ::1, 127.0.0.0/127.255.255.255
Processing by ProductsController#show as HTML
  Parameters: {"id"=>"show"}
  Rendering products/show.html.erb within layouts/application
  Rendered products/show.html.erb within layouts/application (1.0ms)
Completed 200 OK in 86ms (Views: 84.5ms | ActiveRecord: 0.0ms)


  [1m[35m (0.1ms)[0m  [1m[34mSELECT "schema_migrations"."version" FROM "schema_migrations" ORDER BY "schema_migrations"."version" ASC[0m
  â†³ bin/rails:9
  [1m[36mActiveRecord::InternalMetadata Load (0.1ms)[0m  [1m[34mSELECT  "ar_internal_metadata".* FROM "ar_internal_metadata" WHERE "ar_internal_metadata"."key" = ? LIMIT ?[0m  [["key", "environment"], ["LIMIT", 1]]
  â†³ bin/rails:9
  [1m[35m (0.0ms)[0m  [1m[36mbegin transaction[0m
  â†³ bin/rails:9
  [1m[35m (0.0ms)[0m  [1m[36mcommit transaction[0m
  â†³ bin/rails:9
  [1m[35m (0.1ms)[0m  [1m[34mSELECT "schema_migrations"."version" FROM "schema_migrations" ORDER BY "schema_migrations"."version" ASC[0m
  â†³ bin/rails:9
Started GET "/cart" for 182.158.75.109 at 2021-03-12 11:37:33 +0000
Cannot render console from 182.158.75.109! Allowed networks: 127.0.0.1, ::1, 127.0.0.0/127.255.255.255
  [1m[35m (0.1ms)[0m  [1m[34mSELECT "schema_migrations"."version" FROM "schema_migrations" ORDER BY "schema_migrations"."version" ASC[0m
  â†³ /home/ec2-user/.rvm/gems/ruby-2.6.3/gems/activerecord-5.2.4.5/lib/active_record/log_subscriber.rb:98
  
ActionController::RoutingError (No route matches [GET] "/cart"):
  
actionpack (5.2.4.5) lib/action_dispatch/middleware/debug_exceptions.rb:65:in `call'
web-console (3.7.0) lib/web_console/middleware.rb:135:in `call_app'
web-console (3.7.0) lib/web_console/middleware.rb:22:in `block in call'
web-console (3.7.0) lib/web_console/middleware.rb:20:in `catch'
web-console (3.7.0) lib/web_console/middleware.rb:20:in `call'
actionpack (5.2.4.5) lib/action_dispatch/middleware/show_exceptions.rb:33:in `call'
railties (5.2.4.5) lib/rails/rack/logger.rb:38:in `call_app'
railties (5.2.4.5) lib/rails/rack/logger.rb:26:in `block in call'
activesupport (5.2.4.5) lib/active_support/tagged_logging.rb:71:in `block in tagged'
activesupport (5.2.4.5) lib/active_support/tagged_logging.rb:28:in `tagged'
activesupport (5.2.4.5) lib/active_support/tagged_logging.rb:71:in `tagged'
railties (5.2.4.5) lib/rails/rack/logger.rb:26:in `call'
sprockets-rails (3.2.2) lib/sprockets/rails/quiet_assets.rb:13:in `call'
actionpack (5.2.4.5) lib/action_dispatch/middleware/remote_ip.rb:81:in `call'
actionpack (5.2.4.5) lib/action_dispatch/middleware/request_id.rb:27:in `call'
rack (2.2.3) lib/rack/method_override.rb:24:in `call'
rack (2.2.3) lib/rack/runtime.rb:22:in `call'
activesupport (5.2.4.5) lib/active_support/cache/strategy/local_cache_middleware.rb:29:in `call'
actionpack (5.2.4.5) lib/action_dispatch/middleware/executor.rb:14:in `call'
actionpack (5.2.4.5) lib/action_dispatch/middleware/static.rb:127:in `call'
rack (2.2.3) lib/rack/sendfile.rb:110:in `call'
railties (5.2.4.5) lib/rails/engine.rb:524:in `call'
puma (3.12.6) lib/puma/configuration.rb:227:in `call'
puma (3.12.6) lib/puma/server.rb:706:in `handle_request'
puma (3.12.6) lib/puma/server.rb:476:in `process_client'
puma (3.12.6) lib/puma/server.rb:334:in `block in run'
puma (3.12.6) lib/puma/thread_pool.rb:135:in `block in spawn_thread'
Started GET "/carts" for 182.158.75.109 at 2021-03-12 11:39:40 +0000
Cannot render console from 182.158.75.109! Allowed networks: 127.0.0.1, ::1, 127.0.0.0/127.255.255.255
Processing by CartsController#index as HTML
Completed 406 Not Acceptable in 21ms (ActiveRecord: 0.0ms)


  
ActionController::UnknownFormat (CartsController#index is missing a template for this request format and variant.

request.formats: ["text/html"]
request.variant: []

NOTE! For XHR/Ajax or API requests, this action would normally respond with 204 No Content: an empty white screen. Since you're loading it in a web browser, we assume that you expected to actually render a template, not nothing, so we're showing an error to be extra-clear. If you expect 204 No Content, carry on. That's what you'll get from an XHR or API request. Give it a shot.):
  
actionpack (5.2.4.5) lib/action_controller/metal/implicit_render.rb:55:in `default_render'
actionpack (5.2.4.5) lib/action_controller/metal/basic_implicit_render.rb:6:in `block in send_action'
actionpack (5.2.4.5) lib/action_controller/metal/basic_implicit_render.rb:6:in `tap'
actionpack (5.2.4.5) lib/action_controller/metal/basic_implicit_render.rb:6:in `send_action'
actionpack (5.2.4.5) lib/abstract_controller/base.rb:194:in `process_action'
actionpack (5.2.4.5) lib/action_controller/metal/rendering.rb:30:in `process_action'
actionpack (5.2.4.5) lib/abstract_controller/callbacks.rb:42:in `block in process_action'
activesupport (5.2.4.5) lib/active_support/callbacks.rb:132:in `run_callbacks'
actionpack (5.2.4.5) lib/abstract_controller/callbacks.rb:41:in `process_action'
actionpack (5.2.4.5) lib/action_controller/metal/rescue.rb:22:in `process_action'
actionpack (5.2.4.5) lib/action_controller/metal/instrumentation.rb:34:in `block in process_action'
activesupport (5.2.4.5) lib/active_support/notifications.rb:168:in `block in instrument'
activesupport (5.2.4.5) lib/active_support/notifications/instrumenter.rb:23:in `instrument'
activesupport (5.2.4.5) lib/active_support/notifications.rb:168:in `instrument'
actionpack (5.2.4.5) lib/action_controller/metal/instrumentation.rb:32:in `process_action'
actionpack (5.2.4.5) lib/action_controller/metal/params_wrapper.rb:256:in `process_action'
activerecord (5.2.4.5) lib/active_record/railties/controller_runtime.rb:24:in `process_action'
actionpack (5.2.4.5) lib/abstract_controller/base.rb:134:in `process'
actionview (5.2.4.5) lib/action_view/rendering.rb:32:in `process'
actionpack (5.2.4.5) lib/action_controller/metal.rb:191:in `dispatch'
actionpack (5.2.4.5) lib/action_controller/metal.rb:252:in `dispatch'
actionpack (5.2.4.5) lib/action_dispatch/routing/route_set.rb:52:in `dispatch'
actionpack (5.2.4.5) lib/action_dispatch/routing/route_set.rb:34:in `serve'
actionpack (5.2.4.5) lib/action_dispatch/journey/router.rb:52:in `block in serve'
actionpack (5.2.4.5) lib/action_dispatch/journey/router.rb:35:in `each'
actionpack (5.2.4.5) lib/action_dispatch/journey/router.rb:35:in `serve'
actionpack (5.2.4.5) lib/action_dispatch/routing/route_set.rb:840:in `call'
warden (1.2.9) lib/warden/manager.rb:36:in `block in call'
warden (1.2.9) lib/warden/manager.rb:34:in `catch'
warden (1.2.9) lib/warden/manager.rb:34:in `call'
rack (2.2.3) lib/rack/tempfile_reaper.rb:15:in `call'
rack (2.2.3) lib/rack/etag.rb:27:in `call'
rack (2.2.3) lib/rack/conditional_get.rb:27:in `call'
rack (2.2.3) lib/rack/head.rb:12:in `call'
actionpack (5.2.4.5) lib/action_dispatch/http/content_security_policy.rb:18:in `call'
rack (2.2.3) lib/rack/session/abstract/id.rb:266:in `context'
rack (2.2.3) lib/rack/session/abstract/id.rb:260:in `call'
actionpack (5.2.4.5) lib/action_dispatch/middleware/cookies.rb:670:in `call'
activerecord (5.2.4.5) lib/active_record/migration.rb:559:in `call'
actionpack (5.2.4.5) lib/action_dispatch/middleware/callbacks.rb:28:in `block in call'
activesupport (5.2.4.5) lib/active_support/callbacks.rb:98:in `run_callbacks'
actionpack (5.2.4.5) lib/action_dispatch/middleware/callbacks.rb:26:in `call'
actionpack (5.2.4.5) lib/action_dispatch/middleware/executor.rb:14:in `call'
actionpack (5.2.4.5) lib/action_dispatch/middleware/debug_exceptions.rb:61:in `call'
web-console (3.7.0) lib/web_console/middleware.rb:135:in `call_app'
web-console (3.7.0) lib/web_console/middleware.rb:22:in `block in call'
web-console (3.7.0) lib/web_console/middleware.rb:20:in `catch'
web-console (3.7.0) lib/web_console/middleware.rb:20:in `call'
actionpack (5.2.4.5) lib/action_dispatch/middleware/show_exceptions.rb:33:in `call'
railties (5.2.4.5) lib/rails/rack/logger.rb:38:in `call_app'
railties (5.2.4.5) lib/rails/rack/logger.rb:26:in `block in call'
activesupport (5.2.4.5) lib/active_support/tagged_logging.rb:71:in `block in tagged'
activesupport (5.2.4.5) lib/active_support/tagged_logging.rb:28:in `tagged'
activesupport (5.2.4.5) lib/active_support/tagged_logging.rb:71:in `tagged'
railties (5.2.4.5) lib/rails/rack/logger.rb:26:in `call'
sprockets-rails (3.2.2) lib/sprockets/rails/quiet_assets.rb:13:in `call'
actionpack (5.2.4.5) lib/action_dispatch/middleware/remote_ip.rb:81:in `call'
actionpack (5.2.4.5) lib/action_dispatch/middleware/request_id.rb:27:in `call'
rack (2.2.3) lib/rack/method_override.rb:24:in `call'
rack (2.2.3) lib/rack/runtime.rb:22:in `call'
activesupport (5.2.4.5) lib/active_support/cache/strategy/local_cache_middleware.rb:29:in `call'
actionpack (5.2.4.5) lib/action_dispatch/middleware/executor.rb:14:in `call'
actionpack (5.2.4.5) lib/action_dispatch/middleware/static.rb:127:in `call'
rack (2.2.3) lib/rack/sendfile.rb:110:in `call'
railties (5.2.4.5) lib/rails/engine.rb:524:in `call'
puma (3.12.6) lib/puma/configuration.rb:227:in `call'
puma (3.12.6) lib/puma/server.rb:706:in `handle_request'
puma (3.12.6) lib/puma/server.rb:476:in `process_client'
puma (3.12.6) lib/puma/server.rb:334:in `block in run'
puma (3.12.6) lib/puma/thread_pool.rb:135:in `block in spawn_thread'
Started GET "/carts" for 182.158.75.109 at 2021-03-12 11:40:39 +0000
Cannot render console from 182.158.75.109! Allowed networks: 127.0.0.1, ::1, 127.0.0.0/127.255.255.255
Processing by CartsController#index as HTML
  Rendering carts/index.html.erb within layouts/application
  Rendered carts/index.html.erb within layouts/application (0.3ms)
Completed 200 OK in 804ms (Views: 803.2ms | ActiveRecord: 0.0ms)


Started GET "/carts" for 182.158.75.109 at 2021-03-12 11:40:55 +0000
Cannot render console from 182.158.75.109! Allowed networks: 127.0.0.1, ::1, 127.0.0.0/127.255.255.255
Processing by CartsController#index as HTML
  Rendering carts/index.html.erb within layouts/application
  Rendered carts/index.html.erb within layouts/application (0.3ms)
Completed 200 OK in 87ms (Views: 86.1ms | ActiveRecord: 0.0ms)


Started GET "/carts" for 182.158.75.109 at 2021-03-12 11:58:15 +0000
Cannot render console from 182.158.75.109! Allowed networks: 127.0.0.1, ::1, 127.0.0.0/127.255.255.255
Processing by CartsController#index as HTML
  Rendering carts/index.html.erb within layouts/application
  Rendered carts/index.html.erb within layouts/application (365.3ms)
Completed 500 Internal Server Error in 371ms (ActiveRecord: 0.0ms)


  
ActionView::Template::Error (undefined local variable or method `cart_item' for #<#<Class:0x00000000051018f0>:0x00007f7c317e6328>
Did you mean?  cart_path):
    21: 
    22:       <tbody>
    23:         <%# @cart_items.each do |cart_item| %>
    24:   			  <tr id="cart-<%= cart_item.id %>">
    25:             <%#= render "quantity_form", cart_item: cart_item %>
    26:           </tr>
    27:         <%# end %>
  
app/views/carts/index.html.erb:24:in `_app_views_carts_index_html_erb__812519154988120916_70085691520420'
Started GET "/carts" for 182.158.75.109 at 2021-03-12 11:58:29 +0000
Cannot render console from 182.158.75.109! Allowed networks: 127.0.0.1, ::1, 127.0.0.0/127.255.255.255
Processing by CartsController#index as HTML
  Rendering carts/index.html.erb within layouts/application
  Rendered carts/index.html.erb within layouts/application (0.9ms)
Completed 200 OK in 133ms (Views: 131.1ms | ActiveRecord: 0.0ms)


Started GET "/carts" for 182.158.75.109 at 2021-03-12 12:13:04 +0000
Cannot render console from 182.158.75.109! Allowed networks: 127.0.0.1, ::1, 127.0.0.0/127.255.255.255
Processing by CartsController#index as HTML
  Rendering carts/index.html.erb within layouts/application
  Rendered carts/index.html.erb within layouts/application (0.7ms)
Completed 200 OK in 82ms (Views: 80.7ms | ActiveRecord: 0.0ms)


Started GET "/carts" for 182.158.75.109 at 2021-03-12 12:15:44 +0000
Cannot render console from 182.158.75.109! Allowed networks: 127.0.0.1, ::1, 127.0.0.0/127.255.255.255
Processing by CartsController#index as HTML
  Rendering carts/index.html.erb within layouts/application
  Rendered carts/index.html.erb within layouts/application (0.6ms)
Completed 200 OK in 101ms (Views: 100.7ms | ActiveRecord: 0.0ms)


Started GET "/carts" for 182.158.75.109 at 2021-03-12 12:19:33 +0000
Cannot render console from 182.158.75.109! Allowed networks: 127.0.0.1, ::1, 127.0.0.0/127.255.255.255
Processing by CartsController#index as HTML
  Rendering carts/index.html.erb within layouts/application
  Rendered carts/index.html.erb within layouts/application (0.6ms)
Completed 200 OK in 80ms (Views: 79.1ms | ActiveRecord: 0.0ms)


Started GET "/carts" for 182.158.75.109 at 2021-03-12 12:25:42 +0000
Cannot render console from 182.158.75.109! Allowed networks: 127.0.0.1, ::1, 127.0.0.0/127.255.255.255
Processing by CartsController#index as HTML
  Rendering carts/index.html.erb within layouts/application
  Rendered carts/index.html.erb within layouts/application (0.6ms)
Completed 200 OK in 82ms (Views: 80.4ms | ActiveRecord: 0.0ms)


Started GET "/users/sign_up" for 27.82.17.29 at 2021-03-12 13:15:42 +0000
Cannot render console from 27.82.17.29! Allowed networks: 127.0.0.1, ::1, 127.0.0.0/127.255.255.255
  [1m[35m (0.1ms)[0m  [1m[34mSELECT "schema_migrations"."version" FROM "schema_migrations" ORDER BY "schema_migrations"."version" ASC[0m
  â†³ /home/ec2-user/.rvm/gems/ruby-2.6.3/gems/activerecord-5.2.4.5/lib/active_record/log_subscriber.rb:98
Processing by RegistrationsController#new as HTML
  Rendering devise/registrations/new.html.erb within layouts/application
  Rendered devise/shared/_error_messages.html.erb (0.5ms)
  Rendered devise/shared/_links.html.erb (0.9ms)
  Rendered devise/registrations/new.html.erb within layouts/application (73.7ms)
Completed 200 OK in 3856ms (Views: 3800.0ms | ActiveRecord: 0.7ms)


Started POST "/users" for 27.82.17.29 at 2021-03-12 13:16:05 +0000
Cannot render console from 27.82.17.29! Allowed networks: 127.0.0.1, ::1, 127.0.0.0/127.255.255.255
Processing by RegistrationsController#create as HTML
  Parameters: {"utf8"=>"âœ“", "authenticity_token"=>"/n+oPfeKIWADh9EKBecn2QmRpqmHB0I4l2/TiiPyLKK65y/qdU0VWVpfKF1yKPCJwYuTc1l0N2lUOnkm5ccinQ==", "user"=>{"email"=>"123@123.com", "password"=>"[FILTERED]", "password_confirmation"=>"[FILTERED]", "postcode"=>"123", "prefecture_code"=>"13", "address_city"=>"è¶³ç«‹åŒº", "address_street"=>"123", "address_building"=>"123"}, "commit"=>"Sign up"}
Unpermitted parameters: :postcode, :prefecture_code, :address_city, :address_street, :address_building
  [1m[35m (0.1ms)[0m  [1m[36mbegin transaction[0m
  â†³ /home/ec2-user/.rvm/gems/ruby-2.6.3/gems/activerecord-5.2.4.5/lib/active_record/log_subscriber.rb:98
  [1m[36mUser Exists (0.2ms)[0m  [1m[34mSELECT  1 AS one FROM "users" WHERE "users"."email" = ? LIMIT ?[0m  [["email", "123@123.com"], ["LIMIT", 1]]
  â†³ /home/ec2-user/.rvm/gems/ruby-2.6.3/gems/activerecord-5.2.4.5/lib/active_record/log_subscriber.rb:98
  [1m[35m (0.1ms)[0m  [1m[31mrollback transaction[0m
  â†³ /home/ec2-user/.rvm/gems/ruby-2.6.3/gems/activerecord-5.2.4.5/lib/active_record/log_subscriber.rb:98
  Rendering devise/registrations/new.html.erb within layouts/application
  Rendered devise/shared/_error_messages.html.erb (4.2ms)
  Rendered devise/shared/_links.html.erb (1.8ms)
  Rendered devise/registrations/new.html.erb within layouts/application (15.3ms)
Completed 200 OK in 582ms (Views: 175.7ms | ActiveRecord: 0.4ms)


Started GET "/users" for 27.82.17.29 at 2021-03-12 13:17:13 +0000
Cannot render console from 27.82.17.29! Allowed networks: 127.0.0.1, ::1, 127.0.0.0/127.255.255.255
  
ActionController::RoutingError (No route matches [GET] "/users"):
  
actionpack (5.2.4.5) lib/action_dispatch/middleware/debug_exceptions.rb:65:in `call'
web-console (3.7.0) lib/web_console/middleware.rb:135:in `call_app'
web-console (3.7.0) lib/web_console/middleware.rb:22:in `block in call'
web-console (3.7.0) lib/web_console/middleware.rb:20:in `catch'
web-console (3.7.0) lib/web_console/middleware.rb:20:in `call'
actionpack (5.2.4.5) lib/action_dispatch/middleware/show_exceptions.rb:33:in `call'
railties (5.2.4.5) lib/rails/rack/logger.rb:38:in `call_app'
railties (5.2.4.5) lib/rails/rack/logger.rb:26:in `block in call'
activesupport (5.2.4.5) lib/active_support/tagged_logging.rb:71:in `block in tagged'
activesupport (5.2.4.5) lib/active_support/tagged_logging.rb:28:in `tagged'
activesupport (5.2.4.5) lib/active_support/tagged_logging.rb:71:in `tagged'
railties (5.2.4.5) lib/rails/rack/logger.rb:26:in `call'
sprockets-rails (3.2.2) lib/sprockets/rails/quiet_assets.rb:13:in `call'
actionpack (5.2.4.5) lib/action_dispatch/middleware/remote_ip.rb:81:in `call'
actionpack (5.2.4.5) lib/action_dispatch/middleware/request_id.rb:27:in `call'
rack (2.2.3) lib/rack/method_override.rb:24:in `call'
rack (2.2.3) lib/rack/runtime.rb:22:in `call'
activesupport (5.2.4.5) lib/active_support/cache/strategy/local_cache_middleware.rb:29:in `call'
actionpack (5.2.4.5) lib/action_dispatch/middleware/executor.rb:14:in `call'
actionpack (5.2.4.5) lib/action_dispatch/middleware/static.rb:127:in `call'
rack (2.2.3) lib/rack/sendfile.rb:110:in `call'
railties (5.2.4.5) lib/rails/engine.rb:524:in `call'
puma (3.12.6) lib/puma/configuration.rb:227:in `call'
puma (3.12.6) lib/puma/server.rb:706:in `handle_request'
puma (3.12.6) lib/puma/server.rb:476:in `process_client'
puma (3.12.6) lib/puma/server.rb:334:in `block in run'
puma (3.12.6) lib/puma/thread_pool.rb:135:in `block in spawn_thread'
Started GET "/users/sign_up" for 27.82.17.29 at 2021-03-12 13:17:26 +0000
Cannot render console from 27.82.17.29! Allowed networks: 127.0.0.1, ::1, 127.0.0.0/127.255.255.255
Processing by RegistrationsController#new as HTML
  Rendering devise/registrations/new.html.erb within layouts/application
  Rendered devise/shared/_error_messages.html.erb (0.5ms)
  Rendered devise/shared/_links.html.erb (0.7ms)
  Rendered devise/registrations/new.html.erb within layouts/application (9.2ms)
Completed 200 OK in 107ms (Views: 105.9ms | ActiveRecord: 0.0ms)


Started POST "/users" for 27.82.17.29 at 2021-03-12 13:17:38 +0000
Cannot render console from 27.82.17.29! Allowed networks: 127.0.0.1, ::1, 127.0.0.0/127.255.255.255
Processing by RegistrationsController#create as HTML
  Parameters: {"utf8"=>"âœ“", "authenticity_token"=>"VTAQrx569ghLOtBaHQh0uZkmfV3XyVqcmqhZ+f05KeQRqJd4nL3CMRLiKQ1qx6PpUTxIhwm6L81Z/fNVOwwn2w==", "user"=>{"email"=>"123@123.com", "password"=>"[FILTERED]", "password_confirmation"=>"[FILTERED]", "postcode"=>"123", "prefecture_code"=>"13", "address_city"=>"è¶³ç«‹åŒº", "address_street"=>"123", "address_building"=>"123"}, "commit"=>"Sign up"}
Unpermitted parameters: :postcode, :prefecture_code, :address_city, :address_street, :address_building
  [1m[35m (0.1ms)[0m  [1m[36mbegin transaction[0m
  â†³ /home/ec2-user/.rvm/gems/ruby-2.6.3/gems/activerecord-5.2.4.5/lib/active_record/log_subscriber.rb:98
  [1m[36mUser Exists (0.2ms)[0m  [1m[34mSELECT  1 AS one FROM "users" WHERE "users"."email" = ? LIMIT ?[0m  [["email", "123@123.com"], ["LIMIT", 1]]
  â†³ /home/ec2-user/.rvm/gems/ruby-2.6.3/gems/activerecord-5.2.4.5/lib/active_record/log_subscriber.rb:98
  [1m[35m (0.0ms)[0m  [1m[31mrollback transaction[0m
  â†³ /home/ec2-user/.rvm/gems/ruby-2.6.3/gems/activerecord-5.2.4.5/lib/active_record/log_subscriber.rb:98
  Rendering devise/registrations/new.html.erb within layouts/application
  Rendered devise/shared/_error_messages.html.erb (1.8ms)
  Rendered devise/shared/_links.html.erb (0.7ms)
  Rendered devise/registrations/new.html.erb within layouts/application (9.2ms)
Completed 200 OK in 446ms (Views: 125.7ms | ActiveRecord: 0.3ms)


Started GET "/users/sign_up" for 27.82.17.29 at 2021-03-12 13:18:45 +0000
Cannot render console from 27.82.17.29! Allowed networks: 127.0.0.1, ::1, 127.0.0.0/127.255.255.255
  [1m[35m (0.1ms)[0m  [1m[34mSELECT "schema_migrations"."version" FROM "schema_migrations" ORDER BY "schema_migrations"."version" ASC[0m
  â†³ /home/ec2-user/.rvm/gems/ruby-2.6.3/gems/activerecord-5.2.4.5/lib/active_record/log_subscriber.rb:98
Processing by RegistrationsController#new as HTML
  Rendering devise/registrations/new.html.erb within layouts/application
  Rendered devise/shared/_error_messages.html.erb (0.4ms)
  Rendered devise/shared/_links.html.erb (0.8ms)
  Rendered devise/registrations/new.html.erb within layouts/application (13.2ms)
Completed 200 OK in 630ms (Views: 604.8ms | ActiveRecord: 0.7ms)


Started GET "/users/sign_up" for 27.82.17.29 at 2021-03-12 13:21:44 +0000
Cannot render console from 27.82.17.29! Allowed networks: 127.0.0.1, ::1, 127.0.0.0/127.255.255.255
Processing by RegistrationsController#new as HTML
  Rendering devise/registrations/new.html.erb within layouts/application
  Rendered devise/shared/_error_messages.html.erb (0.4ms)
  Rendered devise/shared/_links.html.erb (0.9ms)
  Rendered devise/registrations/new.html.erb within layouts/application (10.0ms)
Completed 200 OK in 125ms (Views: 124.4ms | ActiveRecord: 0.0ms)


Started POST "/users" for 27.82.17.29 at 2021-03-12 13:22:08 +0000
Cannot render console from 27.82.17.29! Allowed networks: 127.0.0.1, ::1, 127.0.0.0/127.255.255.255
Processing by RegistrationsController#create as HTML
  Parameters: {"utf8"=>"âœ“", "authenticity_token"=>"tP7GirNLnCgCfIJ/Od/lPjUPHERA0vkS9UJsI4lakerwZkFdMYyoEVukeyhOEDJu/RUpnp6hjEM2F8aPT2+f1Q==", "user"=>{"name"=>"123", "email"=>"123@123.com", "password"=>"[FILTERED]", "password_confirmation"=>"[FILTERED]", "postcode"=>"123", "prefecture_code"=>"13", "address_city"=>"è¶³ç«‹åŒº", "address_stree"=>"123", "address_building"=>"123"}, "commit"=>"Sign up"}
Unpermitted parameters: :name, :postcode, :prefecture_code, :address_city, :address_stree, :address_building
  [1m[35m (0.1ms)[0m  [1m[36mbegin transaction[0m
  â†³ /home/ec2-user/.rvm/gems/ruby-2.6.3/gems/activerecord-5.2.4.5/lib/active_record/log_subscriber.rb:98
  [1m[36mUser Exists (0.2ms)[0m  [1m[34mSELECT  1 AS one FROM "users" WHERE "users"."email" = ? LIMIT ?[0m  [["email", "123@123.com"], ["LIMIT", 1]]
  â†³ /home/ec2-user/.rvm/gems/ruby-2.6.3/gems/activerecord-5.2.4.5/lib/active_record/log_subscriber.rb:98
  [1m[35m (0.1ms)[0m  [1m[31mrollback transaction[0m
  â†³ /home/ec2-user/.rvm/gems/ruby-2.6.3/gems/activerecord-5.2.4.5/lib/active_record/log_subscriber.rb:98
  Rendering devise/registrations/new.html.erb within layouts/application
  Rendered devise/shared/_error_messages.html.erb (1.8ms)
  Rendered devise/shared/_links.html.erb (0.7ms)
  Rendered devise/registrations/new.html.erb within layouts/application (9.2ms)
Completed 200 OK in 423ms (Views: 101.3ms | ActiveRecord: 0.3ms)


Started GET "/users" for 27.82.17.29 at 2021-03-12 13:22:34 +0000
Cannot render console from 27.82.17.29! Allowed networks: 127.0.0.1, ::1, 127.0.0.0/127.255.255.255
  
ActionController::RoutingError (No route matches [GET] "/users"):
  
actionpack (5.2.4.5) lib/action_dispatch/middleware/debug_exceptions.rb:65:in `call'
web-console (3.7.0) lib/web_console/middleware.rb:135:in `call_app'
web-console (3.7.0) lib/web_console/middleware.rb:22:in `block in call'
web-console (3.7.0) lib/web_console/middleware.rb:20:in `catch'
web-console (3.7.0) lib/web_console/middleware.rb:20:in `call'
actionpack (5.2.4.5) lib/action_dispatch/middleware/show_exceptions.rb:33:in `call'
railties (5.2.4.5) lib/rails/rack/logger.rb:38:in `call_app'
railties (5.2.4.5) lib/rails/rack/logger.rb:26:in `block in call'
activesupport (5.2.4.5) lib/active_support/tagged_logging.rb:71:in `block in tagged'
activesupport (5.2.4.5) lib/active_support/tagged_logging.rb:28:in `tagged'
activesupport (5.2.4.5) lib/active_support/tagged_logging.rb:71:in `tagged'
railties (5.2.4.5) lib/rails/rack/logger.rb:26:in `call'
sprockets-rails (3.2.2) lib/sprockets/rails/quiet_assets.rb:13:in `call'
actionpack (5.2.4.5) lib/action_dispatch/middleware/remote_ip.rb:81:in `call'
actionpack (5.2.4.5) lib/action_dispatch/middleware/request_id.rb:27:in `call'
rack (2.2.3) lib/rack/method_override.rb:24:in `call'
rack (2.2.3) lib/rack/runtime.rb:22:in `call'
activesupport (5.2.4.5) lib/active_support/cache/strategy/local_cache_middleware.rb:29:in `call'
actionpack (5.2.4.5) lib/action_dispatch/middleware/executor.rb:14:in `call'
actionpack (5.2.4.5) lib/action_dispatch/middleware/static.rb:127:in `call'
rack (2.2.3) lib/rack/sendfile.rb:110:in `call'
railties (5.2.4.5) lib/rails/engine.rb:524:in `call'
puma (3.12.6) lib/puma/configuration.rb:227:in `call'
puma (3.12.6) lib/puma/server.rb:706:in `handle_request'
puma (3.12.6) lib/puma/server.rb:476:in `process_client'
puma (3.12.6) lib/puma/server.rb:334:in `block in run'
puma (3.12.6) lib/puma/thread_pool.rb:135:in `block in spawn_thread'
Started GET "/users" for 27.82.17.29 at 2021-03-12 13:22:44 +0000
Cannot render console from 27.82.17.29! Allowed networks: 127.0.0.1, ::1, 127.0.0.0/127.255.255.255
  [1m[35m (0.1ms)[0m  [1m[34mSELECT "schema_migrations"."version" FROM "schema_migrations" ORDER BY "schema_migrations"."version" ASC[0m
  â†³ /home/ec2-user/.rvm/gems/ruby-2.6.3/gems/activerecord-5.2.4.5/lib/active_record/log_subscriber.rb:98
  
ActionController::RoutingError (No route matches [GET] "/users"):
  
actionpack (5.2.4.5) lib/action_dispatch/middleware/debug_exceptions.rb:65:in `call'
web-console (3.7.0) lib/web_console/middleware.rb:135:in `call_app'
web-console (3.7.0) lib/web_console/middleware.rb:22:in `block in call'
web-console (3.7.0) lib/web_console/middleware.rb:20:in `catch'
web-console (3.7.0) lib/web_console/middleware.rb:20:in `call'
actionpack (5.2.4.5) lib/action_dispatch/middleware/show_exceptions.rb:33:in `call'
railties (5.2.4.5) lib/rails/rack/logger.rb:38:in `call_app'
railties (5.2.4.5) lib/rails/rack/logger.rb:26:in `block in call'
activesupport (5.2.4.5) lib/active_support/tagged_logging.rb:71:in `block in tagged'
activesupport (5.2.4.5) lib/active_support/tagged_logging.rb:28:in `tagged'
activesupport (5.2.4.5) lib/active_support/tagged_logging.rb:71:in `tagged'
railties (5.2.4.5) lib/rails/rack/logger.rb:26:in `call'
sprockets-rails (3.2.2) lib/sprockets/rails/quiet_assets.rb:13:in `call'
actionpack (5.2.4.5) lib/action_dispatch/middleware/remote_ip.rb:81:in `call'
actionpack (5.2.4.5) lib/action_dispatch/middleware/request_id.rb:27:in `call'
rack (2.2.3) lib/rack/method_override.rb:24:in `call'
rack (2.2.3) lib/rack/runtime.rb:22:in `call'
activesupport (5.2.4.5) lib/active_support/cache/strategy/local_cache_middleware.rb:29:in `call'
actionpack (5.2.4.5) lib/action_dispatch/middleware/executor.rb:14:in `call'
actionpack (5.2.4.5) lib/action_dispatch/middleware/static.rb:127:in `call'
rack (2.2.3) lib/rack/sendfile.rb:110:in `call'
railties (5.2.4.5) lib/rails/engine.rb:524:in `call'
puma (3.12.6) lib/puma/configuration.rb:227:in `call'
puma (3.12.6) lib/puma/server.rb:706:in `handle_request'
puma (3.12.6) lib/puma/server.rb:476:in `process_client'
puma (3.12.6) lib/puma/server.rb:334:in `block in run'
puma (3.12.6) lib/puma/thread_pool.rb:135:in `block in spawn_thread'
Started GET "/users/sign_up" for 27.82.17.29 at 2021-03-12 13:22:47 +0000
Cannot render console from 27.82.17.29! Allowed networks: 127.0.0.1, ::1, 127.0.0.0/127.255.255.255
Processing by RegistrationsController#new as HTML
  Rendering devise/registrations/new.html.erb within layouts/application
  Rendered devise/shared/_error_messages.html.erb (0.4ms)
  Rendered devise/shared/_links.html.erb (0.8ms)
  Rendered devise/registrations/new.html.erb within layouts/application (11.4ms)
Completed 200 OK in 583ms (Views: 563.6ms | ActiveRecord: 0.7ms)


Started GET "/users/sign_up" for 27.82.17.29 at 2021-03-12 13:23:15 +0000
Cannot render console from 27.82.17.29! Allowed networks: 127.0.0.1, ::1, 127.0.0.0/127.255.255.255
Processing by RegistrationsController#new as HTML
  Rendering devise/registrations/new.html.erb within layouts/application
  Rendered devise/shared/_error_messages.html.erb (0.5ms)
  Rendered devise/shared/_links.html.erb (0.6ms)
  Rendered devise/registrations/new.html.erb within layouts/application (7.9ms)
Completed 200 OK in 122ms (Views: 121.4ms | ActiveRecord: 0.0ms)


Started POST "/users" for 27.82.17.29 at 2021-03-12 13:23:31 +0000
Cannot render console from 27.82.17.29! Allowed networks: 127.0.0.1, ::1, 127.0.0.0/127.255.255.255
Processing by RegistrationsController#create as HTML
  Parameters: {"utf8"=>"âœ“", "authenticity_token"=>"Qz+MyIUkqinpAFuHQGUI58eVDE8i3ZLklNTVuByNjLQHpwsfB+OeELDYotA3qt+3D485lfyu57VXgX8U2riCiw==", "user"=>{"email"=>"123@123.com", "password"=>"[FILTERED]", "password_confirmation"=>"[FILTERED]", "postcode"=>"123", "prefecture_code"=>"13", "address_city"=>"è¶³ç«‹åŒº", "address_street"=>"123123", "address_building"=>"123123"}, "commit"=>"Sign up"}
Unpermitted parameters: :postcode, :prefecture_code, :address_city, :address_street, :address_building
  [1m[35m (0.1ms)[0m  [1m[36mbegin transaction[0m
  â†³ /home/ec2-user/.rvm/gems/ruby-2.6.3/gems/activerecord-5.2.4.5/lib/active_record/log_subscriber.rb:98
  [1m[36mUser Exists (0.2ms)[0m  [1m[34mSELECT  1 AS one FROM "users" WHERE "users"."email" = ? LIMIT ?[0m  [["email", "123@123.com"], ["LIMIT", 1]]
  â†³ /home/ec2-user/.rvm/gems/ruby-2.6.3/gems/activerecord-5.2.4.5/lib/active_record/log_subscriber.rb:98
  [1m[35m (0.1ms)[0m  [1m[31mrollback transaction[0m
  â†³ /home/ec2-user/.rvm/gems/ruby-2.6.3/gems/activerecord-5.2.4.5/lib/active_record/log_subscriber.rb:98
  Rendering devise/registrations/new.html.erb within layouts/application
  Rendered devise/shared/_error_messages.html.erb (1.8ms)
  Rendered devise/shared/_links.html.erb (0.7ms)
  Rendered devise/registrations/new.html.erb within layouts/application (9.0ms)
Completed 200 OK in 425ms (Views: 103.6ms | ActiveRecord: 0.3ms)


Started POST "/users" for 27.82.17.29 at 2021-03-12 13:24:22 +0000
Cannot render console from 27.82.17.29! Allowed networks: 127.0.0.1, ::1, 127.0.0.0/127.255.255.255
Processing by RegistrationsController#create as HTML
  Parameters: {"utf8"=>"âœ“", "authenticity_token"=>"Stkx/ei8yD4NV5iHIq0HLdrMwFNuyPAI5D1XYaY8qBIOQbYqanv8B1SPYdBVYtB9Etb1ibC7hVknaP3NYAmmLQ==", "user"=>{"email"=>"123@123.com", "password"=>"[FILTERED]", "password_confirmation"=>"[FILTERED]", "postcode"=>"123", "prefecture_code"=>"13", "address_city"=>"è¶³ç«‹åŒº", "address_street"=>"123123", "address_building"=>"123123"}, "commit"=>"Sign up"}
Unpermitted parameters: :postcode, :prefecture_code, :address_city, :address_street, :address_building
  [1m[35m (0.1ms)[0m  [1m[36mbegin transaction[0m
  â†³ /home/ec2-user/.rvm/gems/ruby-2.6.3/gems/activerecord-5.2.4.5/lib/active_record/log_subscriber.rb:98
  [1m[36mUser Exists (0.1ms)[0m  [1m[34mSELECT  1 AS one FROM "users" WHERE "users"."email" = ? LIMIT ?[0m  [["email", "123@123.com"], ["LIMIT", 1]]
  â†³ /home/ec2-user/.rvm/gems/ruby-2.6.3/gems/activerecord-5.2.4.5/lib/active_record/log_subscriber.rb:98
  [1m[35m (0.0ms)[0m  [1m[31mrollback transaction[0m
  â†³ /home/ec2-user/.rvm/gems/ruby-2.6.3/gems/activerecord-5.2.4.5/lib/active_record/log_subscriber.rb:98
  Rendering devise/registrations/new.html.erb within layouts/application
  Rendered devise/shared/_error_messages.html.erb (1.9ms)
  Rendered devise/shared/_links.html.erb (0.6ms)
  Rendered devise/registrations/new.html.erb within layouts/application (9.4ms)
Completed 200 OK in 415ms (Views: 104.6ms | ActiveRecord: 0.3ms)


Started GET "/users" for 27.82.17.29 at 2021-03-12 13:25:05 +0000
Cannot render console from 27.82.17.29! Allowed networks: 127.0.0.1, ::1, 127.0.0.0/127.255.255.255
  
ActionController::RoutingError (No route matches [GET] "/users"):
  
actionpack (5.2.4.5) lib/action_dispatch/middleware/debug_exceptions.rb:65:in `call'
web-console (3.7.0) lib/web_console/middleware.rb:135:in `call_app'
web-console (3.7.0) lib/web_console/middleware.rb:22:in `block in call'
web-console (3.7.0) lib/web_console/middleware.rb:20:in `catch'
web-console (3.7.0) lib/web_console/middleware.rb:20:in `call'
actionpack (5.2.4.5) lib/action_dispatch/middleware/show_exceptions.rb:33:in `call'
railties (5.2.4.5) lib/rails/rack/logger.rb:38:in `call_app'
railties (5.2.4.5) lib/rails/rack/logger.rb:26:in `block in call'
activesupport (5.2.4.5) lib/active_support/tagged_logging.rb:71:in `block in tagged'
activesupport (5.2.4.5) lib/active_support/tagged_logging.rb:28:in `tagged'
activesupport (5.2.4.5) lib/active_support/tagged_logging.rb:71:in `tagged'
railties (5.2.4.5) lib/rails/rack/logger.rb:26:in `call'
sprockets-rails (3.2.2) lib/sprockets/rails/quiet_assets.rb:13:in `call'
actionpack (5.2.4.5) lib/action_dispatch/middleware/remote_ip.rb:81:in `call'
actionpack (5.2.4.5) lib/action_dispatch/middleware/request_id.rb:27:in `call'
rack (2.2.3) lib/rack/method_override.rb:24:in `call'
rack (2.2.3) lib/rack/runtime.rb:22:in `call'
activesupport (5.2.4.5) lib/active_support/cache/strategy/local_cache_middleware.rb:29:in `call'
actionpack (5.2.4.5) lib/action_dispatch/middleware/executor.rb:14:in `call'
actionpack (5.2.4.5) lib/action_dispatch/middleware/static.rb:127:in `call'
rack (2.2.3) lib/rack/sendfile.rb:110:in `call'
railties (5.2.4.5) lib/rails/engine.rb:524:in `call'
puma (3.12.6) lib/puma/configuration.rb:227:in `call'
puma (3.12.6) lib/puma/server.rb:706:in `handle_request'
puma (3.12.6) lib/puma/server.rb:476:in `process_client'
puma (3.12.6) lib/puma/server.rb:334:in `block in run'
puma (3.12.6) lib/puma/thread_pool.rb:135:in `block in spawn_thread'
Started GET "/users/sign_up" for 27.82.17.29 at 2021-03-12 13:25:06 +0000
Cannot render console from 27.82.17.29! Allowed networks: 127.0.0.1, ::1, 127.0.0.0/127.255.255.255
Processing by RegistrationsController#new as HTML
  Rendering devise/registrations/new.html.erb within layouts/application
  Rendered devise/shared/_error_messages.html.erb (0.5ms)
  Rendered devise/shared/_links.html.erb (0.7ms)
  Rendered devise/registrations/new.html.erb within layouts/application (8.0ms)
Completed 200 OK in 100ms (Views: 99.7ms | ActiveRecord: 0.0ms)


Started GET "/users" for 27.82.17.29 at 2021-03-12 13:26:15 +0000
Cannot render console from 27.82.17.29! Allowed networks: 127.0.0.1, ::1, 127.0.0.0/127.255.255.255
  
ActionController::RoutingError (No route matches [GET] "/users"):
  
actionpack (5.2.4.5) lib/action_dispatch/middleware/debug_exceptions.rb:65:in `call'
web-console (3.7.0) lib/web_console/middleware.rb:135:in `call_app'
web-console (3.7.0) lib/web_console/middleware.rb:22:in `block in call'
web-console (3.7.0) lib/web_console/middleware.rb:20:in `catch'
web-console (3.7.0) lib/web_console/middleware.rb:20:in `call'
actionpack (5.2.4.5) lib/action_dispatch/middleware/show_exceptions.rb:33:in `call'
railties (5.2.4.5) lib/rails/rack/logger.rb:38:in `call_app'
railties (5.2.4.5) lib/rails/rack/logger.rb:26:in `block in call'
activesupport (5.2.4.5) lib/active_support/tagged_logging.rb:71:in `block in tagged'
activesupport (5.2.4.5) lib/active_support/tagged_logging.rb:28:in `tagged'
activesupport (5.2.4.5) lib/active_support/tagged_logging.rb:71:in `tagged'
railties (5.2.4.5) lib/rails/rack/logger.rb:26:in `call'
sprockets-rails (3.2.2) lib/sprockets/rails/quiet_assets.rb:13:in `call'
actionpack (5.2.4.5) lib/action_dispatch/middleware/remote_ip.rb:81:in `call'
actionpack (5.2.4.5) lib/action_dispatch/middleware/request_id.rb:27:in `call'
rack (2.2.3) lib/rack/method_override.rb:24:in `call'
rack (2.2.3) lib/rack/runtime.rb:22:in `call'
activesupport (5.2.4.5) lib/active_support/cache/strategy/local_cache_middleware.rb:29:in `call'
actionpack (5.2.4.5) lib/action_dispatch/middleware/executor.rb:14:in `call'
actionpack (5.2.4.5) lib/action_dispatch/middleware/static.rb:127:in `call'
rack (2.2.3) lib/rack/sendfile.rb:110:in `call'
railties (5.2.4.5) lib/rails/engine.rb:524:in `call'
puma (3.12.6) lib/puma/configuration.rb:227:in `call'
puma (3.12.6) lib/puma/server.rb:706:in `handle_request'
puma (3.12.6) lib/puma/server.rb:476:in `process_client'
puma (3.12.6) lib/puma/server.rb:334:in `block in run'
puma (3.12.6) lib/puma/thread_pool.rb:135:in `block in spawn_thread'
Started GET "/users" for 27.82.17.29 at 2021-03-12 13:27:22 +0000
Cannot render console from 27.82.17.29! Allowed networks: 127.0.0.1, ::1, 127.0.0.0/127.255.255.255
  
ActionController::RoutingError (No route matches [GET] "/users"):
  
actionpack (5.2.4.5) lib/action_dispatch/middleware/debug_exceptions.rb:65:in `call'
web-console (3.7.0) lib/web_console/middleware.rb:135:in `call_app'
web-console (3.7.0) lib/web_console/middleware.rb:22:in `block in call'
web-console (3.7.0) lib/web_console/middleware.rb:20:in `catch'
web-console (3.7.0) lib/web_console/middleware.rb:20:in `call'
actionpack (5.2.4.5) lib/action_dispatch/middleware/show_exceptions.rb:33:in `call'
railties (5.2.4.5) lib/rails/rack/logger.rb:38:in `call_app'
railties (5.2.4.5) lib/rails/rack/logger.rb:26:in `block in call'
activesupport (5.2.4.5) lib/active_support/tagged_logging.rb:71:in `block in tagged'
activesupport (5.2.4.5) lib/active_support/tagged_logging.rb:28:in `tagged'
activesupport (5.2.4.5) lib/active_support/tagged_logging.rb:71:in `tagged'
railties (5.2.4.5) lib/rails/rack/logger.rb:26:in `call'
sprockets-rails (3.2.2) lib/sprockets/rails/quiet_assets.rb:13:in `call'
actionpack (5.2.4.5) lib/action_dispatch/middleware/remote_ip.rb:81:in `call'
actionpack (5.2.4.5) lib/action_dispatch/middleware/request_id.rb:27:in `call'
rack (2.2.3) lib/rack/method_override.rb:24:in `call'
rack (2.2.3) lib/rack/runtime.rb:22:in `call'
activesupport (5.2.4.5) lib/active_support/cache/strategy/local_cache_middleware.rb:29:in `call'
actionpack (5.2.4.5) lib/action_dispatch/middleware/executor.rb:14:in `call'
actionpack (5.2.4.5) lib/action_dispatch/middleware/static.rb:127:in `call'
rack (2.2.3) lib/rack/sendfile.rb:110:in `call'
railties (5.2.4.5) lib/rails/engine.rb:524:in `call'
puma (3.12.6) lib/puma/configuration.rb:227:in `call'
puma (3.12.6) lib/puma/server.rb:706:in `handle_request'
puma (3.12.6) lib/puma/server.rb:476:in `process_client'
puma (3.12.6) lib/puma/server.rb:334:in `block in run'
puma (3.12.6) lib/puma/thread_pool.rb:135:in `block in spawn_thread'
Started GET "/users/sign_up" for 27.82.17.29 at 2021-03-12 13:27:40 +0000
Cannot render console from 27.82.17.29! Allowed networks: 127.0.0.1, ::1, 127.0.0.0/127.255.255.255
  [1m[35m (0.1ms)[0m  [1m[34mSELECT "schema_migrations"."version" FROM "schema_migrations" ORDER BY "schema_migrations"."version" ASC[0m
  â†³ /home/ec2-user/.rvm/gems/ruby-2.6.3/gems/activerecord-5.2.4.5/lib/active_record/log_subscriber.rb:98
Processing by RegistrationsController#new as HTML
  Rendering devise/registrations/new.html.erb within layouts/application
  Rendered devise/shared/_error_messages.html.erb (0.4ms)
  Rendered devise/shared/_links.html.erb (1.0ms)
  Rendered devise/registrations/new.html.erb within layouts/application (13.1ms)
Completed 200 OK in 587ms (Views: 560.9ms | ActiveRecord: 0.6ms)


Started POST "/users" for 27.82.17.29 at 2021-03-12 13:28:28 +0000
Cannot render console from 27.82.17.29! Allowed networks: 127.0.0.1, ::1, 127.0.0.0/127.255.255.255
Processing by RegistrationsController#create as HTML
  Parameters: {"utf8"=>"âœ“", "authenticity_token"=>"I+D2yI9u2GodIty+kutQQSLc7xWKA27ADIcAFiRH3UVneHEfDansU0T6JenlJIcR6sbaz1RwG5HP0qq64nLTeg==", "user"=>{"name"=>"éˆ´æœ¨ä¸€éƒŽ", "email"=>"123@123.com", "password"=>"[FILTERED]", "password_confirmation"=>"[FILTERED]", "postcode"=>"123", "prefecture_code"=>"13", "address_city"=>"è¶³ç«‹åŒº", "address_stree"=>"123", "address_building"=>"123"}, "commit"=>"Sign up"}
Unpermitted parameters: :name, :postcode, :prefecture_code, :address_city, :address_stree, :address_building
  [1m[35m (0.1ms)[0m  [1m[36mbegin transaction[0m
  â†³ /home/ec2-user/.rvm/gems/ruby-2.6.3/gems/activerecord-5.2.4.5/lib/active_record/log_subscriber.rb:98
  [1m[36mUser Exists (0.2ms)[0m  [1m[34mSELECT  1 AS one FROM "users" WHERE "users"."email" = ? LIMIT ?[0m  [["email", "123@123.com"], ["LIMIT", 1]]
  â†³ /home/ec2-user/.rvm/gems/ruby-2.6.3/gems/activerecord-5.2.4.5/lib/active_record/log_subscriber.rb:98
  [1m[35m (0.0ms)[0m  [1m[31mrollback transaction[0m
  â†³ /home/ec2-user/.rvm/gems/ruby-2.6.3/gems/activerecord-5.2.4.5/lib/active_record/log_subscriber.rb:98
  Rendering devise/registrations/new.html.erb within layouts/application
  Rendered devise/shared/_error_messages.html.erb (1.9ms)
  Rendered devise/shared/_links.html.erb (0.8ms)
  Rendered devise/registrations/new.html.erb within layouts/application (9.9ms)
Completed 200 OK in 456ms (Views: 135.3ms | ActiveRecord: 0.3ms)


Started GET "/users" for 27.82.17.29 at 2021-03-12 13:31:56 +0000
Cannot render console from 27.82.17.29! Allowed networks: 127.0.0.1, ::1, 127.0.0.0/127.255.255.255
  [1m[35m (0.1ms)[0m  [1m[34mSELECT "schema_migrations"."version" FROM "schema_migrations" ORDER BY "schema_migrations"."version" ASC[0m
  â†³ /home/ec2-user/.rvm/gems/ruby-2.6.3/gems/activerecord-5.2.4.5/lib/active_record/log_subscriber.rb:98
  
ActionController::RoutingError (No route matches [GET] "/users"):
  
actionpack (5.2.4.5) lib/action_dispatch/middleware/debug_exceptions.rb:65:in `call'
web-console (3.7.0) lib/web_console/middleware.rb:135:in `call_app'
web-console (3.7.0) lib/web_console/middleware.rb:22:in `block in call'
web-console (3.7.0) lib/web_console/middleware.rb:20:in `catch'
web-console (3.7.0) lib/web_console/middleware.rb:20:in `call'
actionpack (5.2.4.5) lib/action_dispatch/middleware/show_exceptions.rb:33:in `call'
railties (5.2.4.5) lib/rails/rack/logger.rb:38:in `call_app'
railties (5.2.4.5) lib/rails/rack/logger.rb:26:in `block in call'
activesupport (5.2.4.5) lib/active_support/tagged_logging.rb:71:in `block in tagged'
activesupport (5.2.4.5) lib/active_support/tagged_logging.rb:28:in `tagged'
activesupport (5.2.4.5) lib/active_support/tagged_logging.rb:71:in `tagged'
railties (5.2.4.5) lib/rails/rack/logger.rb:26:in `call'
sprockets-rails (3.2.2) lib/sprockets/rails/quiet_assets.rb:13:in `call'
actionpack (5.2.4.5) lib/action_dispatch/middleware/remote_ip.rb:81:in `call'
actionpack (5.2.4.5) lib/action_dispatch/middleware/request_id.rb:27:in `call'
rack (2.2.3) lib/rack/method_override.rb:24:in `call'
rack (2.2.3) lib/rack/runtime.rb:22:in `call'
activesupport (5.2.4.5) lib/active_support/cache/strategy/local_cache_middleware.rb:29:in `call'
actionpack (5.2.4.5) lib/action_dispatch/middleware/executor.rb:14:in `call'
actionpack (5.2.4.5) lib/action_dispatch/middleware/static.rb:127:in `call'
rack (2.2.3) lib/rack/sendfile.rb:110:in `call'
railties (5.2.4.5) lib/rails/engine.rb:524:in `call'
puma (3.12.6) lib/puma/configuration.rb:227:in `call'
puma (3.12.6) lib/puma/server.rb:706:in `handle_request'
puma (3.12.6) lib/puma/server.rb:476:in `process_client'
puma (3.12.6) lib/puma/server.rb:334:in `block in run'
puma (3.12.6) lib/puma/thread_pool.rb:135:in `block in spawn_thread'
Started GET "/users/sign_up" for 27.82.17.29 at 2021-03-12 13:32:00 +0000
Cannot render console from 27.82.17.29! Allowed networks: 127.0.0.1, ::1, 127.0.0.0/127.255.255.255
Processing by RegistrationsController#new as HTML
  Rendering devise/registrations/new.html.erb within layouts/application
  Rendered devise/shared/_error_messages.html.erb (0.4ms)
  Rendered devise/shared/_links.html.erb (1.1ms)
  Rendered devise/registrations/new.html.erb within layouts/application (12.5ms)
Completed 200 OK in 592ms (Views: 572.6ms | ActiveRecord: 0.7ms)


Started GET "/users/sign_up" for 27.82.17.29 at 2021-03-12 13:33:28 +0000
Cannot render console from 27.82.17.29! Allowed networks: 127.0.0.1, ::1, 127.0.0.0/127.255.255.255
Processing by RegistrationsController#new as HTML
  Rendering devise/registrations/new.html.erb within layouts/application
  Rendered devise/shared/_error_messages.html.erb (0.4ms)
  Rendered devise/shared/_links.html.erb (0.7ms)
  Rendered devise/registrations/new.html.erb within layouts/application (9.3ms)
Completed 200 OK in 122ms (Views: 120.6ms | ActiveRecord: 0.0ms)


Started GET "/users/sign_up" for 27.82.17.29 at 2021-03-12 13:36:52 +0000
Cannot render console from 27.82.17.29! Allowed networks: 127.0.0.1, ::1, 127.0.0.0/127.255.255.255
  [1m[35m (0.1ms)[0m  [1m[34mSELECT "schema_migrations"."version" FROM "schema_migrations" ORDER BY "schema_migrations"."version" ASC[0m
  â†³ /home/ec2-user/.rvm/gems/ruby-2.6.3/gems/activerecord-5.2.4.5/lib/active_record/log_subscriber.rb:98
Processing by RegistrationsController#new as HTML
  Rendering devise/registrations/new.html.erb within layouts/application
  Rendered devise/shared/_error_messages.html.erb (0.4ms)
  Rendered devise/shared/_links.html.erb (1.2ms)
  Rendered devise/registrations/new.html.erb within layouts/application (14.2ms)
Completed 200 OK in 623ms (Views: 599.1ms | ActiveRecord: 0.7ms)


Started GET "/users/sign_up" for 27.82.17.29 at 2021-03-12 13:37:41 +0000
Cannot render console from 27.82.17.29! Allowed networks: 127.0.0.1, ::1, 127.0.0.0/127.255.255.255
Processing by RegistrationsController#new as HTML
  Rendering devise/registrations/new.html.erb within layouts/application
  Rendered devise/shared/_error_messages.html.erb (0.5ms)
  Rendered devise/shared/_links.html.erb (0.8ms)
  Rendered devise/registrations/new.html.erb within layouts/application (9.7ms)
Completed 200 OK in 122ms (Views: 120.9ms | ActiveRecord: 0.0ms)


Started GET "/users/sign_up" for 27.82.17.29 at 2021-03-12 13:38:10 +0000
Cannot render console from 27.82.17.29! Allowed networks: 127.0.0.1, ::1, 127.0.0.0/127.255.255.255
Processing by RegistrationsController#new as HTML
  Rendering devise/registrations/new.html.erb within layouts/application
  Rendered devise/shared/_error_messages.html.erb (0.4ms)
  Rendered devise/shared/_links.html.erb (0.7ms)
  Rendered devise/registrations/new.html.erb within layouts/application (9.1ms)
Completed 200 OK in 99ms (Views: 98.1ms | ActiveRecord: 0.0ms)


Started GET "/users/sign_up" for 27.82.17.29 at 2021-03-12 13:41:08 +0000
Cannot render console from 27.82.17.29! Allowed networks: 127.0.0.1, ::1, 127.0.0.0/127.255.255.255
Processing by RegistrationsController#new as HTML
  Rendering devise/registrations/new.html.erb within layouts/application
  Rendered devise/shared/_error_messages.html.erb (0.4ms)
  Rendered devise/shared/_links.html.erb (0.8ms)
  Rendered devise/registrations/new.html.erb within layouts/application (9.8ms)
Completed 200 OK in 117ms (Views: 115.9ms | ActiveRecord: 0.0ms)


Started POST "/users" for 27.82.17.29 at 2021-03-12 13:41:24 +0000
Cannot render console from 27.82.17.29! Allowed networks: 127.0.0.1, ::1, 127.0.0.0/127.255.255.255
Processing by RegistrationsController#create as HTML
  Parameters: {"utf8"=>"âœ“", "authenticity_token"=>"6H1UE08c9EYdpiPcjVh8xbEP/mIScEVx7BxTSKLlTnys5dPEzdvAf0R+2ov6l6uVeRXLuMwDMCAvSfnkZNBAQw==", "user"=>{"ruby_last_name"=>"123", "last_name"=>"123", "email"=>"132@123.com", "password"=>"[FILTERED]", "password_confirmation"=>"[FILTERED]", "postcode"=>"123", "prefecture_code"=>"13", "address_city"=>"è¶³ç«‹åŒº", "address_stree"=>"123123", "address_building"=>"123123"}, "commit"=>"Sign up"}
Unpermitted parameters: :ruby_last_name, :last_name, :postcode, :prefecture_code, :address_city, :address_stree, :address_building
  [1m[35m (0.1ms)[0m  [1m[36mbegin transaction[0m
  â†³ /home/ec2-user/.rvm/gems/ruby-2.6.3/gems/activerecord-5.2.4.5/lib/active_record/log_subscriber.rb:98
  [1m[36mUser Exists (0.2ms)[0m  [1m[34mSELECT  1 AS one FROM "users" WHERE "users"."email" = ? LIMIT ?[0m  [["email", "132@123.com"], ["LIMIT", 1]]
  â†³ /home/ec2-user/.rvm/gems/ruby-2.6.3/gems/activerecord-5.2.4.5/lib/active_record/log_subscriber.rb:98
  [1m[35m (0.1ms)[0m  [1m[31mrollback transaction[0m
  â†³ /home/ec2-user/.rvm/gems/ruby-2.6.3/gems/activerecord-5.2.4.5/lib/active_record/log_subscriber.rb:98
  Rendering devise/registrations/new.html.erb within layouts/application
  Rendered devise/shared/_error_messages.html.erb (1.8ms)
  Rendered devise/shared/_links.html.erb (0.7ms)
  Rendered devise/registrations/new.html.erb within layouts/application (11.5ms)
Completed 200 OK in 414ms (Views: 98.5ms | ActiveRecord: 0.3ms)


Started GET "/users/sign_up" for 27.82.17.29 at 2021-03-12 14:02:29 +0000
Cannot render console from 27.82.17.29! Allowed networks: 127.0.0.1, ::1, 127.0.0.0/127.255.255.255
  [1m[35m (0.2ms)[0m  [1m[34mSELECT "schema_migrations"."version" FROM "schema_migrations" ORDER BY "schema_migrations"."version" ASC[0m
  â†³ /home/ec2-user/.rvm/gems/ruby-2.6.3/gems/activerecord-5.2.4.5/lib/active_record/log_subscriber.rb:98
Processing by RegistrationsController#new as HTML
  Rendering devise/registrations/new.html.erb within layouts/application
  Rendered devise/shared/_error_messages.html.erb (0.4ms)
  Rendered devise/shared/_links.html.erb (1.2ms)
  Rendered devise/registrations/new.html.erb within layouts/application (15.0ms)
Completed 200 OK in 597ms (Views: 573.1ms | ActiveRecord: 0.6ms)


Started POST "/users" for 27.82.17.29 at 2021-03-12 14:03:30 +0000
Cannot render console from 27.82.17.29! Allowed networks: 127.0.0.1, ::1, 127.0.0.0/127.255.255.255
Processing by RegistrationsController#create as HTML
  Parameters: {"utf8"=>"âœ“", "authenticity_token"=>"N13KpPHyZ4z6n6RogmHeRBefoK/lhpjihqnPOZMO0GZzxU1zczVTtaNHXT/1rgkU34WVdTv17bNF/GWVVTveWQ==", "user"=>{"ruby_last_name"=>"123", "last_name"=>"123", "email"=>"123@123.com", "password"=>"[FILTERED]", "password_confirmation"=>"[FILTERED]", "postcode"=>"123", "prefecture_code"=>"13", "address_city"=>"è¶³ç«‹åŒº", "address_stree"=>"123", "address_building"=>"123"}, "commit"=>"Sign up"}
Unpermitted parameters: :prefecture_code, :address_stree
  [1m[35m (0.1ms)[0m  [1m[36mbegin transaction[0m
  â†³ /home/ec2-user/.rvm/gems/ruby-2.6.3/gems/activerecord-5.2.4.5/lib/active_record/log_subscriber.rb:98
  [1m[36mUser Exists (0.2ms)[0m  [1m[34mSELECT  1 AS one FROM "users" WHERE "users"."email" = ? LIMIT ?[0m  [["email", "123@123.com"], ["LIMIT", 1]]
  â†³ /home/ec2-user/.rvm/gems/ruby-2.6.3/gems/activerecord-5.2.4.5/lib/active_record/log_subscriber.rb:98
  [1m[35m (0.0ms)[0m  [1m[31mrollback transaction[0m
  â†³ /home/ec2-user/.rvm/gems/ruby-2.6.3/gems/activerecord-5.2.4.5/lib/active_record/log_subscriber.rb:98
  Rendering devise/registrations/new.html.erb within layouts/application
  Rendered devise/shared/_error_messages.html.erb (1.4ms)
  Rendered devise/shared/_links.html.erb (0.7ms)
  Rendered devise/registrations/new.html.erb within layouts/application (10.1ms)
Completed 200 OK in 443ms (Views: 125.2ms | ActiveRecord: 0.3ms)


Started GET "/users" for 27.82.17.29 at 2021-03-12 14:04:28 +0000
Cannot render console from 27.82.17.29! Allowed networks: 127.0.0.1, ::1, 127.0.0.0/127.255.255.255
  
ActionController::RoutingError (No route matches [GET] "/users"):
  
actionpack (5.2.4.5) lib/action_dispatch/middleware/debug_exceptions.rb:65:in `call'
web-console (3.7.0) lib/web_console/middleware.rb:135:in `call_app'
web-console (3.7.0) lib/web_console/middleware.rb:22:in `block in call'
web-console (3.7.0) lib/web_console/middleware.rb:20:in `catch'
web-console (3.7.0) lib/web_console/middleware.rb:20:in `call'
actionpack (5.2.4.5) lib/action_dispatch/middleware/show_exceptions.rb:33:in `call'
railties (5.2.4.5) lib/rails/rack/logger.rb:38:in `call_app'
railties (5.2.4.5) lib/rails/rack/logger.rb:26:in `block in call'
activesupport (5.2.4.5) lib/active_support/tagged_logging.rb:71:in `block in tagged'
activesupport (5.2.4.5) lib/active_support/tagged_logging.rb:28:in `tagged'
activesupport (5.2.4.5) lib/active_support/tagged_logging.rb:71:in `tagged'
railties (5.2.4.5) lib/rails/rack/logger.rb:26:in `call'
sprockets-rails (3.2.2) lib/sprockets/rails/quiet_assets.rb:13:in `call'
actionpack (5.2.4.5) lib/action_dispatch/middleware/remote_ip.rb:81:in `call'
actionpack (5.2.4.5) lib/action_dispatch/middleware/request_id.rb:27:in `call'
rack (2.2.3) lib/rack/method_override.rb:24:in `call'
rack (2.2.3) lib/rack/runtime.rb:22:in `call'
activesupport (5.2.4.5) lib/active_support/cache/strategy/local_cache_middleware.rb:29:in `call'
actionpack (5.2.4.5) lib/action_dispatch/middleware/executor.rb:14:in `call'
actionpack (5.2.4.5) lib/action_dispatch/middleware/static.rb:127:in `call'
rack (2.2.3) lib/rack/sendfile.rb:110:in `call'
railties (5.2.4.5) lib/rails/engine.rb:524:in `call'
puma (3.12.6) lib/puma/configuration.rb:227:in `call'
puma (3.12.6) lib/puma/server.rb:706:in `handle_request'
puma (3.12.6) lib/puma/server.rb:476:in `process_client'
puma (3.12.6) lib/puma/server.rb:334:in `block in run'
puma (3.12.6) lib/puma/thread_pool.rb:135:in `block in spawn_thread'
Started GET "/users/sign_up" for 27.82.17.29 at 2021-03-12 14:04:34 +0000
Cannot render console from 27.82.17.29! Allowed networks: 127.0.0.1, ::1, 127.0.0.0/127.255.255.255
Processing by RegistrationsController#new as HTML
  Rendering devise/registrations/new.html.erb within layouts/application
  Rendered devise/shared/_error_messages.html.erb (0.5ms)
  Rendered devise/shared/_links.html.erb (0.7ms)
  Rendered devise/registrations/new.html.erb within layouts/application (10.2ms)
Completed 200 OK in 121ms (Views: 120.0ms | ActiveRecord: 0.0ms)


Started POST "/users" for 27.82.17.29 at 2021-03-12 14:05:03 +0000
Cannot render console from 27.82.17.29! Allowed networks: 127.0.0.1, ::1, 127.0.0.0/127.255.255.255
Processing by RegistrationsController#create as HTML
  Parameters: {"utf8"=>"âœ“", "authenticity_token"=>"rJ+fZkFGDmKybZdlhevgKrI82/Ys1P1a929aoBACujzoBxixw4E6W+u1bjLyJDd6eibuLPKniAs0OvAM1je0Aw==", "user"=>{"ruby_last_name"=>"ãŸã‚ã†", "last_name"=>"å¤ªéƒŽ", "email"=>"123@123.com", "password"=>"[FILTERED]", "password_confirmation"=>"[FILTERED]", "postcode"=>"123", "prefecture_code"=>"13", "address_city"=>"è¶³ç«‹åŒº", "address_stree"=>"123", "address_building"=>"123"}, "commit"=>"Sign up"}
Unpermitted parameters: :prefecture_code, :address_stree
  [1m[35m (0.1ms)[0m  [1m[36mbegin transaction[0m
  â†³ /home/ec2-user/.rvm/gems/ruby-2.6.3/gems/activerecord-5.2.4.5/lib/active_record/log_subscriber.rb:98
  [1m[36mUser Exists (0.2ms)[0m  [1m[34mSELECT  1 AS one FROM "users" WHERE "users"."email" = ? LIMIT ?[0m  [["email", "123@123.com"], ["LIMIT", 1]]
  â†³ /home/ec2-user/.rvm/gems/ruby-2.6.3/gems/activerecord-5.2.4.5/lib/active_record/log_subscriber.rb:98
  [1m[35m (0.0ms)[0m  [1m[31mrollback transaction[0m
  â†³ /home/ec2-user/.rvm/gems/ruby-2.6.3/gems/activerecord-5.2.4.5/lib/active_record/log_subscriber.rb:98
  Rendering devise/registrations/new.html.erb within layouts/application
  Rendered devise/shared/_error_messages.html.erb (1.4ms)
  Rendered devise/shared/_links.html.erb (0.7ms)
  Rendered devise/registrations/new.html.erb within layouts/application (10.1ms)
Completed 200 OK in 437ms (Views: 122.0ms | ActiveRecord: 0.3ms)


Started GET "/users" for 27.82.17.29 at 2021-03-12 14:08:13 +0000
Cannot render console from 27.82.17.29! Allowed networks: 127.0.0.1, ::1, 127.0.0.0/127.255.255.255
  
ActionController::RoutingError (No route matches [GET] "/users"):
  
actionpack (5.2.4.5) lib/action_dispatch/middleware/debug_exceptions.rb:65:in `call'
web-console (3.7.0) lib/web_console/middleware.rb:135:in `call_app'
web-console (3.7.0) lib/web_console/middleware.rb:22:in `block in call'
web-console (3.7.0) lib/web_console/middleware.rb:20:in `catch'
web-console (3.7.0) lib/web_console/middleware.rb:20:in `call'
actionpack (5.2.4.5) lib/action_dispatch/middleware/show_exceptions.rb:33:in `call'
railties (5.2.4.5) lib/rails/rack/logger.rb:38:in `call_app'
railties (5.2.4.5) lib/rails/rack/logger.rb:26:in `block in call'
activesupport (5.2.4.5) lib/active_support/tagged_logging.rb:71:in `block in tagged'
activesupport (5.2.4.5) lib/active_support/tagged_logging.rb:28:in `tagged'
activesupport (5.2.4.5) lib/active_support/tagged_logging.rb:71:in `tagged'
railties (5.2.4.5) lib/rails/rack/logger.rb:26:in `call'
sprockets-rails (3.2.2) lib/sprockets/rails/quiet_assets.rb:13:in `call'
actionpack (5.2.4.5) lib/action_dispatch/middleware/remote_ip.rb:81:in `call'
actionpack (5.2.4.5) lib/action_dispatch/middleware/request_id.rb:27:in `call'
rack (2.2.3) lib/rack/method_override.rb:24:in `call'
rack (2.2.3) lib/rack/runtime.rb:22:in `call'
activesupport (5.2.4.5) lib/active_support/cache/strategy/local_cache_middleware.rb:29:in `call'
actionpack (5.2.4.5) lib/action_dispatch/middleware/executor.rb:14:in `call'
actionpack (5.2.4.5) lib/action_dispatch/middleware/static.rb:127:in `call'
rack (2.2.3) lib/rack/sendfile.rb:110:in `call'
railties (5.2.4.5) lib/rails/engine.rb:524:in `call'
puma (3.12.6) lib/puma/configuration.rb:227:in `call'
puma (3.12.6) lib/puma/server.rb:706:in `handle_request'
puma (3.12.6) lib/puma/server.rb:476:in `process_client'
puma (3.12.6) lib/puma/server.rb:334:in `block in run'
puma (3.12.6) lib/puma/thread_pool.rb:135:in `block in spawn_thread'
Started GET "/users/sign_up" for 27.82.17.29 at 2021-03-12 14:08:16 +0000
Cannot render console from 27.82.17.29! Allowed networks: 127.0.0.1, ::1, 127.0.0.0/127.255.255.255
Processing by RegistrationsController#new as HTML
  Rendering devise/registrations/new.html.erb within layouts/application
  Rendered devise/shared/_error_messages.html.erb (0.4ms)
  Rendered devise/shared/_links.html.erb (0.8ms)
  Rendered devise/registrations/new.html.erb within layouts/application (9.5ms)
Completed 200 OK in 130ms (Views: 111.9ms | ActiveRecord: 0.7ms)


Started POST "/users" for 27.82.17.29 at 2021-03-12 14:08:51 +0000
Cannot render console from 27.82.17.29! Allowed networks: 127.0.0.1, ::1, 127.0.0.0/127.255.255.255
Processing by RegistrationsController#create as HTML
  Parameters: {"utf8"=>"âœ“", "authenticity_token"=>"+aZKT9QFCZxm9SHgUsJg7tRGrM9dYjxf59LK+0AV0By9Ps2YVsI9pT8t2LclDbe+HFyZFYMRSQ4kh2BXhiDeIw==", "user"=>{"ruby_last_name"=>"ãŸã‚ã†", "last_name"=>"å¤ªéƒŽ", "email"=>"123@123.com", "password"=>"[FILTERED]", "password_confirmation"=>"[FILTERED]", "postcode"=>"1234123", "prefecture_code"=>"13", "address_city"=>"è¶³ç«‹åŒº", "address_stree"=>"123", "address_building"=>"123"}, "commit"=>"Sign up"}
Unpermitted parameters: :prefecture_code, :address_stree
  [1m[35m (0.1ms)[0m  [1m[36mbegin transaction[0m
  â†³ /home/ec2-user/.rvm/gems/ruby-2.6.3/gems/activerecord-5.2.4.5/lib/active_record/log_subscriber.rb:98
  [1m[36mUser Exists (0.2ms)[0m  [1m[34mSELECT  1 AS one FROM "users" WHERE "users"."email" = ? LIMIT ?[0m  [["email", "123@123.com"], ["LIMIT", 1]]
  â†³ /home/ec2-user/.rvm/gems/ruby-2.6.3/gems/activerecord-5.2.4.5/lib/active_record/log_subscriber.rb:98
  [1m[35m (0.1ms)[0m  [1m[31mrollback transaction[0m
  â†³ /home/ec2-user/.rvm/gems/ruby-2.6.3/gems/activerecord-5.2.4.5/lib/active_record/log_subscriber.rb:98
  Rendering devise/registrations/new.html.erb within layouts/application
  Rendered devise/shared/_error_messages.html.erb (1.5ms)
  Rendered devise/shared/_links.html.erb (0.7ms)
  Rendered devise/registrations/new.html.erb within layouts/application (10.1ms)
Completed 200 OK in 437ms (Views: 111.5ms | ActiveRecord: 0.3ms)


Started GET "/users" for 27.82.17.29 at 2021-03-12 14:12:20 +0000
Cannot render console from 27.82.17.29! Allowed networks: 127.0.0.1, ::1, 127.0.0.0/127.255.255.255
  
ActionController::RoutingError (No route matches [GET] "/users"):
  
actionpack (5.2.4.5) lib/action_dispatch/middleware/debug_exceptions.rb:65:in `call'
web-console (3.7.0) lib/web_console/middleware.rb:135:in `call_app'
web-console (3.7.0) lib/web_console/middleware.rb:22:in `block in call'
web-console (3.7.0) lib/web_console/middleware.rb:20:in `catch'
web-console (3.7.0) lib/web_console/middleware.rb:20:in `call'
actionpack (5.2.4.5) lib/action_dispatch/middleware/show_exceptions.rb:33:in `call'
railties (5.2.4.5) lib/rails/rack/logger.rb:38:in `call_app'
railties (5.2.4.5) lib/rails/rack/logger.rb:26:in `block in call'
activesupport (5.2.4.5) lib/active_support/tagged_logging.rb:71:in `block in tagged'
activesupport (5.2.4.5) lib/active_support/tagged_logging.rb:28:in `tagged'
activesupport (5.2.4.5) lib/active_support/tagged_logging.rb:71:in `tagged'
railties (5.2.4.5) lib/rails/rack/logger.rb:26:in `call'
sprockets-rails (3.2.2) lib/sprockets/rails/quiet_assets.rb:13:in `call'
actionpack (5.2.4.5) lib/action_dispatch/middleware/remote_ip.rb:81:in `call'
actionpack (5.2.4.5) lib/action_dispatch/middleware/request_id.rb:27:in `call'
rack (2.2.3) lib/rack/method_override.rb:24:in `call'
rack (2.2.3) lib/rack/runtime.rb:22:in `call'
activesupport (5.2.4.5) lib/active_support/cache/strategy/local_cache_middleware.rb:29:in `call'
actionpack (5.2.4.5) lib/action_dispatch/middleware/executor.rb:14:in `call'
actionpack (5.2.4.5) lib/action_dispatch/middleware/static.rb:127:in `call'
rack (2.2.3) lib/rack/sendfile.rb:110:in `call'
railties (5.2.4.5) lib/rails/engine.rb:524:in `call'
puma (3.12.6) lib/puma/configuration.rb:227:in `call'
puma (3.12.6) lib/puma/server.rb:706:in `handle_request'
puma (3.12.6) lib/puma/server.rb:476:in `process_client'
puma (3.12.6) lib/puma/server.rb:334:in `block in run'
puma (3.12.6) lib/puma/thread_pool.rb:135:in `block in spawn_thread'
Started GET "/users/sign_up" for 27.82.17.29 at 2021-03-12 14:12:25 +0000
Cannot render console from 27.82.17.29! Allowed networks: 127.0.0.1, ::1, 127.0.0.0/127.255.255.255
Processing by RegistrationsController#new as HTML
  Rendering devise/registrations/new.html.erb within layouts/application
  Rendered devise/shared/_error_messages.html.erb (0.4ms)
  Rendered devise/shared/_links.html.erb (0.7ms)
  Rendered devise/registrations/new.html.erb within layouts/application (15.4ms)
Completed 200 OK in 237ms (Views: 219.8ms | ActiveRecord: 1.4ms)


Started POST "/users" for 27.82.17.29 at 2021-03-12 14:13:24 +0000
Cannot render console from 27.82.17.29! Allowed networks: 127.0.0.1, ::1, 127.0.0.0/127.255.255.255
Processing by RegistrationsController#create as HTML
  Parameters: {"utf8"=>"âœ“", "authenticity_token"=>"nf6CABybS/iG0hVFjDK84v8IzM4pkcVNBXpZXGELSYrZZgXXnlx/wd8K7BL7/WuyNxL5FPfisBzGL/Pwpz5HtQ==", "user"=>{"ruby_last_name"=>"ãŸã‚ã†", "last_name"=>"å¤ªéƒŽ", "email"=>"123@123.com", "password"=>"[FILTERED]", "password_confirmation"=>"[FILTERED]", "postcode"=>"123", "prefecture_code"=>"13", "address_city"=>"è¶³ç«‹åŒº", "address_stree"=>"123", "address_building"=>"123"}, "commit"=>"Sign up"}
Unpermitted parameters: :prefecture_code, :address_stree
  [1m[35m (0.1ms)[0m  [1m[36mbegin transaction[0m
  â†³ /home/ec2-user/.rvm/gems/ruby-2.6.3/gems/activerecord-5.2.4.5/lib/active_record/log_subscriber.rb:98
  [1m[36mUser Exists (0.2ms)[0m  [1m[34mSELECT  1 AS one FROM "users" WHERE "users"."email" = ? LIMIT ?[0m  [["email", "123@123.com"], ["LIMIT", 1]]
  â†³ /home/ec2-user/.rvm/gems/ruby-2.6.3/gems/activerecord-5.2.4.5/lib/active_record/log_subscriber.rb:98
  [1m[35m (0.0ms)[0m  [1m[31mrollback transaction[0m
  â†³ /home/ec2-user/.rvm/gems/ruby-2.6.3/gems/activerecord-5.2.4.5/lib/active_record/log_subscriber.rb:98
  Rendering devise/registrations/new.html.erb within layouts/application
  Rendered devise/shared/_error_messages.html.erb (1.4ms)
  Rendered devise/shared/_links.html.erb (0.7ms)
  Rendered devise/registrations/new.html.erb within layouts/application (9.3ms)
Completed 200 OK in 435ms (Views: 116.4ms | ActiveRecord: 0.3ms)


Started GET "/users" for 27.82.17.29 at 2021-03-12 14:14:52 +0000
Cannot render console from 27.82.17.29! Allowed networks: 127.0.0.1, ::1, 127.0.0.0/127.255.255.255
  
ActionController::RoutingError (No route matches [GET] "/users"):
  
actionpack (5.2.4.5) lib/action_dispatch/middleware/debug_exceptions.rb:65:in `call'
web-console (3.7.0) lib/web_console/middleware.rb:135:in `call_app'
web-console (3.7.0) lib/web_console/middleware.rb:22:in `block in call'
web-console (3.7.0) lib/web_console/middleware.rb:20:in `catch'
web-console (3.7.0) lib/web_console/middleware.rb:20:in `call'
actionpack (5.2.4.5) lib/action_dispatch/middleware/show_exceptions.rb:33:in `call'
railties (5.2.4.5) lib/rails/rack/logger.rb:38:in `call_app'
railties (5.2.4.5) lib/rails/rack/logger.rb:26:in `block in call'
activesupport (5.2.4.5) lib/active_support/tagged_logging.rb:71:in `block in tagged'
activesupport (5.2.4.5) lib/active_support/tagged_logging.rb:28:in `tagged'
activesupport (5.2.4.5) lib/active_support/tagged_logging.rb:71:in `tagged'
railties (5.2.4.5) lib/rails/rack/logger.rb:26:in `call'
sprockets-rails (3.2.2) lib/sprockets/rails/quiet_assets.rb:13:in `call'
actionpack (5.2.4.5) lib/action_dispatch/middleware/remote_ip.rb:81:in `call'
actionpack (5.2.4.5) lib/action_dispatch/middleware/request_id.rb:27:in `call'
rack (2.2.3) lib/rack/method_override.rb:24:in `call'
rack (2.2.3) lib/rack/runtime.rb:22:in `call'
activesupport (5.2.4.5) lib/active_support/cache/strategy/local_cache_middleware.rb:29:in `call'
actionpack (5.2.4.5) lib/action_dispatch/middleware/executor.rb:14:in `call'
actionpack (5.2.4.5) lib/action_dispatch/middleware/static.rb:127:in `call'
rack (2.2.3) lib/rack/sendfile.rb:110:in `call'
railties (5.2.4.5) lib/rails/engine.rb:524:in `call'
puma (3.12.6) lib/puma/configuration.rb:227:in `call'
puma (3.12.6) lib/puma/server.rb:706:in `handle_request'
puma (3.12.6) lib/puma/server.rb:476:in `process_client'
puma (3.12.6) lib/puma/server.rb:334:in `block in run'
puma (3.12.6) lib/puma/thread_pool.rb:135:in `block in spawn_thread'
Started GET "/users/sign_up" for 27.82.17.29 at 2021-03-12 14:14:55 +0000
Cannot render console from 27.82.17.29! Allowed networks: 127.0.0.1, ::1, 127.0.0.0/127.255.255.255
Processing by RegistrationsController#new as HTML
  Rendering devise/registrations/new.html.erb within layouts/application
  Rendered devise/shared/_error_messages.html.erb (0.4ms)
  Rendered devise/shared/_links.html.erb (0.7ms)
  Rendered devise/registrations/new.html.erb within layouts/application (8.9ms)
Completed 200 OK in 113ms (Views: 95.7ms | ActiveRecord: 0.7ms)


Started POST "/users" for 27.82.17.29 at 2021-03-12 14:15:22 +0000
Cannot render console from 27.82.17.29! Allowed networks: 127.0.0.1, ::1, 127.0.0.0/127.255.255.255
Processing by RegistrationsController#create as HTML
  Parameters: {"utf8"=>"âœ“", "authenticity_token"=>"LIMrmCumzqKEcqTYfJdG0QTO4yEDnGRYbmANPYpriGJoG6xPqWH6m92qXY8LWJGBzNTW+93vEQmtNaeRTF6GXQ==", "user"=>{"ruby_last_name"=>"ãŸã‚ã†", "last_name"=>"å¤ªéƒŽ", "email"=>"123@123.com", "password"=>"[FILTERED]", "password_confirmation"=>"[FILTERED]", "postcode"=>"123", "prefecture_code"=>"13", "address_city"=>"è¶³ç«‹åŒº", "address_stree"=>"123", "address_building"=>"123"}, "commit"=>"Sign up"}
Unpermitted parameters: :prefecture_code, :address_stree
  [1m[35m (0.1ms)[0m  [1m[36mbegin transaction[0m
  â†³ /home/ec2-user/.rvm/gems/ruby-2.6.3/gems/activerecord-5.2.4.5/lib/active_record/log_subscriber.rb:98
  [1m[36mUser Exists (0.2ms)[0m  [1m[34mSELECT  1 AS one FROM "users" WHERE "users"."email" = ? LIMIT ?[0m  [["email", "123@123.com"], ["LIMIT", 1]]
  â†³ /home/ec2-user/.rvm/gems/ruby-2.6.3/gems/activerecord-5.2.4.5/lib/active_record/log_subscriber.rb:98
  [1m[35m (0.0ms)[0m  [1m[31mrollback transaction[0m
  â†³ /home/ec2-user/.rvm/gems/ruby-2.6.3/gems/activerecord-5.2.4.5/lib/active_record/log_subscriber.rb:98
  Rendering devise/registrations/new.html.erb within layouts/application
  Rendered devise/shared/_error_messages.html.erb (1.4ms)
  Rendered devise/shared/_links.html.erb (0.7ms)
  Rendered devise/registrations/new.html.erb within layouts/application (9.5ms)
Completed 200 OK in 434ms (Views: 113.7ms | ActiveRecord: 0.3ms)


Started GET "/users" for 27.82.17.29 at 2021-03-12 14:21:26 +0000
Cannot render console from 27.82.17.29! Allowed networks: 127.0.0.1, ::1, 127.0.0.0/127.255.255.255
  [1m[35m (0.1ms)[0m  [1m[34mSELECT "schema_migrations"."version" FROM "schema_migrations" ORDER BY "schema_migrations"."version" ASC[0m
  â†³ /home/ec2-user/.rvm/gems/ruby-2.6.3/gems/activerecord-5.2.4.5/lib/active_record/log_subscriber.rb:98
  
ActionController::RoutingError (No route matches [GET] "/users"):
  
actionpack (5.2.4.5) lib/action_dispatch/middleware/debug_exceptions.rb:65:in `call'
web-console (3.7.0) lib/web_console/middleware.rb:135:in `call_app'
web-console (3.7.0) lib/web_console/middleware.rb:22:in `block in call'
web-console (3.7.0) lib/web_console/middleware.rb:20:in `catch'
web-console (3.7.0) lib/web_console/middleware.rb:20:in `call'
actionpack (5.2.4.5) lib/action_dispatch/middleware/show_exceptions.rb:33:in `call'
railties (5.2.4.5) lib/rails/rack/logger.rb:38:in `call_app'
railties (5.2.4.5) lib/rails/rack/logger.rb:26:in `block in call'
activesupport (5.2.4.5) lib/active_support/tagged_logging.rb:71:in `block in tagged'
activesupport (5.2.4.5) lib/active_support/tagged_logging.rb:28:in `tagged'
activesupport (5.2.4.5) lib/active_support/tagged_logging.rb:71:in `tagged'
railties (5.2.4.5) lib/rails/rack/logger.rb:26:in `call'
sprockets-rails (3.2.2) lib/sprockets/rails/quiet_assets.rb:13:in `call'
actionpack (5.2.4.5) lib/action_dispatch/middleware/remote_ip.rb:81:in `call'
actionpack (5.2.4.5) lib/action_dispatch/middleware/request_id.rb:27:in `call'
rack (2.2.3) lib/rack/method_override.rb:24:in `call'
rack (2.2.3) lib/rack/runtime.rb:22:in `call'
activesupport (5.2.4.5) lib/active_support/cache/strategy/local_cache_middleware.rb:29:in `call'
actionpack (5.2.4.5) lib/action_dispatch/middleware/executor.rb:14:in `call'
actionpack (5.2.4.5) lib/action_dispatch/middleware/static.rb:127:in `call'
rack (2.2.3) lib/rack/sendfile.rb:110:in `call'
railties (5.2.4.5) lib/rails/engine.rb:524:in `call'
puma (3.12.6) lib/puma/configuration.rb:227:in `call'
puma (3.12.6) lib/puma/server.rb:706:in `handle_request'
puma (3.12.6) lib/puma/server.rb:476:in `process_client'
puma (3.12.6) lib/puma/server.rb:334:in `block in run'
puma (3.12.6) lib/puma/thread_pool.rb:135:in `block in spawn_thread'
Started GET "/users/sign_up" for 27.82.17.29 at 2021-03-12 14:21:29 +0000
Cannot render console from 27.82.17.29! Allowed networks: 127.0.0.1, ::1, 127.0.0.0/127.255.255.255
Processing by RegistrationsController#new as HTML
  Rendering devise/registrations/new.html.erb within layouts/application
  Rendered devise/shared/_error_messages.html.erb (0.4ms)
  Rendered devise/shared/_links.html.erb (1.9ms)
  Rendered devise/registrations/new.html.erb within layouts/application (27.9ms)
Completed 200 OK in 749ms (Views: 727.6ms | ActiveRecord: 0.7ms)


Started POST "/users" for 27.82.17.29 at 2021-03-12 14:22:03 +0000
Cannot render console from 27.82.17.29! Allowed networks: 127.0.0.1, ::1, 127.0.0.0/127.255.255.255
Processing by RegistrationsController#create as HTML
  Parameters: {"utf8"=>"âœ“", "authenticity_token"=>"Fe51s1936SDm9uKKVSj4m5eXuptR8oahckQTjuTeCI1RdvJk3bDdGb8uG90i5y/LX42PQY+B8/CxEbkiIusGsg==", "user"=>{"ruby_last_name"=>"ãŸã‚ã†", "last_name"=>"å¤ªéƒŽ", "email"=>"123@123.com", "password"=>"[FILTERED]", "password_confirmation"=>"[FILTERED]", "postcode"=>"123", "prefecture_code"=>"13", "address_city"=>"è¶³ç«‹åŒº", "address_stree"=>"123", "address_building"=>"123"}, "commit"=>"Sign up"}
Unpermitted parameters: :prefecture_code, :address_stree
  [1m[35m (0.1ms)[0m  [1m[36mbegin transaction[0m
  â†³ /home/ec2-user/.rvm/gems/ruby-2.6.3/gems/activerecord-5.2.4.5/lib/active_record/log_subscriber.rb:98
  [1m[36mUser Exists (0.2ms)[0m  [1m[34mSELECT  1 AS one FROM "users" WHERE "users"."email" = ? LIMIT ?[0m  [["email", "123@123.com"], ["LIMIT", 1]]
  â†³ /home/ec2-user/.rvm/gems/ruby-2.6.3/gems/activerecord-5.2.4.5/lib/active_record/log_subscriber.rb:98
  [1m[35m (0.1ms)[0m  [1m[31mrollback transaction[0m
  â†³ /home/ec2-user/.rvm/gems/ruby-2.6.3/gems/activerecord-5.2.4.5/lib/active_record/log_subscriber.rb:98
  Rendering devise/registrations/new.html.erb within layouts/application
  Rendered devise/shared/_error_messages.html.erb (1.4ms)
  Rendered devise/shared/_links.html.erb (0.8ms)
  Rendered devise/registrations/new.html.erb within layouts/application (9.7ms)
Completed 200 OK in 451ms (Views: 122.9ms | ActiveRecord: 0.3ms)


Started GET "/users/sign_up" for 27.82.17.29 at 2021-03-12 14:25:10 +0000
Cannot render console from 27.82.17.29! Allowed networks: 127.0.0.1, ::1, 127.0.0.0/127.255.255.255
  [1m[35m (0.1ms)[0m  [1m[34mSELECT "schema_migrations"."version" FROM "schema_migrations" ORDER BY "schema_migrations"."version" ASC[0m
  â†³ /home/ec2-user/.rvm/gems/ruby-2.6.3/gems/activerecord-5.2.4.5/lib/active_record/log_subscriber.rb:98
Processing by RegistrationsController#new as HTML
  Rendering devise/registrations/new.html.erb within layouts/application
  Rendered devise/shared/_error_messages.html.erb (0.5ms)
  Rendered devise/shared/_links.html.erb (2.0ms)
  Rendered devise/registrations/new.html.erb within layouts/application (24.6ms)
Completed 200 OK in 687ms (Views: 640.6ms | ActiveRecord: 0.7ms)


Started POST "/users" for 27.82.17.29 at 2021-03-12 14:25:49 +0000
Cannot render console from 27.82.17.29! Allowed networks: 127.0.0.1, ::1, 127.0.0.0/127.255.255.255
Processing by RegistrationsController#create as HTML
  Parameters: {"utf8"=>"âœ“", "authenticity_token"=>"JyaGWtONRheb+4pAvfaZKYDjvQfDuRgK0uB90ZMa8T1jvgGNUUpyLsIjcxfKOU55SPmI3R3KbVsRtdd9VS//Ag==", "user"=>{"ruby_last_name"=>"ã‚„ã¾ã ", "last_name"=>"å±±ç”°", "ruby_first_name"=>"ãŸã‚ã†", "first_name"=>"å¤ªéƒŽ", "email"=>"123@123.com", "password"=>"[FILTERED]", "password_confirmation"=>"[FILTERED]", "postcode"=>"123", "prefecture_code"=>"13", "address_city"=>"è¶³ç«‹åŒº", "address_stree"=>"123", "address_building"=>"123"}, "commit"=>"Sign up"}
Unpermitted parameters: :prefecture_code, :address_stree
  [1m[35m (0.1ms)[0m  [1m[36mbegin transaction[0m
  â†³ /home/ec2-user/.rvm/gems/ruby-2.6.3/gems/activerecord-5.2.4.5/lib/active_record/log_subscriber.rb:98
  [1m[36mUser Exists (0.2ms)[0m  [1m[34mSELECT  1 AS one FROM "users" WHERE "users"."email" = ? LIMIT ?[0m  [["email", "123@123.com"], ["LIMIT", 1]]
  â†³ /home/ec2-user/.rvm/gems/ruby-2.6.3/gems/activerecord-5.2.4.5/lib/active_record/log_subscriber.rb:98
  [1m[35m (0.0ms)[0m  [1m[31mrollback transaction[0m
  â†³ /home/ec2-user/.rvm/gems/ruby-2.6.3/gems/activerecord-5.2.4.5/lib/active_record/log_subscriber.rb:98
  Rendering devise/registrations/new.html.erb within layouts/application
  Rendered devise/shared/_error_messages.html.erb (1.2ms)
  Rendered devise/shared/_links.html.erb (0.7ms)
  Rendered devise/registrations/new.html.erb within layouts/application (9.2ms)
Completed 200 OK in 429ms (Views: 109.2ms | ActiveRecord: 0.3ms)


Started GET "/users" for 27.82.17.29 at 2021-03-12 14:27:55 +0000
Cannot render console from 27.82.17.29! Allowed networks: 127.0.0.1, ::1, 127.0.0.0/127.255.255.255
  [1m[35m (0.2ms)[0m  [1m[34mSELECT "schema_migrations"."version" FROM "schema_migrations" ORDER BY "schema_migrations"."version" ASC[0m
  â†³ /home/ec2-user/.rvm/gems/ruby-2.6.3/gems/activerecord-5.2.4.5/lib/active_record/log_subscriber.rb:98
  
ActionController::RoutingError (No route matches [GET] "/users"):
  
actionpack (5.2.4.5) lib/action_dispatch/middleware/debug_exceptions.rb:65:in `call'
web-console (3.7.0) lib/web_console/middleware.rb:135:in `call_app'
web-console (3.7.0) lib/web_console/middleware.rb:22:in `block in call'
web-console (3.7.0) lib/web_console/middleware.rb:20:in `catch'
web-console (3.7.0) lib/web_console/middleware.rb:20:in `call'
actionpack (5.2.4.5) lib/action_dispatch/middleware/show_exceptions.rb:33:in `call'
railties (5.2.4.5) lib/rails/rack/logger.rb:38:in `call_app'
railties (5.2.4.5) lib/rails/rack/logger.rb:26:in `block in call'
activesupport (5.2.4.5) lib/active_support/tagged_logging.rb:71:in `block in tagged'
activesupport (5.2.4.5) lib/active_support/tagged_logging.rb:28:in `tagged'
activesupport (5.2.4.5) lib/active_support/tagged_logging.rb:71:in `tagged'
railties (5.2.4.5) lib/rails/rack/logger.rb:26:in `call'
sprockets-rails (3.2.2) lib/sprockets/rails/quiet_assets.rb:13:in `call'
actionpack (5.2.4.5) lib/action_dispatch/middleware/remote_ip.rb:81:in `call'
actionpack (5.2.4.5) lib/action_dispatch/middleware/request_id.rb:27:in `call'
rack (2.2.3) lib/rack/method_override.rb:24:in `call'
rack (2.2.3) lib/rack/runtime.rb:22:in `call'
activesupport (5.2.4.5) lib/active_support/cache/strategy/local_cache_middleware.rb:29:in `call'
actionpack (5.2.4.5) lib/action_dispatch/middleware/executor.rb:14:in `call'
actionpack (5.2.4.5) lib/action_dispatch/middleware/static.rb:127:in `call'
rack (2.2.3) lib/rack/sendfile.rb:110:in `call'
railties (5.2.4.5) lib/rails/engine.rb:524:in `call'
puma (3.12.6) lib/puma/configuration.rb:227:in `call'
puma (3.12.6) lib/puma/server.rb:706:in `handle_request'
puma (3.12.6) lib/puma/server.rb:476:in `process_client'
puma (3.12.6) lib/puma/server.rb:334:in `block in run'
puma (3.12.6) lib/puma/thread_pool.rb:135:in `block in spawn_thread'
Started GET "/users/sign_up" for 27.82.17.29 at 2021-03-12 14:27:57 +0000
Cannot render console from 27.82.17.29! Allowed networks: 127.0.0.1, ::1, 127.0.0.0/127.255.255.255
Processing by RegistrationsController#new as HTML
  Rendering devise/registrations/new.html.erb within layouts/application
  Rendered devise/shared/_error_messages.html.erb (0.4ms)
  Rendered devise/shared/_links.html.erb (1.1ms)
  Rendered devise/registrations/new.html.erb within layouts/application (12.2ms)
Completed 200 OK in 557ms (Views: 536.7ms | ActiveRecord: 0.7ms)


Started POST "/users" for 27.82.17.29 at 2021-03-12 14:28:39 +0000
Cannot render console from 27.82.17.29! Allowed networks: 127.0.0.1, ::1, 127.0.0.0/127.255.255.255
Processing by RegistrationsController#create as HTML
  Parameters: {"utf8"=>"âœ“", "authenticity_token"=>"u4lqhi+BqfMMIj9QLx+P627OYlAEmtBPUVuwp3efDvf/Ee1RrUadylX6xgdY0Fi7ptRXitrppR6SDhoLsaoAyA==", "user"=>{"ruby_last_name"=>"ã‚„ã¾ã ", "last_name"=>"å±±ç”°", "ruby_first_name"=>"ãŸã‚ã†", "first_name"=>"å¤ªéƒŽ", "email"=>"123@123.com", "phone_number"=>"08012341234", "password"=>"[FILTERED]", "password_confirmation"=>"[FILTERED]", "postcode"=>"123", "prefecture_code"=>"13", "address_city"=>"è¶³ç«‹åŒº", "address_street"=>"123", "address_building"=>"123"}, "commit"=>"Sign up"}
Unpermitted parameters: :phone_number, :prefecture_code
  [1m[35m (0.1ms)[0m  [1m[36mbegin transaction[0m
  â†³ /home/ec2-user/.rvm/gems/ruby-2.6.3/gems/activerecord-5.2.4.5/lib/active_record/log_subscriber.rb:98
  [1m[36mUser Exists (0.2ms)[0m  [1m[34mSELECT  1 AS one FROM "users" WHERE "users"."email" = ? LIMIT ?[0m  [["email", "123@123.com"], ["LIMIT", 1]]
  â†³ /home/ec2-user/.rvm/gems/ruby-2.6.3/gems/activerecord-5.2.4.5/lib/active_record/log_subscriber.rb:98
  [1m[35m (0.0ms)[0m  [1m[31mrollback transaction[0m
  â†³ /home/ec2-user/.rvm/gems/ruby-2.6.3/gems/activerecord-5.2.4.5/lib/active_record/log_subscriber.rb:98
  Rendering devise/registrations/new.html.erb within layouts/application
  Rendered devise/shared/_error_messages.html.erb (0.9ms)
  Rendered devise/shared/_links.html.erb (0.7ms)
  Rendered devise/registrations/new.html.erb within layouts/application (9.1ms)
Completed 200 OK in 441ms (Views: 124.9ms | ActiveRecord: 0.3ms)


Started GET "/users/sign_up" for 27.82.17.29 at 2021-03-12 14:30:08 +0000
Cannot render console from 27.82.17.29! Allowed networks: 127.0.0.1, ::1, 127.0.0.0/127.255.255.255
Processing by RegistrationsController#new as HTML
  Rendering devise/registrations/new.html.erb within layouts/application
  Rendered devise/shared/_error_messages.html.erb (0.4ms)
  Rendered devise/shared/_links.html.erb (2.2ms)
  Rendered devise/registrations/new.html.erb within layouts/application (32.8ms)
Completed 200 OK in 130ms (Views: 128.4ms | ActiveRecord: 0.0ms)


Started POST "/users" for 27.82.17.29 at 2021-03-12 14:30:42 +0000
Cannot render console from 27.82.17.29! Allowed networks: 127.0.0.1, ::1, 127.0.0.0/127.255.255.255
Processing by RegistrationsController#create as HTML
  Parameters: {"utf8"=>"âœ“", "authenticity_token"=>"1E8Vu9lbmfVt09aPmvq9wlmxUXRbqoJOqE0jUkwLI0aQ15JsW5ytzDQLL9jtNWqSkatkroXZ9x9rGIn+ij4teQ==", "user"=>{"ruby_last_name"=>"123", "last_name"=>"123", "ruby_first_name"=>"123", "first_name"=>"123", "email"=>"123@123.com", "phone_number"=>"08012341234", "password"=>"[FILTERED]", "password_confirmation"=>"[FILTERED]", "postcode"=>"123", "prefecture_code"=>"13", "address_city"=>"è¶³ç«‹åŒº", "address_street"=>"123", "address_building"=>"123"}, "commit"=>"Sign up"}
Unpermitted parameters: :phone_number, :prefecture_code
  [1m[35m (0.1ms)[0m  [1m[36mbegin transaction[0m
  â†³ /home/ec2-user/.rvm/gems/ruby-2.6.3/gems/activerecord-5.2.4.5/lib/active_record/log_subscriber.rb:98
  [1m[36mUser Exists (0.2ms)[0m  [1m[34mSELECT  1 AS one FROM "users" WHERE "users"."email" = ? LIMIT ?[0m  [["email", "123@123.com"], ["LIMIT", 1]]
  â†³ /home/ec2-user/.rvm/gems/ruby-2.6.3/gems/activerecord-5.2.4.5/lib/active_record/log_subscriber.rb:98
  [1m[35m (0.0ms)[0m  [1m[31mrollback transaction[0m
  â†³ /home/ec2-user/.rvm/gems/ruby-2.6.3/gems/activerecord-5.2.4.5/lib/active_record/log_subscriber.rb:98
  Rendering devise/registrations/new.html.erb within layouts/application
  Rendered devise/shared/_error_messages.html.erb (1.0ms)
  Rendered devise/shared/_links.html.erb (0.7ms)
  Rendered devise/registrations/new.html.erb within layouts/application (9.8ms)
Completed 200 OK in 433ms (Views: 113.2ms | ActiveRecord: 0.3ms)


Started GET "/users/sign_up" for 27.82.17.29 at 2021-03-12 14:32:33 +0000
Cannot render console from 27.82.17.29! Allowed networks: 127.0.0.1, ::1, 127.0.0.0/127.255.255.255
  [1m[35m (0.2ms)[0m  [1m[34mSELECT "schema_migrations"."version" FROM "schema_migrations" ORDER BY "schema_migrations"."version" ASC[0m
  â†³ /home/ec2-user/.rvm/gems/ruby-2.6.3/gems/activerecord-5.2.4.5/lib/active_record/log_subscriber.rb:98
Processing by RegistrationsController#new as HTML
  Rendering devise/registrations/new.html.erb within layouts/application
  Rendered devise/shared/_error_messages.html.erb (0.4ms)
  Rendered devise/shared/_links.html.erb (1.1ms)
  Rendered devise/registrations/new.html.erb within layouts/application (13.8ms)
Completed 200 OK in 614ms (Views: 589.9ms | ActiveRecord: 0.7ms)


Started GET "/users/sign_up" for 27.82.17.29 at 2021-03-12 14:33:40 +0000
Cannot render console from 27.82.17.29! Allowed networks: 127.0.0.1, ::1, 127.0.0.0/127.255.255.255
  [1m[35m (0.1ms)[0m  [1m[34mSELECT "schema_migrations"."version" FROM "schema_migrations" ORDER BY "schema_migrations"."version" ASC[0m
  â†³ /home/ec2-user/.rvm/gems/ruby-2.6.3/gems/activerecord-5.2.4.5/lib/active_record/log_subscriber.rb:98
Processing by RegistrationsController#new as HTML
  Rendering devise/registrations/new.html.erb within layouts/application
  Rendered devise/shared/_error_messages.html.erb (0.4ms)
  Rendered devise/shared/_links.html.erb (1.2ms)
  Rendered devise/registrations/new.html.erb within layouts/application (14.0ms)
Completed 200 OK in 628ms (Views: 603.4ms | ActiveRecord: 0.6ms)


Started POST "/users" for 27.82.17.29 at 2021-03-12 14:34:05 +0000
Cannot render console from 27.82.17.29! Allowed networks: 127.0.0.1, ::1, 127.0.0.0/127.255.255.255
Processing by RegistrationsController#create as HTML
  Parameters: {"utf8"=>"âœ“", "authenticity_token"=>"EMWs2Kqh8azTLsuuN5DLm+x8mMGnPP3BSRxrVPVOP2dUXSsPKGbFlYr2MvlAXxzLJGatG3lPiJCKScH4M3sxWA==", "user"=>{"ruby_last_name"=>"123", "last_name"=>"123", "ruby_first_name"=>"123", "first_name"=>"123", "email"=>"123@123.com", "phone_number"=>"0801234123", "password"=>"[FILTERED]", "password_confirmation"=>"[FILTERED]", "postcode"=>"123", "prefecture_code"=>"13", "address_city"=>"è¶³ç«‹åŒº", "address_street"=>"123", "address_building"=>"123"}, "commit"=>"Sign up"}
  [1m[35m (0.1ms)[0m  [1m[36mbegin transaction[0m
  â†³ /home/ec2-user/.rvm/gems/ruby-2.6.3/gems/activerecord-5.2.4.5/lib/active_record/log_subscriber.rb:98
  [1m[36mUser Exists (0.2ms)[0m  [1m[34mSELECT  1 AS one FROM "users" WHERE "users"."email" = ? LIMIT ?[0m  [["email", "123@123.com"], ["LIMIT", 1]]
  â†³ /home/ec2-user/.rvm/gems/ruby-2.6.3/gems/activerecord-5.2.4.5/lib/active_record/log_subscriber.rb:98
  [1m[36mUser Create (0.5ms)[0m  [1m[32mINSERT INTO "users" ("email", "encrypted_password", "last_name", "first_name", "ruby_last_name", "ruby_first_name", "postcode", "prefecture_code", "address_city", "address_street", "address_building", "phone_number", "created_at", "updated_at") VALUES (?, ?, ?, ?, ?, ?, ?, ?, ?, ?, ?, ?, ?, ?)[0m  [["email", "123@123.com"], ["encrypted_password", "$2a$12$7pXHEJ.nEt4OnNFajH/5x.vCE6Lt5an71cMpNGHKfi7/evLxuaGNm"], ["last_name", "123"], ["first_name", "123"], ["ruby_last_name", "123"], ["ruby_first_name", "123"], ["postcode", 123], ["prefecture_code", 13], ["address_city", "è¶³ç«‹åŒº"], ["address_street", "123"], ["address_building", "123"], ["phone_number", 801234123], ["created_at", "2021-03-12 14:34:06.067243"], ["updated_at", "2021-03-12 14:34:06.067243"]]
  â†³ /home/ec2-user/.rvm/gems/ruby-2.6.3/gems/activerecord-5.2.4.5/lib/active_record/log_subscriber.rb:98
  [1m[35m (0.1ms)[0m  [1m[31mrollback transaction[0m
  â†³ /home/ec2-user/.rvm/gems/ruby-2.6.3/gems/activerecord-5.2.4.5/lib/active_record/log_subscriber.rb:98
Completed 500 Internal Server Error in 322ms (ActiveRecord: 0.8ms)


  
ActiveRecord::NotNullViolation (SQLite3::ConstraintException: users.password may not be NULL: INSERT INTO "users" ("email", "encrypted_password", "last_name", "first_name", "ruby_last_name", "ruby_first_name", "postcode", "prefecture_code", "address_city", "address_street", "address_building", "phone_number", "created_at", "updated_at") VALUES (?, ?, ?, ?, ?, ?, ?, ?, ?, ?, ?, ?, ?, ?)):
  
sqlite3 (1.4.2) lib/sqlite3/statement.rb:108:in `step'
sqlite3 (1.4.2) lib/sqlite3/statement.rb:108:in `block in each'
sqlite3 (1.4.2) lib/sqlite3/statement.rb:107:in `loop'
sqlite3 (1.4.2) lib/sqlite3/statement.rb:107:in `each'
activerecord (5.2.4.5) lib/active_record/connection_adapters/sqlite3_adapter.rb:222:in `to_a'
activerecord (5.2.4.5) lib/active_record/connection_adapters/sqlite3_adapter.rb:222:in `block (2 levels) in exec_query'
activesupport (5.2.4.5) lib/active_support/dependencies/interlock.rb:48:in `block in permit_concurrent_loads'
activesupport (5.2.4.5) lib/active_support/concurrency/share_lock.rb:187:in `yield_shares'
activesupport (5.2.4.5) lib/active_support/dependencies/interlock.rb:47:in `permit_concurrent_loads'
activerecord (5.2.4.5) lib/active_record/connection_adapters/sqlite3_adapter.rb:213:in `block in exec_query'
activerecord (5.2.4.5) lib/active_record/connection_adapters/abstract_adapter.rb:581:in `block (2 levels) in log'
/home/ec2-user/.rvm/rubies/ruby-2.6.3/lib/ruby/2.6.0/monitor.rb:230:in `mon_synchronize'
activerecord (5.2.4.5) lib/active_record/connection_adapters/abstract_adapter.rb:580:in `block in log'
activesupport (5.2.4.5) lib/active_support/notifications/instrumenter.rb:23:in `instrument'
activerecord (5.2.4.5) lib/active_record/connection_adapters/abstract_adapter.rb:571:in `log'
activerecord (5.2.4.5) lib/active_record/connection_adapters/sqlite3_adapter.rb:212:in `exec_query'
activerecord (5.2.4.5) lib/active_record/connection_adapters/abstract/database_statements.rb:130:in `exec_insert'
activerecord (5.2.4.5) lib/active_record/connection_adapters/abstract/database_statements.rb:162:in `insert'
activerecord (5.2.4.5) lib/active_record/connection_adapters/abstract/query_cache.rb:21:in `insert'
activerecord (5.2.4.5) lib/active_record/persistence.rb:187:in `_insert_record'
activerecord (5.2.4.5) lib/active_record/persistence.rb:734:in `_create_record'
activerecord (5.2.4.5) lib/active_record/counter_cache.rb:184:in `_create_record'
activerecord (5.2.4.5) lib/active_record/locking/optimistic.rb:70:in `_create_record'
activerecord (5.2.4.5) lib/active_record/attribute_methods/dirty.rb:140:in `_create_record'
activerecord (5.2.4.5) lib/active_record/callbacks.rb:346:in `block in _create_record'
activesupport (5.2.4.5) lib/active_support/callbacks.rb:132:in `run_callbacks'
activesupport (5.2.4.5) lib/active_support/callbacks.rb:816:in `_run_create_callbacks'
activerecord (5.2.4.5) lib/active_record/callbacks.rb:346:in `_create_record'
activerecord (5.2.4.5) lib/active_record/timestamp.rb:102:in `_create_record'
activerecord (5.2.4.5) lib/active_record/persistence.rb:705:in `create_or_update'
activerecord (5.2.4.5) lib/active_record/callbacks.rb:342:in `block in create_or_update'
activesupport (5.2.4.5) lib/active_support/callbacks.rb:132:in `run_callbacks'
activesupport (5.2.4.5) lib/active_support/callbacks.rb:816:in `_run_save_callbacks'
activerecord (5.2.4.5) lib/active_record/callbacks.rb:342:in `create_or_update'
activerecord (5.2.4.5) lib/active_record/persistence.rb:275:in `save'
activerecord (5.2.4.5) lib/active_record/validations.rb:46:in `save'
activerecord (5.2.4.5) lib/active_record/transactions.rb:310:in `block (2 levels) in save'
activerecord (5.2.4.5) lib/active_record/transactions.rb:387:in `block in with_transaction_returning_status'
activerecord (5.2.4.5) lib/active_record/connection_adapters/abstract/database_statements.rb:267:in `block in transaction'
activerecord (5.2.4.5) lib/active_record/connection_adapters/abstract/transaction.rb:239:in `block in within_new_transaction'
/home/ec2-user/.rvm/rubies/ruby-2.6.3/lib/ruby/2.6.0/monitor.rb:230:in `mon_synchronize'
activerecord (5.2.4.5) lib/active_record/connection_adapters/abstract/transaction.rb:236:in `within_new_transaction'
activerecord (5.2.4.5) lib/active_record/connection_adapters/abstract/database_statements.rb:267:in `transaction'
activerecord (5.2.4.5) lib/active_record/transactions.rb:212:in `transaction'
activerecord (5.2.4.5) lib/active_record/transactions.rb:385:in `with_transaction_returning_status'
activerecord (5.2.4.5) lib/active_record/transactions.rb:310:in `block in save'
activerecord (5.2.4.5) lib/active_record/transactions.rb:325:in `rollback_active_record_state!'
activerecord (5.2.4.5) lib/active_record/transactions.rb:309:in `save'
activerecord (5.2.4.5) lib/active_record/suppressor.rb:44:in `save'
devise (4.7.3) app/controllers/devise/registrations_controller.rb:19:in `create'
actionpack (5.2.4.5) lib/action_controller/metal/basic_implicit_render.rb:6:in `send_action'
actionpack (5.2.4.5) lib/abstract_controller/base.rb:194:in `process_action'
actionpack (5.2.4.5) lib/action_controller/metal/rendering.rb:30:in `process_action'
actionpack (5.2.4.5) lib/abstract_controller/callbacks.rb:42:in `block in process_action'
activesupport (5.2.4.5) lib/active_support/callbacks.rb:132:in `run_callbacks'
actionpack (5.2.4.5) lib/abstract_controller/callbacks.rb:41:in `process_action'
actionpack (5.2.4.5) lib/action_controller/metal/rescue.rb:22:in `process_action'
actionpack (5.2.4.5) lib/action_controller/metal/instrumentation.rb:34:in `block in process_action'
activesupport (5.2.4.5) lib/active_support/notifications.rb:168:in `block in instrument'
activesupport (5.2.4.5) lib/active_support/notifications/instrumenter.rb:23:in `instrument'
activesupport (5.2.4.5) lib/active_support/notifications.rb:168:in `instrument'
actionpack (5.2.4.5) lib/action_controller/metal/instrumentation.rb:32:in `process_action'
actionpack (5.2.4.5) lib/action_controller/metal/params_wrapper.rb:256:in `process_action'
activerecord (5.2.4.5) lib/active_record/railties/controller_runtime.rb:24:in `process_action'
actionpack (5.2.4.5) lib/abstract_controller/base.rb:134:in `process'
actionview (5.2.4.5) lib/action_view/rendering.rb:32:in `process'
actionpack (5.2.4.5) lib/action_controller/metal.rb:191:in `dispatch'
actionpack (5.2.4.5) lib/action_controller/metal.rb:252:in `dispatch'
actionpack (5.2.4.5) lib/action_dispatch/routing/route_set.rb:52:in `dispatch'
actionpack (5.2.4.5) lib/action_dispatch/routing/route_set.rb:34:in `serve'
actionpack (5.2.4.5) lib/action_dispatch/routing/mapper.rb:18:in `block in <class:Constraints>'
actionpack (5.2.4.5) lib/action_dispatch/routing/mapper.rb:48:in `serve'
actionpack (5.2.4.5) lib/action_dispatch/journey/router.rb:52:in `block in serve'
actionpack (5.2.4.5) lib/action_dispatch/journey/router.rb:35:in `each'
actionpack (5.2.4.5) lib/action_dispatch/journey/router.rb:35:in `serve'
actionpack (5.2.4.5) lib/action_dispatch/routing/route_set.rb:840:in `call'
warden (1.2.9) lib/warden/manager.rb:36:in `block in call'
warden (1.2.9) lib/warden/manager.rb:34:in `catch'
warden (1.2.9) lib/warden/manager.rb:34:in `call'
rack (2.2.3) lib/rack/tempfile_reaper.rb:15:in `call'
rack (2.2.3) lib/rack/etag.rb:27:in `call'
rack (2.2.3) lib/rack/conditional_get.rb:40:in `call'
rack (2.2.3) lib/rack/head.rb:12:in `call'
actionpack (5.2.4.5) lib/action_dispatch/http/content_security_policy.rb:18:in `call'
rack (2.2.3) lib/rack/session/abstract/id.rb:266:in `context'
rack (2.2.3) lib/rack/session/abstract/id.rb:260:in `call'
actionpack (5.2.4.5) lib/action_dispatch/middleware/cookies.rb:670:in `call'
activerecord (5.2.4.5) lib/active_record/migration.rb:559:in `call'
actionpack (5.2.4.5) lib/action_dispatch/middleware/callbacks.rb:28:in `block in call'
activesupport (5.2.4.5) lib/active_support/callbacks.rb:98:in `run_callbacks'
actionpack (5.2.4.5) lib/action_dispatch/middleware/callbacks.rb:26:in `call'
actionpack (5.2.4.5) lib/action_dispatch/middleware/executor.rb:14:in `call'
actionpack (5.2.4.5) lib/action_dispatch/middleware/debug_exceptions.rb:61:in `call'
web-console (3.7.0) lib/web_console/middleware.rb:135:in `call_app'
web-console (3.7.0) lib/web_console/middleware.rb:22:in `block in call'
web-console (3.7.0) lib/web_console/middleware.rb:20:in `catch'
web-console (3.7.0) lib/web_console/middleware.rb:20:in `call'
actionpack (5.2.4.5) lib/action_dispatch/middleware/show_exceptions.rb:33:in `call'
railties (5.2.4.5) lib/rails/rack/logger.rb:38:in `call_app'
railties (5.2.4.5) lib/rails/rack/logger.rb:26:in `block in call'
activesupport (5.2.4.5) lib/active_support/tagged_logging.rb:71:in `block in tagged'
activesupport (5.2.4.5) lib/active_support/tagged_logging.rb:28:in `tagged'
activesupport (5.2.4.5) lib/active_support/tagged_logging.rb:71:in `tagged'
railties (5.2.4.5) lib/rails/rack/logger.rb:26:in `call'
sprockets-rails (3.2.2) lib/sprockets/rails/quiet_assets.rb:13:in `call'
actionpack (5.2.4.5) lib/action_dispatch/middleware/remote_ip.rb:81:in `call'
actionpack (5.2.4.5) lib/action_dispatch/middleware/request_id.rb:27:in `call'
rack (2.2.3) lib/rack/method_override.rb:24:in `call'
rack (2.2.3) lib/rack/runtime.rb:22:in `call'
activesupport (5.2.4.5) lib/active_support/cache/strategy/local_cache_middleware.rb:29:in `call'
actionpack (5.2.4.5) lib/action_dispatch/middleware/executor.rb:14:in `call'
actionpack (5.2.4.5) lib/action_dispatch/middleware/static.rb:127:in `call'
rack (2.2.3) lib/rack/sendfile.rb:110:in `call'
railties (5.2.4.5) lib/rails/engine.rb:524:in `call'
puma (3.12.6) lib/puma/configuration.rb:227:in `call'
puma (3.12.6) lib/puma/server.rb:706:in `handle_request'
puma (3.12.6) lib/puma/server.rb:476:in `process_client'
puma (3.12.6) lib/puma/server.rb:334:in `block in run'
puma (3.12.6) lib/puma/thread_pool.rb:135:in `block in spawn_thread'
  [1m[35m (0.1ms)[0m  [1m[34mSELECT "schema_migrations"."version" FROM "schema_migrations" ORDER BY "schema_migrations"."version" ASC[0m
  â†³ bin/rails:9
  [1m[36mActiveRecord::InternalMetadata Load (0.1ms)[0m  [1m[34mSELECT  "ar_internal_metadata".* FROM "ar_internal_metadata" WHERE "ar_internal_metadata"."key" = ? LIMIT ?[0m  [["key", "environment"], ["LIMIT", 1]]
  â†³ bin/rails:9
  [1m[35m (0.0ms)[0m  [1m[36mbegin transaction[0m
  â†³ bin/rails:9
  [1m[35m (0.0ms)[0m  [1m[36mcommit transaction[0m
  â†³ bin/rails:9
  [1m[35m (0.1ms)[0m  [1m[34mSELECT "schema_migrations"."version" FROM "schema_migrations" ORDER BY "schema_migrations"."version" ASC[0m
  â†³ bin/rails:9
  [1m[35m (0.1ms)[0m  [1m[34mSELECT "schema_migrations"."version" FROM "schema_migrations" ORDER BY "schema_migrations"."version" ASC[0m
  â†³ bin/rails:9
  [1m[36mActiveRecord::InternalMetadata Load (0.1ms)[0m  [1m[34mSELECT  "ar_internal_metadata".* FROM "ar_internal_metadata" WHERE "ar_internal_metadata"."key" = ? LIMIT ?[0m  [["key", "environment"], ["LIMIT", 1]]
  â†³ bin/rails:9
  [1m[35m (0.0ms)[0m  [1m[36mbegin transaction[0m
  â†³ bin/rails:9
  [1m[35m (0.0ms)[0m  [1m[36mcommit transaction[0m
  â†³ bin/rails:9
  [1m[35m (0.1ms)[0m  [1m[34mSELECT "schema_migrations"."version" FROM "schema_migrations" ORDER BY "schema_migrations"."version" ASC[0m
  â†³ bin/rails:9
  [1m[35m (0.1ms)[0m  [1m[34mSELECT "schema_migrations"."version" FROM "schema_migrations" ORDER BY "schema_migrations"."version" ASC[0m
  â†³ bin/rails:9
  [1m[36mActiveRecord::InternalMetadata Load (0.1ms)[0m  [1m[34mSELECT  "ar_internal_metadata".* FROM "ar_internal_metadata" WHERE "ar_internal_metadata"."key" = ? LIMIT ?[0m  [["key", "environment"], ["LIMIT", 1]]
  â†³ bin/rails:9
  [1m[35m (0.0ms)[0m  [1m[36mbegin transaction[0m
  â†³ bin/rails:9
  [1m[35m (0.0ms)[0m  [1m[36mcommit transaction[0m
  â†³ bin/rails:9
  [1m[35m (0.1ms)[0m  [1m[34mSELECT "schema_migrations"."version" FROM "schema_migrations" ORDER BY "schema_migrations"."version" ASC[0m
  â†³ bin/rails:9
Started GET "/users/sign_up" for 27.82.17.29 at 2021-03-12 14:35:30 +0000
Cannot render console from 27.82.17.29! Allowed networks: 127.0.0.1, ::1, 127.0.0.0/127.255.255.255
  [1m[35m (0.1ms)[0m  [1m[34mSELECT "schema_migrations"."version" FROM "schema_migrations" ORDER BY "schema_migrations"."version" ASC[0m
  â†³ /home/ec2-user/.rvm/gems/ruby-2.6.3/gems/activerecord-5.2.4.5/lib/active_record/log_subscriber.rb:98
Processing by RegistrationsController#new as HTML
  Rendering devise/registrations/new.html.erb within layouts/application
  Rendered devise/shared/_error_messages.html.erb (0.4ms)
  Rendered devise/shared/_links.html.erb (1.1ms)
  Rendered devise/registrations/new.html.erb within layouts/application (13.5ms)
Completed 200 OK in 599ms (Views: 576.1ms | ActiveRecord: 0.6ms)


Started POST "/users" for 27.82.17.29 at 2021-03-12 14:35:54 +0000
Cannot render console from 27.82.17.29! Allowed networks: 127.0.0.1, ::1, 127.0.0.0/127.255.255.255
Processing by RegistrationsController#create as HTML
  Parameters: {"utf8"=>"âœ“", "authenticity_token"=>"fg38sJf9hYGoKe0FKcOnrthxVNTZ8ie17q2mnBa9xnU6lXtnFTqxuPHxFFJeDHD+EGthDgeBUuQt+Aww0IjISg==", "user"=>{"ruby_last_name"=>"123", "last_name"=>"123", "ruby_first_name"=>"123", "first_name"=>"123", "email"=>"123@123.com", "phone_number"=>"0801234123", "password"=>"[FILTERED]", "password_confirmation"=>"[FILTERED]", "postcode"=>"123", "prefecture_code"=>"13", "address_city"=>"è¶³ç«‹åŒº", "address_street"=>"123", "address_building"=>"123"}, "commit"=>"Sign up"}
  [1m[35m (0.1ms)[0m  [1m[36mbegin transaction[0m
  â†³ /home/ec2-user/.rvm/gems/ruby-2.6.3/gems/activerecord-5.2.4.5/lib/active_record/log_subscriber.rb:98
  [1m[36mUser Exists (0.2ms)[0m  [1m[34mSELECT  1 AS one FROM "users" WHERE "users"."email" = ? LIMIT ?[0m  [["email", "123@123.com"], ["LIMIT", 1]]
  â†³ /home/ec2-user/.rvm/gems/ruby-2.6.3/gems/activerecord-5.2.4.5/lib/active_record/log_subscriber.rb:98
  [1m[36mUser Create (0.5ms)[0m  [1m[32mINSERT INTO "users" ("email", "encrypted_password", "last_name", "first_name", "ruby_last_name", "ruby_first_name", "postcode", "prefecture_code", "address_city", "address_street", "address_building", "phone_number", "created_at", "updated_at") VALUES (?, ?, ?, ?, ?, ?, ?, ?, ?, ?, ?, ?, ?, ?)[0m  [["email", "123@123.com"], ["encrypted_password", "$2a$12$fRrIWivdUgt1a6dq5SCmAutSpvQ5e1TpnY8jzdFzXufHUAaosafum"], ["last_name", "123"], ["first_name", "123"], ["ruby_last_name", "123"], ["ruby_first_name", "123"], ["postcode", 123], ["prefecture_code", 13], ["address_city", "è¶³ç«‹åŒº"], ["address_street", "123"], ["address_building", "123"], ["phone_number", 801234123], ["created_at", "2021-03-12 14:35:54.941952"], ["updated_at", "2021-03-12 14:35:54.941952"]]
  â†³ /home/ec2-user/.rvm/gems/ruby-2.6.3/gems/activerecord-5.2.4.5/lib/active_record/log_subscriber.rb:98
  [1m[35m (0.1ms)[0m  [1m[31mrollback transaction[0m
  â†³ /home/ec2-user/.rvm/gems/ruby-2.6.3/gems/activerecord-5.2.4.5/lib/active_record/log_subscriber.rb:98
Completed 500 Internal Server Error in 318ms (ActiveRecord: 0.8ms)


  
ActiveRecord::NotNullViolation (SQLite3::ConstraintException: users.password may not be NULL: INSERT INTO "users" ("email", "encrypted_password", "last_name", "first_name", "ruby_last_name", "ruby_first_name", "postcode", "prefecture_code", "address_city", "address_street", "address_building", "phone_number", "created_at", "updated_at") VALUES (?, ?, ?, ?, ?, ?, ?, ?, ?, ?, ?, ?, ?, ?)):
  
sqlite3 (1.4.2) lib/sqlite3/statement.rb:108:in `step'
sqlite3 (1.4.2) lib/sqlite3/statement.rb:108:in `block in each'
sqlite3 (1.4.2) lib/sqlite3/statement.rb:107:in `loop'
sqlite3 (1.4.2) lib/sqlite3/statement.rb:107:in `each'
activerecord (5.2.4.5) lib/active_record/connection_adapters/sqlite3_adapter.rb:222:in `to_a'
activerecord (5.2.4.5) lib/active_record/connection_adapters/sqlite3_adapter.rb:222:in `block (2 levels) in exec_query'
activesupport (5.2.4.5) lib/active_support/dependencies/interlock.rb:48:in `block in permit_concurrent_loads'
activesupport (5.2.4.5) lib/active_support/concurrency/share_lock.rb:187:in `yield_shares'
activesupport (5.2.4.5) lib/active_support/dependencies/interlock.rb:47:in `permit_concurrent_loads'
activerecord (5.2.4.5) lib/active_record/connection_adapters/sqlite3_adapter.rb:213:in `block in exec_query'
activerecord (5.2.4.5) lib/active_record/connection_adapters/abstract_adapter.rb:581:in `block (2 levels) in log'
/home/ec2-user/.rvm/rubies/ruby-2.6.3/lib/ruby/2.6.0/monitor.rb:230:in `mon_synchronize'
activerecord (5.2.4.5) lib/active_record/connection_adapters/abstract_adapter.rb:580:in `block in log'
activesupport (5.2.4.5) lib/active_support/notifications/instrumenter.rb:23:in `instrument'
activerecord (5.2.4.5) lib/active_record/connection_adapters/abstract_adapter.rb:571:in `log'
activerecord (5.2.4.5) lib/active_record/connection_adapters/sqlite3_adapter.rb:212:in `exec_query'
activerecord (5.2.4.5) lib/active_record/connection_adapters/abstract/database_statements.rb:130:in `exec_insert'
activerecord (5.2.4.5) lib/active_record/connection_adapters/abstract/database_statements.rb:162:in `insert'
activerecord (5.2.4.5) lib/active_record/connection_adapters/abstract/query_cache.rb:21:in `insert'
activerecord (5.2.4.5) lib/active_record/persistence.rb:187:in `_insert_record'
activerecord (5.2.4.5) lib/active_record/persistence.rb:734:in `_create_record'
activerecord (5.2.4.5) lib/active_record/counter_cache.rb:184:in `_create_record'
activerecord (5.2.4.5) lib/active_record/locking/optimistic.rb:70:in `_create_record'
activerecord (5.2.4.5) lib/active_record/attribute_methods/dirty.rb:140:in `_create_record'
activerecord (5.2.4.5) lib/active_record/callbacks.rb:346:in `block in _create_record'
activesupport (5.2.4.5) lib/active_support/callbacks.rb:132:in `run_callbacks'
activesupport (5.2.4.5) lib/active_support/callbacks.rb:816:in `_run_create_callbacks'
activerecord (5.2.4.5) lib/active_record/callbacks.rb:346:in `_create_record'
activerecord (5.2.4.5) lib/active_record/timestamp.rb:102:in `_create_record'
activerecord (5.2.4.5) lib/active_record/persistence.rb:705:in `create_or_update'
activerecord (5.2.4.5) lib/active_record/callbacks.rb:342:in `block in create_or_update'
activesupport (5.2.4.5) lib/active_support/callbacks.rb:132:in `run_callbacks'
activesupport (5.2.4.5) lib/active_support/callbacks.rb:816:in `_run_save_callbacks'
activerecord (5.2.4.5) lib/active_record/callbacks.rb:342:in `create_or_update'
activerecord (5.2.4.5) lib/active_record/persistence.rb:275:in `save'
activerecord (5.2.4.5) lib/active_record/validations.rb:46:in `save'
activerecord (5.2.4.5) lib/active_record/transactions.rb:310:in `block (2 levels) in save'
activerecord (5.2.4.5) lib/active_record/transactions.rb:387:in `block in with_transaction_returning_status'
activerecord (5.2.4.5) lib/active_record/connection_adapters/abstract/database_statements.rb:267:in `block in transaction'
activerecord (5.2.4.5) lib/active_record/connection_adapters/abstract/transaction.rb:239:in `block in within_new_transaction'
/home/ec2-user/.rvm/rubies/ruby-2.6.3/lib/ruby/2.6.0/monitor.rb:230:in `mon_synchronize'
activerecord (5.2.4.5) lib/active_record/connection_adapters/abstract/transaction.rb:236:in `within_new_transaction'
activerecord (5.2.4.5) lib/active_record/connection_adapters/abstract/database_statements.rb:267:in `transaction'
activerecord (5.2.4.5) lib/active_record/transactions.rb:212:in `transaction'
activerecord (5.2.4.5) lib/active_record/transactions.rb:385:in `with_transaction_returning_status'
activerecord (5.2.4.5) lib/active_record/transactions.rb:310:in `block in save'
activerecord (5.2.4.5) lib/active_record/transactions.rb:325:in `rollback_active_record_state!'
activerecord (5.2.4.5) lib/active_record/transactions.rb:309:in `save'
activerecord (5.2.4.5) lib/active_record/suppressor.rb:44:in `save'
devise (4.7.3) app/controllers/devise/registrations_controller.rb:19:in `create'
actionpack (5.2.4.5) lib/action_controller/metal/basic_implicit_render.rb:6:in `send_action'
actionpack (5.2.4.5) lib/abstract_controller/base.rb:194:in `process_action'
actionpack (5.2.4.5) lib/action_controller/metal/rendering.rb:30:in `process_action'
actionpack (5.2.4.5) lib/abstract_controller/callbacks.rb:42:in `block in process_action'
activesupport (5.2.4.5) lib/active_support/callbacks.rb:132:in `run_callbacks'
actionpack (5.2.4.5) lib/abstract_controller/callbacks.rb:41:in `process_action'
actionpack (5.2.4.5) lib/action_controller/metal/rescue.rb:22:in `process_action'
actionpack (5.2.4.5) lib/action_controller/metal/instrumentation.rb:34:in `block in process_action'
activesupport (5.2.4.5) lib/active_support/notifications.rb:168:in `block in instrument'
activesupport (5.2.4.5) lib/active_support/notifications/instrumenter.rb:23:in `instrument'
activesupport (5.2.4.5) lib/active_support/notifications.rb:168:in `instrument'
actionpack (5.2.4.5) lib/action_controller/metal/instrumentation.rb:32:in `process_action'
actionpack (5.2.4.5) lib/action_controller/metal/params_wrapper.rb:256:in `process_action'
activerecord (5.2.4.5) lib/active_record/railties/controller_runtime.rb:24:in `process_action'
actionpack (5.2.4.5) lib/abstract_controller/base.rb:134:in `process'
actionview (5.2.4.5) lib/action_view/rendering.rb:32:in `process'
actionpack (5.2.4.5) lib/action_controller/metal.rb:191:in `dispatch'
actionpack (5.2.4.5) lib/action_controller/metal.rb:252:in `dispatch'
actionpack (5.2.4.5) lib/action_dispatch/routing/route_set.rb:52:in `dispatch'
actionpack (5.2.4.5) lib/action_dispatch/routing/route_set.rb:34:in `serve'
actionpack (5.2.4.5) lib/action_dispatch/routing/mapper.rb:18:in `block in <class:Constraints>'
actionpack (5.2.4.5) lib/action_dispatch/routing/mapper.rb:48:in `serve'
actionpack (5.2.4.5) lib/action_dispatch/journey/router.rb:52:in `block in serve'
actionpack (5.2.4.5) lib/action_dispatch/journey/router.rb:35:in `each'
actionpack (5.2.4.5) lib/action_dispatch/journey/router.rb:35:in `serve'
actionpack (5.2.4.5) lib/action_dispatch/routing/route_set.rb:840:in `call'
warden (1.2.9) lib/warden/manager.rb:36:in `block in call'
warden (1.2.9) lib/warden/manager.rb:34:in `catch'
warden (1.2.9) lib/warden/manager.rb:34:in `call'
rack (2.2.3) lib/rack/tempfile_reaper.rb:15:in `call'
rack (2.2.3) lib/rack/etag.rb:27:in `call'
rack (2.2.3) lib/rack/conditional_get.rb:40:in `call'
rack (2.2.3) lib/rack/head.rb:12:in `call'
actionpack (5.2.4.5) lib/action_dispatch/http/content_security_policy.rb:18:in `call'
rack (2.2.3) lib/rack/session/abstract/id.rb:266:in `context'
rack (2.2.3) lib/rack/session/abstract/id.rb:260:in `call'
actionpack (5.2.4.5) lib/action_dispatch/middleware/cookies.rb:670:in `call'
activerecord (5.2.4.5) lib/active_record/migration.rb:559:in `call'
actionpack (5.2.4.5) lib/action_dispatch/middleware/callbacks.rb:28:in `block in call'
activesupport (5.2.4.5) lib/active_support/callbacks.rb:98:in `run_callbacks'
actionpack (5.2.4.5) lib/action_dispatch/middleware/callbacks.rb:26:in `call'
actionpack (5.2.4.5) lib/action_dispatch/middleware/executor.rb:14:in `call'
actionpack (5.2.4.5) lib/action_dispatch/middleware/debug_exceptions.rb:61:in `call'
web-console (3.7.0) lib/web_console/middleware.rb:135:in `call_app'
web-console (3.7.0) lib/web_console/middleware.rb:22:in `block in call'
web-console (3.7.0) lib/web_console/middleware.rb:20:in `catch'
web-console (3.7.0) lib/web_console/middleware.rb:20:in `call'
actionpack (5.2.4.5) lib/action_dispatch/middleware/show_exceptions.rb:33:in `call'
railties (5.2.4.5) lib/rails/rack/logger.rb:38:in `call_app'
railties (5.2.4.5) lib/rails/rack/logger.rb:26:in `block in call'
activesupport (5.2.4.5) lib/active_support/tagged_logging.rb:71:in `block in tagged'
activesupport (5.2.4.5) lib/active_support/tagged_logging.rb:28:in `tagged'
activesupport (5.2.4.5) lib/active_support/tagged_logging.rb:71:in `tagged'
railties (5.2.4.5) lib/rails/rack/logger.rb:26:in `call'
sprockets-rails (3.2.2) lib/sprockets/rails/quiet_assets.rb:13:in `call'
actionpack (5.2.4.5) lib/action_dispatch/middleware/remote_ip.rb:81:in `call'
actionpack (5.2.4.5) lib/action_dispatch/middleware/request_id.rb:27:in `call'
rack (2.2.3) lib/rack/method_override.rb:24:in `call'
rack (2.2.3) lib/rack/runtime.rb:22:in `call'
activesupport (5.2.4.5) lib/active_support/cache/strategy/local_cache_middleware.rb:29:in `call'
actionpack (5.2.4.5) lib/action_dispatch/middleware/executor.rb:14:in `call'
actionpack (5.2.4.5) lib/action_dispatch/middleware/static.rb:127:in `call'
rack (2.2.3) lib/rack/sendfile.rb:110:in `call'
railties (5.2.4.5) lib/rails/engine.rb:524:in `call'
puma (3.12.6) lib/puma/configuration.rb:227:in `call'
puma (3.12.6) lib/puma/server.rb:706:in `handle_request'
puma (3.12.6) lib/puma/server.rb:476:in `process_client'
puma (3.12.6) lib/puma/server.rb:334:in `block in run'
puma (3.12.6) lib/puma/thread_pool.rb:135:in `block in spawn_thread'
Started GET "/users/sign_up" for 27.82.17.29 at 2021-03-12 14:44:31 +0000
Cannot render console from 27.82.17.29! Allowed networks: 127.0.0.1, ::1, 127.0.0.0/127.255.255.255
  [1m[35m (0.1ms)[0m  [1m[34mSELECT "schema_migrations"."version" FROM "schema_migrations" ORDER BY "schema_migrations"."version" ASC[0m
  â†³ /home/ec2-user/.rvm/gems/ruby-2.6.3/gems/activerecord-5.2.4.5/lib/active_record/log_subscriber.rb:98
Processing by RegistrationsController#new as HTML
  Rendering devise/registrations/new.html.erb within layouts/application
  Rendered devise/shared/_error_messages.html.erb (0.4ms)
  Rendered devise/shared/_links.html.erb (1.1ms)
  Rendered devise/registrations/new.html.erb within layouts/application (13.9ms)
Completed 200 OK in 569ms (Views: 544.3ms | ActiveRecord: 0.6ms)


Started POST "/users" for 27.82.17.29 at 2021-03-12 14:44:54 +0000
Cannot render console from 27.82.17.29! Allowed networks: 127.0.0.1, ::1, 127.0.0.0/127.255.255.255
Processing by RegistrationsController#create as HTML
  Parameters: {"utf8"=>"âœ“", "authenticity_token"=>"jVdkHFRM8fZcVYeWXvX3Iu4h+0ptzR/hbhMyVxD4l5bJz+PL1ovFzwWNfsEpOiByJjvOkLO+arCtRpj71s2ZqQ==", "user"=>{"ruby_last_name"=>"123", "last_name"=>"123", "ruby_first_name"=>"123", "first_name"=>"123", "email"=>"123@123.com", "phone_number"=>"0801234123", "password"=>"[FILTERED]", "password_confirmation"=>"[FILTERED]", "postcode"=>"1234", "prefecture_code"=>"13", "address_city"=>"è¶³ç«‹åŒº", "address_street"=>"123", "address_building"=>"123"}, "commit"=>"Sign up"}
  [1m[35m (0.1ms)[0m  [1m[36mbegin transaction[0m
  â†³ /home/ec2-user/.rvm/gems/ruby-2.6.3/gems/activerecord-5.2.4.5/lib/active_record/log_subscriber.rb:98
  [1m[36mUser Exists (0.2ms)[0m  [1m[34mSELECT  1 AS one FROM "users" WHERE "users"."email" = ? LIMIT ?[0m  [["email", "123@123.com"], ["LIMIT", 1]]
  â†³ /home/ec2-user/.rvm/gems/ruby-2.6.3/gems/activerecord-5.2.4.5/lib/active_record/log_subscriber.rb:98
  [1m[36mUser Create (0.6ms)[0m  [1m[32mINSERT INTO "users" ("email", "encrypted_password", "last_name", "first_name", "ruby_last_name", "ruby_first_name", "postcode", "prefecture_code", "address_city", "address_street", "address_building", "phone_number", "created_at", "updated_at") VALUES (?, ?, ?, ?, ?, ?, ?, ?, ?, ?, ?, ?, ?, ?)[0m  [["email", "123@123.com"], ["encrypted_password", "$2a$12$auQGlri6MJADWnwyhdSQ/.Dy/reuUIyqO3.5qQX20/UgwgvV6Vo7C"], ["last_name", "123"], ["first_name", "123"], ["ruby_last_name", "123"], ["ruby_first_name", "123"], ["postcode", 1234], ["prefecture_code", 13], ["address_city", "è¶³ç«‹åŒº"], ["address_street", "123"], ["address_building", "123"], ["phone_number", 801234123], ["created_at", "2021-03-12 14:44:54.964519"], ["updated_at", "2021-03-12 14:44:54.964519"]]
  â†³ /home/ec2-user/.rvm/gems/ruby-2.6.3/gems/activerecord-5.2.4.5/lib/active_record/log_subscriber.rb:98
  [1m[35m (0.1ms)[0m  [1m[31mrollback transaction[0m
  â†³ /home/ec2-user/.rvm/gems/ruby-2.6.3/gems/activerecord-5.2.4.5/lib/active_record/log_subscriber.rb:98
Completed 500 Internal Server Error in 319ms (ActiveRecord: 0.9ms)


  
ActiveRecord::NotNullViolation (SQLite3::ConstraintException: users.password may not be NULL: INSERT INTO "users" ("email", "encrypted_password", "last_name", "first_name", "ruby_last_name", "ruby_first_name", "postcode", "prefecture_code", "address_city", "address_street", "address_building", "phone_number", "created_at", "updated_at") VALUES (?, ?, ?, ?, ?, ?, ?, ?, ?, ?, ?, ?, ?, ?)):
  
sqlite3 (1.4.2) lib/sqlite3/statement.rb:108:in `step'
sqlite3 (1.4.2) lib/sqlite3/statement.rb:108:in `block in each'
sqlite3 (1.4.2) lib/sqlite3/statement.rb:107:in `loop'
sqlite3 (1.4.2) lib/sqlite3/statement.rb:107:in `each'
activerecord (5.2.4.5) lib/active_record/connection_adapters/sqlite3_adapter.rb:222:in `to_a'
activerecord (5.2.4.5) lib/active_record/connection_adapters/sqlite3_adapter.rb:222:in `block (2 levels) in exec_query'
activesupport (5.2.4.5) lib/active_support/dependencies/interlock.rb:48:in `block in permit_concurrent_loads'
activesupport (5.2.4.5) lib/active_support/concurrency/share_lock.rb:187:in `yield_shares'
activesupport (5.2.4.5) lib/active_support/dependencies/interlock.rb:47:in `permit_concurrent_loads'
activerecord (5.2.4.5) lib/active_record/connection_adapters/sqlite3_adapter.rb:213:in `block in exec_query'
activerecord (5.2.4.5) lib/active_record/connection_adapters/abstract_adapter.rb:581:in `block (2 levels) in log'
/home/ec2-user/.rvm/rubies/ruby-2.6.3/lib/ruby/2.6.0/monitor.rb:230:in `mon_synchronize'
activerecord (5.2.4.5) lib/active_record/connection_adapters/abstract_adapter.rb:580:in `block in log'
activesupport (5.2.4.5) lib/active_support/notifications/instrumenter.rb:23:in `instrument'
activerecord (5.2.4.5) lib/active_record/connection_adapters/abstract_adapter.rb:571:in `log'
activerecord (5.2.4.5) lib/active_record/connection_adapters/sqlite3_adapter.rb:212:in `exec_query'
activerecord (5.2.4.5) lib/active_record/connection_adapters/abstract/database_statements.rb:130:in `exec_insert'
activerecord (5.2.4.5) lib/active_record/connection_adapters/abstract/database_statements.rb:162:in `insert'
activerecord (5.2.4.5) lib/active_record/connection_adapters/abstract/query_cache.rb:21:in `insert'
activerecord (5.2.4.5) lib/active_record/persistence.rb:187:in `_insert_record'
activerecord (5.2.4.5) lib/active_record/persistence.rb:734:in `_create_record'
activerecord (5.2.4.5) lib/active_record/counter_cache.rb:184:in `_create_record'
activerecord (5.2.4.5) lib/active_record/locking/optimistic.rb:70:in `_create_record'
activerecord (5.2.4.5) lib/active_record/attribute_methods/dirty.rb:140:in `_create_record'
activerecord (5.2.4.5) lib/active_record/callbacks.rb:346:in `block in _create_record'
activesupport (5.2.4.5) lib/active_support/callbacks.rb:132:in `run_callbacks'
activesupport (5.2.4.5) lib/active_support/callbacks.rb:816:in `_run_create_callbacks'
activerecord (5.2.4.5) lib/active_record/callbacks.rb:346:in `_create_record'
activerecord (5.2.4.5) lib/active_record/timestamp.rb:102:in `_create_record'
activerecord (5.2.4.5) lib/active_record/persistence.rb:705:in `create_or_update'
activerecord (5.2.4.5) lib/active_record/callbacks.rb:342:in `block in create_or_update'
activesupport (5.2.4.5) lib/active_support/callbacks.rb:132:in `run_callbacks'
activesupport (5.2.4.5) lib/active_support/callbacks.rb:816:in `_run_save_callbacks'
activerecord (5.2.4.5) lib/active_record/callbacks.rb:342:in `create_or_update'
activerecord (5.2.4.5) lib/active_record/persistence.rb:275:in `save'
activerecord (5.2.4.5) lib/active_record/validations.rb:46:in `save'
activerecord (5.2.4.5) lib/active_record/transactions.rb:310:in `block (2 levels) in save'
activerecord (5.2.4.5) lib/active_record/transactions.rb:387:in `block in with_transaction_returning_status'
activerecord (5.2.4.5) lib/active_record/connection_adapters/abstract/database_statements.rb:267:in `block in transaction'
activerecord (5.2.4.5) lib/active_record/connection_adapters/abstract/transaction.rb:239:in `block in within_new_transaction'
/home/ec2-user/.rvm/rubies/ruby-2.6.3/lib/ruby/2.6.0/monitor.rb:230:in `mon_synchronize'
activerecord (5.2.4.5) lib/active_record/connection_adapters/abstract/transaction.rb:236:in `within_new_transaction'
activerecord (5.2.4.5) lib/active_record/connection_adapters/abstract/database_statements.rb:267:in `transaction'
activerecord (5.2.4.5) lib/active_record/transactions.rb:212:in `transaction'
activerecord (5.2.4.5) lib/active_record/transactions.rb:385:in `with_transaction_returning_status'
activerecord (5.2.4.5) lib/active_record/transactions.rb:310:in `block in save'
activerecord (5.2.4.5) lib/active_record/transactions.rb:325:in `rollback_active_record_state!'
activerecord (5.2.4.5) lib/active_record/transactions.rb:309:in `save'
activerecord (5.2.4.5) lib/active_record/suppressor.rb:44:in `save'
devise (4.7.3) app/controllers/devise/registrations_controller.rb:19:in `create'
actionpack (5.2.4.5) lib/action_controller/metal/basic_implicit_render.rb:6:in `send_action'
actionpack (5.2.4.5) lib/abstract_controller/base.rb:194:in `process_action'
actionpack (5.2.4.5) lib/action_controller/metal/rendering.rb:30:in `process_action'
actionpack (5.2.4.5) lib/abstract_controller/callbacks.rb:42:in `block in process_action'
activesupport (5.2.4.5) lib/active_support/callbacks.rb:132:in `run_callbacks'
actionpack (5.2.4.5) lib/abstract_controller/callbacks.rb:41:in `process_action'
actionpack (5.2.4.5) lib/action_controller/metal/rescue.rb:22:in `process_action'
actionpack (5.2.4.5) lib/action_controller/metal/instrumentation.rb:34:in `block in process_action'
activesupport (5.2.4.5) lib/active_support/notifications.rb:168:in `block in instrument'
activesupport (5.2.4.5) lib/active_support/notifications/instrumenter.rb:23:in `instrument'
activesupport (5.2.4.5) lib/active_support/notifications.rb:168:in `instrument'
actionpack (5.2.4.5) lib/action_controller/metal/instrumentation.rb:32:in `process_action'
actionpack (5.2.4.5) lib/action_controller/metal/params_wrapper.rb:256:in `process_action'
activerecord (5.2.4.5) lib/active_record/railties/controller_runtime.rb:24:in `process_action'
actionpack (5.2.4.5) lib/abstract_controller/base.rb:134:in `process'
actionview (5.2.4.5) lib/action_view/rendering.rb:32:in `process'
actionpack (5.2.4.5) lib/action_controller/metal.rb:191:in `dispatch'
actionpack (5.2.4.5) lib/action_controller/metal.rb:252:in `dispatch'
actionpack (5.2.4.5) lib/action_dispatch/routing/route_set.rb:52:in `dispatch'
actionpack (5.2.4.5) lib/action_dispatch/routing/route_set.rb:34:in `serve'
actionpack (5.2.4.5) lib/action_dispatch/routing/mapper.rb:18:in `block in <class:Constraints>'
actionpack (5.2.4.5) lib/action_dispatch/routing/mapper.rb:48:in `serve'
actionpack (5.2.4.5) lib/action_dispatch/journey/router.rb:52:in `block in serve'
actionpack (5.2.4.5) lib/action_dispatch/journey/router.rb:35:in `each'
actionpack (5.2.4.5) lib/action_dispatch/journey/router.rb:35:in `serve'
actionpack (5.2.4.5) lib/action_dispatch/routing/route_set.rb:840:in `call'
warden (1.2.9) lib/warden/manager.rb:36:in `block in call'
warden (1.2.9) lib/warden/manager.rb:34:in `catch'
warden (1.2.9) lib/warden/manager.rb:34:in `call'
rack (2.2.3) lib/rack/tempfile_reaper.rb:15:in `call'
rack (2.2.3) lib/rack/etag.rb:27:in `call'
rack (2.2.3) lib/rack/conditional_get.rb:40:in `call'
rack (2.2.3) lib/rack/head.rb:12:in `call'
actionpack (5.2.4.5) lib/action_dispatch/http/content_security_policy.rb:18:in `call'
rack (2.2.3) lib/rack/session/abstract/id.rb:266:in `context'
rack (2.2.3) lib/rack/session/abstract/id.rb:260:in `call'
actionpack (5.2.4.5) lib/action_dispatch/middleware/cookies.rb:670:in `call'
activerecord (5.2.4.5) lib/active_record/migration.rb:559:in `call'
actionpack (5.2.4.5) lib/action_dispatch/middleware/callbacks.rb:28:in `block in call'
activesupport (5.2.4.5) lib/active_support/callbacks.rb:98:in `run_callbacks'
actionpack (5.2.4.5) lib/action_dispatch/middleware/callbacks.rb:26:in `call'
actionpack (5.2.4.5) lib/action_dispatch/middleware/executor.rb:14:in `call'
actionpack (5.2.4.5) lib/action_dispatch/middleware/debug_exceptions.rb:61:in `call'
web-console (3.7.0) lib/web_console/middleware.rb:135:in `call_app'
web-console (3.7.0) lib/web_console/middleware.rb:22:in `block in call'
web-console (3.7.0) lib/web_console/middleware.rb:20:in `catch'
web-console (3.7.0) lib/web_console/middleware.rb:20:in `call'
actionpack (5.2.4.5) lib/action_dispatch/middleware/show_exceptions.rb:33:in `call'
railties (5.2.4.5) lib/rails/rack/logger.rb:38:in `call_app'
railties (5.2.4.5) lib/rails/rack/logger.rb:26:in `block in call'
activesupport (5.2.4.5) lib/active_support/tagged_logging.rb:71:in `block in tagged'
activesupport (5.2.4.5) lib/active_support/tagged_logging.rb:28:in `tagged'
activesupport (5.2.4.5) lib/active_support/tagged_logging.rb:71:in `tagged'
railties (5.2.4.5) lib/rails/rack/logger.rb:26:in `call'
sprockets-rails (3.2.2) lib/sprockets/rails/quiet_assets.rb:13:in `call'
actionpack (5.2.4.5) lib/action_dispatch/middleware/remote_ip.rb:81:in `call'
actionpack (5.2.4.5) lib/action_dispatch/middleware/request_id.rb:27:in `call'
rack (2.2.3) lib/rack/method_override.rb:24:in `call'
rack (2.2.3) lib/rack/runtime.rb:22:in `call'
activesupport (5.2.4.5) lib/active_support/cache/strategy/local_cache_middleware.rb:29:in `call'
actionpack (5.2.4.5) lib/action_dispatch/middleware/executor.rb:14:in `call'
actionpack (5.2.4.5) lib/action_dispatch/middleware/static.rb:127:in `call'
rack (2.2.3) lib/rack/sendfile.rb:110:in `call'
railties (5.2.4.5) lib/rails/engine.rb:524:in `call'
puma (3.12.6) lib/puma/configuration.rb:227:in `call'
puma (3.12.6) lib/puma/server.rb:706:in `handle_request'
puma (3.12.6) lib/puma/server.rb:476:in `process_client'
puma (3.12.6) lib/puma/server.rb:334:in `block in run'
puma (3.12.6) lib/puma/thread_pool.rb:135:in `block in spawn_thread'
Started GET "/users/sign_up" for 27.82.17.29 at 2021-03-12 14:46:23 +0000
Cannot render console from 27.82.17.29! Allowed networks: 127.0.0.1, ::1, 127.0.0.0/127.255.255.255
  [1m[35m (0.1ms)[0m  [1m[34mSELECT "schema_migrations"."version" FROM "schema_migrations" ORDER BY "schema_migrations"."version" ASC[0m
  â†³ /home/ec2-user/.rvm/gems/ruby-2.6.3/gems/activerecord-5.2.4.5/lib/active_record/log_subscriber.rb:98
Processing by RegistrationsController#new as HTML
  Rendering devise/registrations/new.html.erb within layouts/application
  Rendered devise/shared/_error_messages.html.erb (0.4ms)
  Rendered devise/shared/_links.html.erb (1.1ms)
  Rendered devise/registrations/new.html.erb within layouts/application (13.7ms)
Completed 200 OK in 626ms (Views: 601.7ms | ActiveRecord: 0.7ms)


Started POST "/users" for 27.82.17.29 at 2021-03-12 14:46:46 +0000
Cannot render console from 27.82.17.29! Allowed networks: 127.0.0.1, ::1, 127.0.0.0/127.255.255.255
Processing by RegistrationsController#create as HTML
  Parameters: {"utf8"=>"âœ“", "authenticity_token"=>"8bbM+tuMEwcRuHOxY1A5OvRbDkjwWzwVdH8EOozr6JO1LkstWUsnPkhgiuYUn+5qPEE7ki4oSUS3Kq6WSt7mrA==", "user"=>{"ruby_last_name"=>"123", "last_name"=>"123", "ruby_first_name"=>"123", "first_name"=>"123", "email"=>"123@123.com", "phone_number"=>"0801234123", "password"=>"[FILTERED]", "password_confirmation"=>"[FILTERED]", "postcode"=>"123", "prefecture_code"=>"13", "address_city"=>"è¶³ç«‹åŒº", "address_street"=>"123", "address_building"=>"123"}, "commit"=>"Sign up"}
  [1m[35m (0.1ms)[0m  [1m[36mbegin transaction[0m
  â†³ /home/ec2-user/.rvm/gems/ruby-2.6.3/gems/activerecord-5.2.4.5/lib/active_record/log_subscriber.rb:98
  [1m[36mUser Exists (0.2ms)[0m  [1m[34mSELECT  1 AS one FROM "users" WHERE "users"."email" = ? LIMIT ?[0m  [["email", "123@123.com"], ["LIMIT", 1]]
  â†³ /home/ec2-user/.rvm/gems/ruby-2.6.3/gems/activerecord-5.2.4.5/lib/active_record/log_subscriber.rb:98
  [1m[36mUser Create (0.6ms)[0m  [1m[32mINSERT INTO "users" ("email", "encrypted_password", "last_name", "first_name", "ruby_last_name", "ruby_first_name", "postcode", "prefecture_code", "address_city", "address_street", "address_building", "phone_number", "created_at", "updated_at") VALUES (?, ?, ?, ?, ?, ?, ?, ?, ?, ?, ?, ?, ?, ?)[0m  [["email", "123@123.com"], ["encrypted_password", "$2a$12$YDyTRCL9upibi4nlrqk4o.XivDiu/yU7MwKsi1k1iZBj9dvuKJoWy"], ["last_name", "123"], ["first_name", "123"], ["ruby_last_name", "123"], ["ruby_first_name", "123"], ["postcode", 123], ["prefecture_code", 13], ["address_city", "è¶³ç«‹åŒº"], ["address_street", "123"], ["address_building", "123"], ["phone_number", 801234123], ["created_at", "2021-03-12 14:46:46.696848"], ["updated_at", "2021-03-12 14:46:46.696848"]]
  â†³ /home/ec2-user/.rvm/gems/ruby-2.6.3/gems/activerecord-5.2.4.5/lib/active_record/log_subscriber.rb:98
  [1m[35m (0.1ms)[0m  [1m[31mrollback transaction[0m
  â†³ /home/ec2-user/.rvm/gems/ruby-2.6.3/gems/activerecord-5.2.4.5/lib/active_record/log_subscriber.rb:98
Completed 500 Internal Server Error in 318ms (ActiveRecord: 0.9ms)


  
ActiveRecord::NotNullViolation (SQLite3::ConstraintException: users.password may not be NULL: INSERT INTO "users" ("email", "encrypted_password", "last_name", "first_name", "ruby_last_name", "ruby_first_name", "postcode", "prefecture_code", "address_city", "address_street", "address_building", "phone_number", "created_at", "updated_at") VALUES (?, ?, ?, ?, ?, ?, ?, ?, ?, ?, ?, ?, ?, ?)):
  
sqlite3 (1.4.2) lib/sqlite3/statement.rb:108:in `step'
sqlite3 (1.4.2) lib/sqlite3/statement.rb:108:in `block in each'
sqlite3 (1.4.2) lib/sqlite3/statement.rb:107:in `loop'
sqlite3 (1.4.2) lib/sqlite3/statement.rb:107:in `each'
activerecord (5.2.4.5) lib/active_record/connection_adapters/sqlite3_adapter.rb:222:in `to_a'
activerecord (5.2.4.5) lib/active_record/connection_adapters/sqlite3_adapter.rb:222:in `block (2 levels) in exec_query'
activesupport (5.2.4.5) lib/active_support/dependencies/interlock.rb:48:in `block in permit_concurrent_loads'
activesupport (5.2.4.5) lib/active_support/concurrency/share_lock.rb:187:in `yield_shares'
activesupport (5.2.4.5) lib/active_support/dependencies/interlock.rb:47:in `permit_concurrent_loads'
activerecord (5.2.4.5) lib/active_record/connection_adapters/sqlite3_adapter.rb:213:in `block in exec_query'
activerecord (5.2.4.5) lib/active_record/connection_adapters/abstract_adapter.rb:581:in `block (2 levels) in log'
/home/ec2-user/.rvm/rubies/ruby-2.6.3/lib/ruby/2.6.0/monitor.rb:230:in `mon_synchronize'
activerecord (5.2.4.5) lib/active_record/connection_adapters/abstract_adapter.rb:580:in `block in log'
activesupport (5.2.4.5) lib/active_support/notifications/instrumenter.rb:23:in `instrument'
activerecord (5.2.4.5) lib/active_record/connection_adapters/abstract_adapter.rb:571:in `log'
activerecord (5.2.4.5) lib/active_record/connection_adapters/sqlite3_adapter.rb:212:in `exec_query'
activerecord (5.2.4.5) lib/active_record/connection_adapters/abstract/database_statements.rb:130:in `exec_insert'
activerecord (5.2.4.5) lib/active_record/connection_adapters/abstract/database_statements.rb:162:in `insert'
activerecord (5.2.4.5) lib/active_record/connection_adapters/abstract/query_cache.rb:21:in `insert'
activerecord (5.2.4.5) lib/active_record/persistence.rb:187:in `_insert_record'
activerecord (5.2.4.5) lib/active_record/persistence.rb:734:in `_create_record'
activerecord (5.2.4.5) lib/active_record/counter_cache.rb:184:in `_create_record'
activerecord (5.2.4.5) lib/active_record/locking/optimistic.rb:70:in `_create_record'
activerecord (5.2.4.5) lib/active_record/attribute_methods/dirty.rb:140:in `_create_record'
activerecord (5.2.4.5) lib/active_record/callbacks.rb:346:in `block in _create_record'
activesupport (5.2.4.5) lib/active_support/callbacks.rb:132:in `run_callbacks'
activesupport (5.2.4.5) lib/active_support/callbacks.rb:816:in `_run_create_callbacks'
activerecord (5.2.4.5) lib/active_record/callbacks.rb:346:in `_create_record'
activerecord (5.2.4.5) lib/active_record/timestamp.rb:102:in `_create_record'
activerecord (5.2.4.5) lib/active_record/persistence.rb:705:in `create_or_update'
activerecord (5.2.4.5) lib/active_record/callbacks.rb:342:in `block in create_or_update'
activesupport (5.2.4.5) lib/active_support/callbacks.rb:132:in `run_callbacks'
activesupport (5.2.4.5) lib/active_support/callbacks.rb:816:in `_run_save_callbacks'
activerecord (5.2.4.5) lib/active_record/callbacks.rb:342:in `create_or_update'
activerecord (5.2.4.5) lib/active_record/persistence.rb:275:in `save'
activerecord (5.2.4.5) lib/active_record/validations.rb:46:in `save'
activerecord (5.2.4.5) lib/active_record/transactions.rb:310:in `block (2 levels) in save'
activerecord (5.2.4.5) lib/active_record/transactions.rb:387:in `block in with_transaction_returning_status'
activerecord (5.2.4.5) lib/active_record/connection_adapters/abstract/database_statements.rb:267:in `block in transaction'
activerecord (5.2.4.5) lib/active_record/connection_adapters/abstract/transaction.rb:239:in `block in within_new_transaction'
/home/ec2-user/.rvm/rubies/ruby-2.6.3/lib/ruby/2.6.0/monitor.rb:230:in `mon_synchronize'
activerecord (5.2.4.5) lib/active_record/connection_adapters/abstract/transaction.rb:236:in `within_new_transaction'
activerecord (5.2.4.5) lib/active_record/connection_adapters/abstract/database_statements.rb:267:in `transaction'
activerecord (5.2.4.5) lib/active_record/transactions.rb:212:in `transaction'
activerecord (5.2.4.5) lib/active_record/transactions.rb:385:in `with_transaction_returning_status'
activerecord (5.2.4.5) lib/active_record/transactions.rb:310:in `block in save'
activerecord (5.2.4.5) lib/active_record/transactions.rb:325:in `rollback_active_record_state!'
activerecord (5.2.4.5) lib/active_record/transactions.rb:309:in `save'
activerecord (5.2.4.5) lib/active_record/suppressor.rb:44:in `save'
devise (4.7.3) app/controllers/devise/registrations_controller.rb:19:in `create'
actionpack (5.2.4.5) lib/action_controller/metal/basic_implicit_render.rb:6:in `send_action'
actionpack (5.2.4.5) lib/abstract_controller/base.rb:194:in `process_action'
actionpack (5.2.4.5) lib/action_controller/metal/rendering.rb:30:in `process_action'
actionpack (5.2.4.5) lib/abstract_controller/callbacks.rb:42:in `block in process_action'
activesupport (5.2.4.5) lib/active_support/callbacks.rb:132:in `run_callbacks'
actionpack (5.2.4.5) lib/abstract_controller/callbacks.rb:41:in `process_action'
actionpack (5.2.4.5) lib/action_controller/metal/rescue.rb:22:in `process_action'
actionpack (5.2.4.5) lib/action_controller/metal/instrumentation.rb:34:in `block in process_action'
activesupport (5.2.4.5) lib/active_support/notifications.rb:168:in `block in instrument'
activesupport (5.2.4.5) lib/active_support/notifications/instrumenter.rb:23:in `instrument'
activesupport (5.2.4.5) lib/active_support/notifications.rb:168:in `instrument'
actionpack (5.2.4.5) lib/action_controller/metal/instrumentation.rb:32:in `process_action'
actionpack (5.2.4.5) lib/action_controller/metal/params_wrapper.rb:256:in `process_action'
activerecord (5.2.4.5) lib/active_record/railties/controller_runtime.rb:24:in `process_action'
actionpack (5.2.4.5) lib/abstract_controller/base.rb:134:in `process'
actionview (5.2.4.5) lib/action_view/rendering.rb:32:in `process'
actionpack (5.2.4.5) lib/action_controller/metal.rb:191:in `dispatch'
actionpack (5.2.4.5) lib/action_controller/metal.rb:252:in `dispatch'
actionpack (5.2.4.5) lib/action_dispatch/routing/route_set.rb:52:in `dispatch'
actionpack (5.2.4.5) lib/action_dispatch/routing/route_set.rb:34:in `serve'
actionpack (5.2.4.5) lib/action_dispatch/routing/mapper.rb:18:in `block in <class:Constraints>'
actionpack (5.2.4.5) lib/action_dispatch/routing/mapper.rb:48:in `serve'
actionpack (5.2.4.5) lib/action_dispatch/journey/router.rb:52:in `block in serve'
actionpack (5.2.4.5) lib/action_dispatch/journey/router.rb:35:in `each'
actionpack (5.2.4.5) lib/action_dispatch/journey/router.rb:35:in `serve'
actionpack (5.2.4.5) lib/action_dispatch/routing/route_set.rb:840:in `call'
warden (1.2.9) lib/warden/manager.rb:36:in `block in call'
warden (1.2.9) lib/warden/manager.rb:34:in `catch'
warden (1.2.9) lib/warden/manager.rb:34:in `call'
rack (2.2.3) lib/rack/tempfile_reaper.rb:15:in `call'
rack (2.2.3) lib/rack/etag.rb:27:in `call'
rack (2.2.3) lib/rack/conditional_get.rb:40:in `call'
rack (2.2.3) lib/rack/head.rb:12:in `call'
actionpack (5.2.4.5) lib/action_dispatch/http/content_security_policy.rb:18:in `call'
rack (2.2.3) lib/rack/session/abstract/id.rb:266:in `context'
rack (2.2.3) lib/rack/session/abstract/id.rb:260:in `call'
actionpack (5.2.4.5) lib/action_dispatch/middleware/cookies.rb:670:in `call'
activerecord (5.2.4.5) lib/active_record/migration.rb:559:in `call'
actionpack (5.2.4.5) lib/action_dispatch/middleware/callbacks.rb:28:in `block in call'
activesupport (5.2.4.5) lib/active_support/callbacks.rb:98:in `run_callbacks'
actionpack (5.2.4.5) lib/action_dispatch/middleware/callbacks.rb:26:in `call'
actionpack (5.2.4.5) lib/action_dispatch/middleware/executor.rb:14:in `call'
actionpack (5.2.4.5) lib/action_dispatch/middleware/debug_exceptions.rb:61:in `call'
web-console (3.7.0) lib/web_console/middleware.rb:135:in `call_app'
web-console (3.7.0) lib/web_console/middleware.rb:22:in `block in call'
web-console (3.7.0) lib/web_console/middleware.rb:20:in `catch'
web-console (3.7.0) lib/web_console/middleware.rb:20:in `call'
actionpack (5.2.4.5) lib/action_dispatch/middleware/show_exceptions.rb:33:in `call'
railties (5.2.4.5) lib/rails/rack/logger.rb:38:in `call_app'
railties (5.2.4.5) lib/rails/rack/logger.rb:26:in `block in call'
activesupport (5.2.4.5) lib/active_support/tagged_logging.rb:71:in `block in tagged'
activesupport (5.2.4.5) lib/active_support/tagged_logging.rb:28:in `tagged'
activesupport (5.2.4.5) lib/active_support/tagged_logging.rb:71:in `tagged'
railties (5.2.4.5) lib/rails/rack/logger.rb:26:in `call'
sprockets-rails (3.2.2) lib/sprockets/rails/quiet_assets.rb:13:in `call'
actionpack (5.2.4.5) lib/action_dispatch/middleware/remote_ip.rb:81:in `call'
actionpack (5.2.4.5) lib/action_dispatch/middleware/request_id.rb:27:in `call'
rack (2.2.3) lib/rack/method_override.rb:24:in `call'
rack (2.2.3) lib/rack/runtime.rb:22:in `call'
activesupport (5.2.4.5) lib/active_support/cache/strategy/local_cache_middleware.rb:29:in `call'
actionpack (5.2.4.5) lib/action_dispatch/middleware/executor.rb:14:in `call'
actionpack (5.2.4.5) lib/action_dispatch/middleware/static.rb:127:in `call'
rack (2.2.3) lib/rack/sendfile.rb:110:in `call'
railties (5.2.4.5) lib/rails/engine.rb:524:in `call'
puma (3.12.6) lib/puma/configuration.rb:227:in `call'
puma (3.12.6) lib/puma/server.rb:706:in `handle_request'
puma (3.12.6) lib/puma/server.rb:476:in `process_client'
puma (3.12.6) lib/puma/server.rb:334:in `block in run'
puma (3.12.6) lib/puma/thread_pool.rb:135:in `block in spawn_thread'
Started GET "/users/sign_up" for 27.82.17.29 at 2021-03-12 14:47:27 +0000
Cannot render console from 27.82.17.29! Allowed networks: 127.0.0.1, ::1, 127.0.0.0/127.255.255.255
Processing by RegistrationsController#new as HTML
  Rendering devise/registrations/new.html.erb within layouts/application
  Rendered devise/shared/_error_messages.html.erb (0.5ms)
  Rendered devise/shared/_links.html.erb (0.8ms)
  Rendered devise/registrations/new.html.erb within layouts/application (9.0ms)
Completed 200 OK in 134ms (Views: 115.1ms | ActiveRecord: 0.7ms)


Started POST "/users" for 27.82.17.29 at 2021-03-12 14:47:50 +0000
Cannot render console from 27.82.17.29! Allowed networks: 127.0.0.1, ::1, 127.0.0.0/127.255.255.255
Processing by RegistrationsController#create as HTML
  Parameters: {"utf8"=>"âœ“", "authenticity_token"=>"M/Mp32lmb9R7JznhcDoNChORWEpMTUSsYiwuwqtOTN93a64I66Fb7SL/wLYH9dpa24ttkJI+Mf2heYRubXtC4A==", "user"=>{"ruby_last_name"=>"123", "last_name"=>"123", "ruby_first_name"=>"123", "first_name"=>"123", "email"=>"123@123.com", "phone_number"=>"0801234123", "password"=>"[FILTERED]", "password_confirmation"=>"[FILTERED]", "postcode"=>"1234", "prefecture_code"=>"13", "address_city"=>"è¶³ç«‹åŒº", "address_street"=>"123", "address_building"=>"123"}, "commit"=>"Sign up"}
  [1m[35m (0.1ms)[0m  [1m[36mbegin transaction[0m
  â†³ /home/ec2-user/.rvm/gems/ruby-2.6.3/gems/activerecord-5.2.4.5/lib/active_record/log_subscriber.rb:98
  [1m[36mUser Exists (0.2ms)[0m  [1m[34mSELECT  1 AS one FROM "users" WHERE "users"."email" = ? LIMIT ?[0m  [["email", "123@123.com"], ["LIMIT", 1]]
  â†³ /home/ec2-user/.rvm/gems/ruby-2.6.3/gems/activerecord-5.2.4.5/lib/active_record/log_subscriber.rb:98
  [1m[36mUser Create (0.5ms)[0m  [1m[32mINSERT INTO "users" ("email", "encrypted_password", "last_name", "first_name", "ruby_last_name", "ruby_first_name", "postcode", "prefecture_code", "address_city", "address_street", "address_building", "phone_number", "created_at", "updated_at") VALUES (?, ?, ?, ?, ?, ?, ?, ?, ?, ?, ?, ?, ?, ?)[0m  [["email", "123@123.com"], ["encrypted_password", "$2a$12$ieOwhWpxYlxe0UI1Jp5GQOj592fMQndFSchwIZxoFC2cAdwZU6oIy"], ["last_name", "123"], ["first_name", "123"], ["ruby_last_name", "123"], ["ruby_first_name", "123"], ["postcode", 1234], ["prefecture_code", 13], ["address_city", "è¶³ç«‹åŒº"], ["address_street", "123"], ["address_building", "123"], ["phone_number", 801234123], ["created_at", "2021-03-12 14:47:50.507859"], ["updated_at", "2021-03-12 14:47:50.507859"]]
  â†³ /home/ec2-user/.rvm/gems/ruby-2.6.3/gems/activerecord-5.2.4.5/lib/active_record/log_subscriber.rb:98
  [1m[35m (0.1ms)[0m  [1m[31mrollback transaction[0m
  â†³ /home/ec2-user/.rvm/gems/ruby-2.6.3/gems/activerecord-5.2.4.5/lib/active_record/log_subscriber.rb:98
Completed 500 Internal Server Error in 317ms (ActiveRecord: 0.9ms)


  
ActiveRecord::NotNullViolation (SQLite3::ConstraintException: users.password may not be NULL: INSERT INTO "users" ("email", "encrypted_password", "last_name", "first_name", "ruby_last_name", "ruby_first_name", "postcode", "prefecture_code", "address_city", "address_street", "address_building", "phone_number", "created_at", "updated_at") VALUES (?, ?, ?, ?, ?, ?, ?, ?, ?, ?, ?, ?, ?, ?)):
  
sqlite3 (1.4.2) lib/sqlite3/statement.rb:108:in `step'
sqlite3 (1.4.2) lib/sqlite3/statement.rb:108:in `block in each'
sqlite3 (1.4.2) lib/sqlite3/statement.rb:107:in `loop'
sqlite3 (1.4.2) lib/sqlite3/statement.rb:107:in `each'
activerecord (5.2.4.5) lib/active_record/connection_adapters/sqlite3_adapter.rb:222:in `to_a'
activerecord (5.2.4.5) lib/active_record/connection_adapters/sqlite3_adapter.rb:222:in `block (2 levels) in exec_query'
activesupport (5.2.4.5) lib/active_support/dependencies/interlock.rb:48:in `block in permit_concurrent_loads'
activesupport (5.2.4.5) lib/active_support/concurrency/share_lock.rb:187:in `yield_shares'
activesupport (5.2.4.5) lib/active_support/dependencies/interlock.rb:47:in `permit_concurrent_loads'
activerecord (5.2.4.5) lib/active_record/connection_adapters/sqlite3_adapter.rb:213:in `block in exec_query'
activerecord (5.2.4.5) lib/active_record/connection_adapters/abstract_adapter.rb:581:in `block (2 levels) in log'
/home/ec2-user/.rvm/rubies/ruby-2.6.3/lib/ruby/2.6.0/monitor.rb:230:in `mon_synchronize'
activerecord (5.2.4.5) lib/active_record/connection_adapters/abstract_adapter.rb:580:in `block in log'
activesupport (5.2.4.5) lib/active_support/notifications/instrumenter.rb:23:in `instrument'
activerecord (5.2.4.5) lib/active_record/connection_adapters/abstract_adapter.rb:571:in `log'
activerecord (5.2.4.5) lib/active_record/connection_adapters/sqlite3_adapter.rb:212:in `exec_query'
activerecord (5.2.4.5) lib/active_record/connection_adapters/abstract/database_statements.rb:130:in `exec_insert'
activerecord (5.2.4.5) lib/active_record/connection_adapters/abstract/database_statements.rb:162:in `insert'
activerecord (5.2.4.5) lib/active_record/connection_adapters/abstract/query_cache.rb:21:in `insert'
activerecord (5.2.4.5) lib/active_record/persistence.rb:187:in `_insert_record'
activerecord (5.2.4.5) lib/active_record/persistence.rb:734:in `_create_record'
activerecord (5.2.4.5) lib/active_record/counter_cache.rb:184:in `_create_record'
activerecord (5.2.4.5) lib/active_record/locking/optimistic.rb:70:in `_create_record'
activerecord (5.2.4.5) lib/active_record/attribute_methods/dirty.rb:140:in `_create_record'
activerecord (5.2.4.5) lib/active_record/callbacks.rb:346:in `block in _create_record'
activesupport (5.2.4.5) lib/active_support/callbacks.rb:132:in `run_callbacks'
activesupport (5.2.4.5) lib/active_support/callbacks.rb:816:in `_run_create_callbacks'
activerecord (5.2.4.5) lib/active_record/callbacks.rb:346:in `_create_record'
activerecord (5.2.4.5) lib/active_record/timestamp.rb:102:in `_create_record'
activerecord (5.2.4.5) lib/active_record/persistence.rb:705:in `create_or_update'
activerecord (5.2.4.5) lib/active_record/callbacks.rb:342:in `block in create_or_update'
activesupport (5.2.4.5) lib/active_support/callbacks.rb:132:in `run_callbacks'
activesupport (5.2.4.5) lib/active_support/callbacks.rb:816:in `_run_save_callbacks'
activerecord (5.2.4.5) lib/active_record/callbacks.rb:342:in `create_or_update'
activerecord (5.2.4.5) lib/active_record/persistence.rb:275:in `save'
activerecord (5.2.4.5) lib/active_record/validations.rb:46:in `save'
activerecord (5.2.4.5) lib/active_record/transactions.rb:310:in `block (2 levels) in save'
activerecord (5.2.4.5) lib/active_record/transactions.rb:387:in `block in with_transaction_returning_status'
activerecord (5.2.4.5) lib/active_record/connection_adapters/abstract/database_statements.rb:267:in `block in transaction'
activerecord (5.2.4.5) lib/active_record/connection_adapters/abstract/transaction.rb:239:in `block in within_new_transaction'
/home/ec2-user/.rvm/rubies/ruby-2.6.3/lib/ruby/2.6.0/monitor.rb:230:in `mon_synchronize'
activerecord (5.2.4.5) lib/active_record/connection_adapters/abstract/transaction.rb:236:in `within_new_transaction'
activerecord (5.2.4.5) lib/active_record/connection_adapters/abstract/database_statements.rb:267:in `transaction'
activerecord (5.2.4.5) lib/active_record/transactions.rb:212:in `transaction'
activerecord (5.2.4.5) lib/active_record/transactions.rb:385:in `with_transaction_returning_status'
activerecord (5.2.4.5) lib/active_record/transactions.rb:310:in `block in save'
activerecord (5.2.4.5) lib/active_record/transactions.rb:325:in `rollback_active_record_state!'
activerecord (5.2.4.5) lib/active_record/transactions.rb:309:in `save'
activerecord (5.2.4.5) lib/active_record/suppressor.rb:44:in `save'
devise (4.7.3) app/controllers/devise/registrations_controller.rb:19:in `create'
actionpack (5.2.4.5) lib/action_controller/metal/basic_implicit_render.rb:6:in `send_action'
actionpack (5.2.4.5) lib/abstract_controller/base.rb:194:in `process_action'
actionpack (5.2.4.5) lib/action_controller/metal/rendering.rb:30:in `process_action'
actionpack (5.2.4.5) lib/abstract_controller/callbacks.rb:42:in `block in process_action'
activesupport (5.2.4.5) lib/active_support/callbacks.rb:132:in `run_callbacks'
actionpack (5.2.4.5) lib/abstract_controller/callbacks.rb:41:in `process_action'
actionpack (5.2.4.5) lib/action_controller/metal/rescue.rb:22:in `process_action'
actionpack (5.2.4.5) lib/action_controller/metal/instrumentation.rb:34:in `block in process_action'
activesupport (5.2.4.5) lib/active_support/notifications.rb:168:in `block in instrument'
activesupport (5.2.4.5) lib/active_support/notifications/instrumenter.rb:23:in `instrument'
activesupport (5.2.4.5) lib/active_support/notifications.rb:168:in `instrument'
actionpack (5.2.4.5) lib/action_controller/metal/instrumentation.rb:32:in `process_action'
actionpack (5.2.4.5) lib/action_controller/metal/params_wrapper.rb:256:in `process_action'
activerecord (5.2.4.5) lib/active_record/railties/controller_runtime.rb:24:in `process_action'
actionpack (5.2.4.5) lib/abstract_controller/base.rb:134:in `process'
actionview (5.2.4.5) lib/action_view/rendering.rb:32:in `process'
actionpack (5.2.4.5) lib/action_controller/metal.rb:191:in `dispatch'
actionpack (5.2.4.5) lib/action_controller/metal.rb:252:in `dispatch'
actionpack (5.2.4.5) lib/action_dispatch/routing/route_set.rb:52:in `dispatch'
actionpack (5.2.4.5) lib/action_dispatch/routing/route_set.rb:34:in `serve'
actionpack (5.2.4.5) lib/action_dispatch/routing/mapper.rb:18:in `block in <class:Constraints>'
actionpack (5.2.4.5) lib/action_dispatch/routing/mapper.rb:48:in `serve'
actionpack (5.2.4.5) lib/action_dispatch/journey/router.rb:52:in `block in serve'
actionpack (5.2.4.5) lib/action_dispatch/journey/router.rb:35:in `each'
actionpack (5.2.4.5) lib/action_dispatch/journey/router.rb:35:in `serve'
actionpack (5.2.4.5) lib/action_dispatch/routing/route_set.rb:840:in `call'
warden (1.2.9) lib/warden/manager.rb:36:in `block in call'
warden (1.2.9) lib/warden/manager.rb:34:in `catch'
warden (1.2.9) lib/warden/manager.rb:34:in `call'
rack (2.2.3) lib/rack/tempfile_reaper.rb:15:in `call'
rack (2.2.3) lib/rack/etag.rb:27:in `call'
rack (2.2.3) lib/rack/conditional_get.rb:40:in `call'
rack (2.2.3) lib/rack/head.rb:12:in `call'
actionpack (5.2.4.5) lib/action_dispatch/http/content_security_policy.rb:18:in `call'
rack (2.2.3) lib/rack/session/abstract/id.rb:266:in `context'
rack (2.2.3) lib/rack/session/abstract/id.rb:260:in `call'
actionpack (5.2.4.5) lib/action_dispatch/middleware/cookies.rb:670:in `call'
activerecord (5.2.4.5) lib/active_record/migration.rb:559:in `call'
actionpack (5.2.4.5) lib/action_dispatch/middleware/callbacks.rb:28:in `block in call'
activesupport (5.2.4.5) lib/active_support/callbacks.rb:98:in `run_callbacks'
actionpack (5.2.4.5) lib/action_dispatch/middleware/callbacks.rb:26:in `call'
actionpack (5.2.4.5) lib/action_dispatch/middleware/executor.rb:14:in `call'
actionpack (5.2.4.5) lib/action_dispatch/middleware/debug_exceptions.rb:61:in `call'
web-console (3.7.0) lib/web_console/middleware.rb:135:in `call_app'
web-console (3.7.0) lib/web_console/middleware.rb:22:in `block in call'
web-console (3.7.0) lib/web_console/middleware.rb:20:in `catch'
web-console (3.7.0) lib/web_console/middleware.rb:20:in `call'
actionpack (5.2.4.5) lib/action_dispatch/middleware/show_exceptions.rb:33:in `call'
railties (5.2.4.5) lib/rails/rack/logger.rb:38:in `call_app'
railties (5.2.4.5) lib/rails/rack/logger.rb:26:in `block in call'
activesupport (5.2.4.5) lib/active_support/tagged_logging.rb:71:in `block in tagged'
activesupport (5.2.4.5) lib/active_support/tagged_logging.rb:28:in `tagged'
activesupport (5.2.4.5) lib/active_support/tagged_logging.rb:71:in `tagged'
railties (5.2.4.5) lib/rails/rack/logger.rb:26:in `call'
sprockets-rails (3.2.2) lib/sprockets/rails/quiet_assets.rb:13:in `call'
actionpack (5.2.4.5) lib/action_dispatch/middleware/remote_ip.rb:81:in `call'
actionpack (5.2.4.5) lib/action_dispatch/middleware/request_id.rb:27:in `call'
rack (2.2.3) lib/rack/method_override.rb:24:in `call'
rack (2.2.3) lib/rack/runtime.rb:22:in `call'
activesupport (5.2.4.5) lib/active_support/cache/strategy/local_cache_middleware.rb:29:in `call'
actionpack (5.2.4.5) lib/action_dispatch/middleware/executor.rb:14:in `call'
actionpack (5.2.4.5) lib/action_dispatch/middleware/static.rb:127:in `call'
rack (2.2.3) lib/rack/sendfile.rb:110:in `call'
railties (5.2.4.5) lib/rails/engine.rb:524:in `call'
puma (3.12.6) lib/puma/configuration.rb:227:in `call'
puma (3.12.6) lib/puma/server.rb:706:in `handle_request'
puma (3.12.6) lib/puma/server.rb:476:in `process_client'
puma (3.12.6) lib/puma/server.rb:334:in `block in run'
puma (3.12.6) lib/puma/thread_pool.rb:135:in `block in spawn_thread'
  [1m[35m (0.2ms)[0m  [1m[34mSELECT "schema_migrations"."version" FROM "schema_migrations" ORDER BY "schema_migrations"."version" ASC[0m
  â†³ bin/rails:9
  [1m[35m (0.1ms)[0m  [1m[34mSELECT "ar_internal_metadata"."value" FROM "ar_internal_metadata" WHERE "ar_internal_metadata"."key" = ?[0m  [["key", "environment"]]
  â†³ bin/rails:9
  [1m[35m (0.1ms)[0m  [1m[34mSELECT "schema_migrations"."version" FROM "schema_migrations" ORDER BY "schema_migrations"."version" ASC[0m
  â†³ bin/rails:9
  [1m[35m (0.1ms)[0m  [1m[34mSELECT "ar_internal_metadata"."value" FROM "ar_internal_metadata" WHERE "ar_internal_metadata"."key" = ?[0m  [["key", "environment"]]
  â†³ bin/rails:9
  [1m[35m (0.1ms)[0m  [1m[34mSELECT "schema_migrations"."version" FROM "schema_migrations" ORDER BY "schema_migrations"."version" ASC[0m
  â†³ bin/rails:9
  [1m[35m (0.1ms)[0m  [1m[34mSELECT "ar_internal_metadata"."value" FROM "ar_internal_metadata" WHERE "ar_internal_metadata"."key" = ?[0m  [["key", "environment"]]
  â†³ bin/rails:9
  [1m[35m (0.1ms)[0m  [1m[35mDROP TABLE IF EXISTS "carts"[0m
  â†³ db/schema.rb:15
  [1m[35m (0.1ms)[0m  [1m[34mSELECT sqlite_version(*)[0m
  â†³ db/schema.rb:15
  [1m[35m (8.0ms)[0m  [1m[35mCREATE TABLE "carts" ("id" integer PRIMARY KEY AUTOINCREMENT NOT NULL, "product_num" integer, "product_id" integer, "order_id" integer, "created_at" datetime NOT NULL, "updated_at" datetime NOT NULL)[0m
  â†³ db/schema.rb:15
  [1m[35m (4.7ms)[0m  [1m[35mCREATE  INDEX "index_carts_on_order_id" ON "carts" ("order_id")[0m
  â†³ db/schema.rb:15
  [1m[35m (5.9ms)[0m  [1m[35mCREATE  INDEX "index_carts_on_product_id" ON "carts" ("product_id")[0m
  â†³ db/schema.rb:15
  [1m[35m (0.1ms)[0m  [1m[35mDROP TABLE IF EXISTS "categories"[0m
  â†³ db/schema.rb:25
  [1m[35m (4.8ms)[0m  [1m[35mCREATE TABLE "categories" ("id" integer PRIMARY KEY AUTOINCREMENT NOT NULL, "category_name" varchar, "category_status" integer, "created_at" datetime NOT NULL, "updated_at" datetime NOT NULL)[0m
  â†³ db/schema.rb:25
  [1m[35m (0.1ms)[0m  [1m[35mDROP TABLE IF EXISTS "orderdproducts"[0m
  â†³ db/schema.rb:32
  [1m[35m (3.9ms)[0m  [1m[35mCREATE TABLE "orderdproducts" ("id" integer PRIMARY KEY AUTOINCREMENT NOT NULL, "product_id" integer, "order_id" integer, "order_num" integer, "production_status" integer, "price_in_tax" integer, "created_at" datetime NOT NULL, "updated_at" datetime NOT NULL)[0m
  â†³ db/schema.rb:32
  [1m[35m (6.0ms)[0m  [1m[35mCREATE  INDEX "index_orderdproducts_on_order_id" ON "orderdproducts" ("order_id")[0m
  â†³ db/schema.rb:32
  [1m[35m (5.8ms)[0m  [1m[35mCREATE  INDEX "index_orderdproducts_on_product_id" ON "orderdproducts" ("product_id")[0m
  â†³ db/schema.rb:32
  [1m[35m (0.1ms)[0m  [1m[35mDROP TABLE IF EXISTS "orders"[0m
  â†³ db/schema.rb:44
  [1m[35m (4.2ms)[0m  [1m[35mCREATE TABLE "orders" ("id" integer PRIMARY KEY AUTOINCREMENT NOT NULL, "user_id" integer, "shipping" integer, "billing_amount" integer, "method_payment" integer, "destination_name" varchar, "postcode" integer, "prefecture_code" integer, "address_city" varchar, "address_street" varchar, "address_build" varchar, "order_status" integer, "created_at" datetime NOT NULL, "updated_at" datetime NOT NULL)[0m
  â†³ db/schema.rb:44
  [1m[35m (0.1ms)[0m  [1m[35mDROP TABLE IF EXISTS "products"[0m
  â†³ db/schema.rb:60
  [1m[35m (4.5ms)[0m  [1m[35mCREATE TABLE "products" ("id" integer PRIMARY KEY AUTOINCREMENT NOT NULL, "image_id" varchar, "name" varchar, "description" text, "non_taxed_price" integer, "sales_status" integer, "created_at" datetime NOT NULL, "updated_at" datetime NOT NULL)[0m
  â†³ db/schema.rb:60
  [1m[35m (0.1ms)[0m  [1m[35mDROP TABLE IF EXISTS "shipping_addresses"[0m
  â†³ db/schema.rb:70
  [1m[35m (5.4ms)[0m  [1m[35mCREATE TABLE "shipping_addresses" ("id" integer PRIMARY KEY AUTOINCREMENT NOT NULL, "user_id" integer, "destination_name" varchar, "postcode" integer, "prefecture_code" integer, "address_city" varchar, "address_street" varchar, "address_build" varchar, "created_at" datetime NOT NULL, "updated_at" datetime NOT NULL)[0m
  â†³ db/schema.rb:70
  [1m[35m (0.1ms)[0m  [1m[35mDROP TABLE IF EXISTS "users"[0m
  â†³ db/schema.rb:82
  [1m[35m (4.3ms)[0m  [1m[35mCREATE TABLE "users" ("id" integer PRIMARY KEY AUTOINCREMENT NOT NULL, "email" varchar DEFAULT '' NOT NULL, "encrypted_password" varchar DEFAULT '' NOT NULL, "reset_password_token" varchar, "reset_password_sent_at" datetime, "remember_created_at" datetime, "last_name" varchar NOT NULL, "first_name" varchar NOT NULL, "ruby_last_name" varchar NOT NULL, "ruby_first_name" varchar NOT NULL, "postcode" integer NOT NULL, "prefecture_code" integer NOT NULL, "address_city" varchar NOT NULL, "address_street" varchar NOT NULL, "address_building" varchar, "phone_number" integer NOT NULL, "password" varchar NOT NULL, "user_status" boolean, "admin" boolean DEFAULT 0, "created_at" datetime NOT NULL, "updated_at" datetime NOT NULL)[0m
  â†³ db/schema.rb:82
  [1m[35m (9.5ms)[0m  [1m[35mCREATE UNIQUE INDEX "index_users_on_email" ON "users" ("email")[0m
  â†³ db/schema.rb:82
  [1m[35m (5.9ms)[0m  [1m[35mCREATE UNIQUE INDEX "index_users_on_reset_password_token" ON "users" ("reset_password_token")[0m
  â†³ db/schema.rb:82
  [1m[35m (4.7ms)[0m  [1m[35mCREATE TABLE "schema_migrations" ("version" varchar NOT NULL PRIMARY KEY)[0m
  â†³ db/schema.rb:13
  [1m[35m (0.1ms)[0m  [1m[34mSELECT "schema_migrations"."version" FROM "schema_migrations" ORDER BY "schema_migrations"."version" ASC[0m
  â†³ db/schema.rb:13
  [1m[35m (7.8ms)[0m  [1m[32mINSERT INTO "schema_migrations" (version) VALUES (20210311131853)[0m
  â†³ db/schema.rb:13
  [1m[35m (4.0ms)[0m  [1m[32mINSERT INTO "schema_migrations" (version) VALUES
(20210311125250),
(20210311131301),
(20210311131405),
(20210311131507),
(20210311131628),
(20210311131815);

[0m
  â†³ db/schema.rb:13
  [1m[35m (7.1ms)[0m  [1m[35mCREATE TABLE "ar_internal_metadata" ("key" varchar NOT NULL PRIMARY KEY, "value" varchar, "created_at" datetime NOT NULL, "updated_at" datetime NOT NULL)[0m
  â†³ db/schema.rb:13
  [1m[36mActiveRecord::InternalMetadata Load (0.1ms)[0m  [1m[34mSELECT  "ar_internal_metadata".* FROM "ar_internal_metadata" WHERE "ar_internal_metadata"."key" = ? LIMIT ?[0m  [["key", "environment"], ["LIMIT", 1]]
  â†³ db/schema.rb:13
  [1m[35m (0.0ms)[0m  [1m[36mbegin transaction[0m
  â†³ db/schema.rb:13
  [1m[36mActiveRecord::InternalMetadata Create (3.0ms)[0m  [1m[32mINSERT INTO "ar_internal_metadata" ("key", "value", "created_at", "updated_at") VALUES (?, ?, ?, ?)[0m  [["key", "environment"], ["value", "development"], ["created_at", "2021-03-12 14:51:44.224162"], ["updated_at", "2021-03-12 14:51:44.224162"]]
  â†³ db/schema.rb:13
  [1m[35m (6.7ms)[0m  [1m[36mcommit transaction[0m
  â†³ db/schema.rb:13
  [1m[36mActiveRecord::InternalMetadata Load (0.1ms)[0m  [1m[34mSELECT  "ar_internal_metadata".* FROM "ar_internal_metadata" WHERE "ar_internal_metadata"."key" = ? LIMIT ?[0m  [["key", "environment"], ["LIMIT", 1]]
  â†³ bin/rails:9
  [1m[35m (0.0ms)[0m  [1m[36mbegin transaction[0m
  â†³ bin/rails:9
  [1m[35m (0.0ms)[0m  [1m[36mcommit transaction[0m
  â†³ bin/rails:9
  [1m[35m (0.1ms)[0m  [1m[35mDROP TABLE IF EXISTS "carts"[0m
  â†³ db/schema.rb:15
  [1m[35m (0.1ms)[0m  [1m[34mSELECT sqlite_version(*)[0m
  â†³ db/schema.rb:15
  [1m[35m (8.3ms)[0m  [1m[35mCREATE TABLE "carts" ("id" integer PRIMARY KEY AUTOINCREMENT NOT NULL, "product_num" integer, "product_id" integer, "order_id" integer, "created_at" datetime NOT NULL, "updated_at" datetime NOT NULL)[0m
  â†³ db/schema.rb:15
  [1m[35m (6.4ms)[0m  [1m[35mCREATE  INDEX "index_carts_on_order_id" ON "carts" ("order_id")[0m
  â†³ db/schema.rb:15
  [1m[35m (4.4ms)[0m  [1m[35mCREATE  INDEX "index_carts_on_product_id" ON "carts" ("product_id")[0m
  â†³ db/schema.rb:15
  [1m[35m (0.1ms)[0m  [1m[35mDROP TABLE IF EXISTS "categories"[0m
  â†³ db/schema.rb:25
  [1m[35m (4.1ms)[0m  [1m[35mCREATE TABLE "categories" ("id" integer PRIMARY KEY AUTOINCREMENT NOT NULL, "category_name" varchar, "category_status" integer, "created_at" datetime NOT NULL, "updated_at" datetime NOT NULL)[0m
  â†³ db/schema.rb:25
  [1m[35m (0.1ms)[0m  [1m[35mDROP TABLE IF EXISTS "orderdproducts"[0m
  â†³ db/schema.rb:32
  [1m[35m (5.1ms)[0m  [1m[35mCREATE TABLE "orderdproducts" ("id" integer PRIMARY KEY AUTOINCREMENT NOT NULL, "product_id" integer, "order_id" integer, "order_num" integer, "production_status" integer, "price_in_tax" integer, "created_at" datetime NOT NULL, "updated_at" datetime NOT NULL)[0m
  â†³ db/schema.rb:32
  [1m[35m (6.8ms)[0m  [1m[35mCREATE  INDEX "index_orderdproducts_on_order_id" ON "orderdproducts" ("order_id")[0m
  â†³ db/schema.rb:32
  [1m[35m (4.7ms)[0m  [1m[35mCREATE  INDEX "index_orderdproducts_on_product_id" ON "orderdproducts" ("product_id")[0m
  â†³ db/schema.rb:32
  [1m[35m (0.1ms)[0m  [1m[35mDROP TABLE IF EXISTS "orders"[0m
  â†³ db/schema.rb:44
  [1m[35m (4.5ms)[0m  [1m[35mCREATE TABLE "orders" ("id" integer PRIMARY KEY AUTOINCREMENT NOT NULL, "user_id" integer, "shipping" integer, "billing_amount" integer, "method_payment" integer, "destination_name" varchar, "postcode" integer, "prefecture_code" integer, "address_city" varchar, "address_street" varchar, "address_build" varchar, "order_status" integer, "created_at" datetime NOT NULL, "updated_at" datetime NOT NULL)[0m
  â†³ db/schema.rb:44
  [1m[35m (0.1ms)[0m  [1m[35mDROP TABLE IF EXISTS "products"[0m
  â†³ db/schema.rb:60
  [1m[35m (3.9ms)[0m  [1m[35mCREATE TABLE "products" ("id" integer PRIMARY KEY AUTOINCREMENT NOT NULL, "image_id" varchar, "name" varchar, "description" text, "non_taxed_price" integer, "sales_status" integer, "created_at" datetime NOT NULL, "updated_at" datetime NOT NULL)[0m
  â†³ db/schema.rb:60
  [1m[35m (0.1ms)[0m  [1m[35mDROP TABLE IF EXISTS "shipping_addresses"[0m
  â†³ db/schema.rb:70
  [1m[35m (5.1ms)[0m  [1m[35mCREATE TABLE "shipping_addresses" ("id" integer PRIMARY KEY AUTOINCREMENT NOT NULL, "user_id" integer, "destination_name" varchar, "postcode" integer, "prefecture_code" integer, "address_city" varchar, "address_street" varchar, "address_build" varchar, "created_at" datetime NOT NULL, "updated_at" datetime NOT NULL)[0m
  â†³ db/schema.rb:70
  [1m[35m (0.1ms)[0m  [1m[35mDROP TABLE IF EXISTS "users"[0m
  â†³ db/schema.rb:82
  [1m[35m (5.1ms)[0m  [1m[35mCREATE TABLE "users" ("id" integer PRIMARY KEY AUTOINCREMENT NOT NULL, "email" varchar DEFAULT '' NOT NULL, "encrypted_password" varchar DEFAULT '' NOT NULL, "reset_password_token" varchar, "reset_password_sent_at" datetime, "remember_created_at" datetime, "last_name" varchar NOT NULL, "first_name" varchar NOT NULL, "ruby_last_name" varchar NOT NULL, "ruby_first_name" varchar NOT NULL, "postcode" integer NOT NULL, "prefecture_code" integer NOT NULL, "address_city" varchar NOT NULL, "address_street" varchar NOT NULL, "address_building" varchar, "phone_number" integer NOT NULL, "password" varchar NOT NULL, "user_status" boolean, "admin" boolean DEFAULT 0, "created_at" datetime NOT NULL, "updated_at" datetime NOT NULL)[0m
  â†³ db/schema.rb:82
  [1m[35m (7.5ms)[0m  [1m[35mCREATE UNIQUE INDEX "index_users_on_email" ON "users" ("email")[0m
  â†³ db/schema.rb:82
  [1m[35m (5.8ms)[0m  [1m[35mCREATE UNIQUE INDEX "index_users_on_reset_password_token" ON "users" ("reset_password_token")[0m
  â†³ db/schema.rb:82
  [1m[35m (5.6ms)[0m  [1m[35mCREATE TABLE "schema_migrations" ("version" varchar NOT NULL PRIMARY KEY)[0m
  â†³ db/schema.rb:13
  [1m[35m (0.1ms)[0m  [1m[34mSELECT "schema_migrations"."version" FROM "schema_migrations" ORDER BY "schema_migrations"."version" ASC[0m
  â†³ db/schema.rb:13
  [1m[35m (6.9ms)[0m  [1m[32mINSERT INTO "schema_migrations" (version) VALUES (20210311131853)[0m
  â†³ db/schema.rb:13
  [1m[35m (4.9ms)[0m  [1m[32mINSERT INTO "schema_migrations" (version) VALUES
(20210311125250),
(20210311131301),
(20210311131405),
(20210311131507),
(20210311131628),
(20210311131815);

[0m
  â†³ db/schema.rb:13
  [1m[35m (7.0ms)[0m  [1m[35mCREATE TABLE "ar_internal_metadata" ("key" varchar NOT NULL PRIMARY KEY, "value" varchar, "created_at" datetime NOT NULL, "updated_at" datetime NOT NULL)[0m
  â†³ db/schema.rb:13
  [1m[36mActiveRecord::InternalMetadata Load (0.1ms)[0m  [1m[34mSELECT  "ar_internal_metadata".* FROM "ar_internal_metadata" WHERE "ar_internal_metadata"."key" = ? LIMIT ?[0m  [["key", "environment"], ["LIMIT", 1]]
  â†³ db/schema.rb:13
  [1m[35m (0.0ms)[0m  [1m[36mbegin transaction[0m
  â†³ db/schema.rb:13
  [1m[36mActiveRecord::InternalMetadata Create (0.2ms)[0m  [1m[32mINSERT INTO "ar_internal_metadata" ("key", "value", "created_at", "updated_at") VALUES (?, ?, ?, ?)[0m  [["key", "environment"], ["value", "development"], ["created_at", "2021-03-12 14:51:44.356188"], ["updated_at", "2021-03-12 14:51:44.356188"]]
  â†³ db/schema.rb:13
  [1m[35m (5.2ms)[0m  [1m[36mcommit transaction[0m
  â†³ db/schema.rb:13
  [1m[36mActiveRecord::InternalMetadata Load (0.1ms)[0m  [1m[34mSELECT  "ar_internal_metadata".* FROM "ar_internal_metadata" WHERE "ar_internal_metadata"."key" = ? LIMIT ?[0m  [["key", "environment"], ["LIMIT", 1]]
  â†³ bin/rails:9
  [1m[35m (0.0ms)[0m  [1m[36mbegin transaction[0m
  â†³ bin/rails:9
  [1m[36mActiveRecord::InternalMetadata Update (0.2ms)[0m  [1m[33mUPDATE "ar_internal_metadata" SET "value" = ?, "updated_at" = ? WHERE "ar_internal_metadata"."key" = ?[0m  [["value", "test"], ["updated_at", "2021-03-12 14:51:44.363277"], ["key", "environment"]]
  â†³ bin/rails:9
  [1m[35m (6.7ms)[0m  [1m[36mcommit transaction[0m
  â†³ bin/rails:9
  [1m[35m (0.1ms)[0m  [1m[34mSELECT "schema_migrations"."version" FROM "schema_migrations" ORDER BY "schema_migrations"."version" ASC[0m
  â†³ bin/rails:9
Started GET "/users/sign_up" for 27.82.17.29 at 2021-03-12 14:51:55 +0000
Cannot render console from 27.82.17.29! Allowed networks: 127.0.0.1, ::1, 127.0.0.0/127.255.255.255
  [1m[35m (0.1ms)[0m  [1m[34mSELECT "schema_migrations"."version" FROM "schema_migrations" ORDER BY "schema_migrations"."version" ASC[0m
  â†³ /home/ec2-user/.rvm/gems/ruby-2.6.3/gems/activerecord-5.2.4.5/lib/active_record/log_subscriber.rb:98
Processing by RegistrationsController#new as HTML
  Rendering devise/registrations/new.html.erb within layouts/application
  Rendered devise/shared/_error_messages.html.erb (0.4ms)
  Rendered devise/shared/_links.html.erb (1.2ms)
  Rendered devise/registrations/new.html.erb within layouts/application (14.6ms)
Completed 200 OK in 578ms (Views: 552.9ms | ActiveRecord: 0.6ms)


Started POST "/users" for 27.82.17.29 at 2021-03-12 14:52:18 +0000
Cannot render console from 27.82.17.29! Allowed networks: 127.0.0.1, ::1, 127.0.0.0/127.255.255.255
Processing by RegistrationsController#create as HTML
  Parameters: {"utf8"=>"âœ“", "authenticity_token"=>"zhLaRq6ixG0gOfEU7bo6P+2ZzwJMyuzyItyAHNb/Yp+Kil2RLGXwVHnhCEOade1vJYP62JK5maPhiSqwEMpsoA==", "user"=>{"ruby_last_name"=>"123", "last_name"=>"123", "ruby_first_name"=>"123", "first_name"=>"123", "email"=>"123@123.com", "phone_number"=>"0801234123", "password"=>"[FILTERED]", "password_confirmation"=>"[FILTERED]", "postcode"=>"123", "prefecture_code"=>"13", "address_city"=>"è¶³ç«‹åŒº", "address_street"=>"123", "address_building"=>"123"}, "commit"=>"Sign up"}
  [1m[35m (0.1ms)[0m  [1m[36mbegin transaction[0m
  â†³ /home/ec2-user/.rvm/gems/ruby-2.6.3/gems/activerecord-5.2.4.5/lib/active_record/log_subscriber.rb:98
  [1m[36mUser Exists (0.2ms)[0m  [1m[34mSELECT  1 AS one FROM "users" WHERE "users"."email" = ? LIMIT ?[0m  [["email", "123@123.com"], ["LIMIT", 1]]
  â†³ /home/ec2-user/.rvm/gems/ruby-2.6.3/gems/activerecord-5.2.4.5/lib/active_record/log_subscriber.rb:98
  [1m[36mUser Create (0.6ms)[0m  [1m[32mINSERT INTO "users" ("email", "encrypted_password", "last_name", "first_name", "ruby_last_name", "ruby_first_name", "postcode", "prefecture_code", "address_city", "address_street", "address_building", "phone_number", "created_at", "updated_at") VALUES (?, ?, ?, ?, ?, ?, ?, ?, ?, ?, ?, ?, ?, ?)[0m  [["email", "123@123.com"], ["encrypted_password", "$2a$12$3fcZoGGlO4iWP0oRExn09eIMGunZUS3BpUc9NtzTIq7ZQm6dXar7."], ["last_name", "123"], ["first_name", "123"], ["ruby_last_name", "123"], ["ruby_first_name", "123"], ["postcode", 123], ["prefecture_code", 13], ["address_city", "è¶³ç«‹åŒº"], ["address_street", "123"], ["address_building", "123"], ["phone_number", 801234123], ["created_at", "2021-03-12 14:52:18.959196"], ["updated_at", "2021-03-12 14:52:18.959196"]]
  â†³ /home/ec2-user/.rvm/gems/ruby-2.6.3/gems/activerecord-5.2.4.5/lib/active_record/log_subscriber.rb:98
  [1m[35m (0.0ms)[0m  [1m[31mrollback transaction[0m
  â†³ /home/ec2-user/.rvm/gems/ruby-2.6.3/gems/activerecord-5.2.4.5/lib/active_record/log_subscriber.rb:98
Completed 500 Internal Server Error in 318ms (ActiveRecord: 0.9ms)


  
ActiveRecord::NotNullViolation (SQLite3::ConstraintException: users.password may not be NULL: INSERT INTO "users" ("email", "encrypted_password", "last_name", "first_name", "ruby_last_name", "ruby_first_name", "postcode", "prefecture_code", "address_city", "address_street", "address_building", "phone_number", "created_at", "updated_at") VALUES (?, ?, ?, ?, ?, ?, ?, ?, ?, ?, ?, ?, ?, ?)):
  
sqlite3 (1.4.2) lib/sqlite3/statement.rb:108:in `step'
sqlite3 (1.4.2) lib/sqlite3/statement.rb:108:in `block in each'
sqlite3 (1.4.2) lib/sqlite3/statement.rb:107:in `loop'
sqlite3 (1.4.2) lib/sqlite3/statement.rb:107:in `each'
activerecord (5.2.4.5) lib/active_record/connection_adapters/sqlite3_adapter.rb:222:in `to_a'
activerecord (5.2.4.5) lib/active_record/connection_adapters/sqlite3_adapter.rb:222:in `block (2 levels) in exec_query'
activesupport (5.2.4.5) lib/active_support/dependencies/interlock.rb:48:in `block in permit_concurrent_loads'
activesupport (5.2.4.5) lib/active_support/concurrency/share_lock.rb:187:in `yield_shares'
activesupport (5.2.4.5) lib/active_support/dependencies/interlock.rb:47:in `permit_concurrent_loads'
activerecord (5.2.4.5) lib/active_record/connection_adapters/sqlite3_adapter.rb:213:in `block in exec_query'
activerecord (5.2.4.5) lib/active_record/connection_adapters/abstract_adapter.rb:581:in `block (2 levels) in log'
/home/ec2-user/.rvm/rubies/ruby-2.6.3/lib/ruby/2.6.0/monitor.rb:230:in `mon_synchronize'
activerecord (5.2.4.5) lib/active_record/connection_adapters/abstract_adapter.rb:580:in `block in log'
activesupport (5.2.4.5) lib/active_support/notifications/instrumenter.rb:23:in `instrument'
activerecord (5.2.4.5) lib/active_record/connection_adapters/abstract_adapter.rb:571:in `log'
activerecord (5.2.4.5) lib/active_record/connection_adapters/sqlite3_adapter.rb:212:in `exec_query'
activerecord (5.2.4.5) lib/active_record/connection_adapters/abstract/database_statements.rb:130:in `exec_insert'
activerecord (5.2.4.5) lib/active_record/connection_adapters/abstract/database_statements.rb:162:in `insert'
activerecord (5.2.4.5) lib/active_record/connection_adapters/abstract/query_cache.rb:21:in `insert'
activerecord (5.2.4.5) lib/active_record/persistence.rb:187:in `_insert_record'
activerecord (5.2.4.5) lib/active_record/persistence.rb:734:in `_create_record'
activerecord (5.2.4.5) lib/active_record/counter_cache.rb:184:in `_create_record'
activerecord (5.2.4.5) lib/active_record/locking/optimistic.rb:70:in `_create_record'
activerecord (5.2.4.5) lib/active_record/attribute_methods/dirty.rb:140:in `_create_record'
activerecord (5.2.4.5) lib/active_record/callbacks.rb:346:in `block in _create_record'
activesupport (5.2.4.5) lib/active_support/callbacks.rb:132:in `run_callbacks'
activesupport (5.2.4.5) lib/active_support/callbacks.rb:816:in `_run_create_callbacks'
activerecord (5.2.4.5) lib/active_record/callbacks.rb:346:in `_create_record'
activerecord (5.2.4.5) lib/active_record/timestamp.rb:102:in `_create_record'
activerecord (5.2.4.5) lib/active_record/persistence.rb:705:in `create_or_update'
activerecord (5.2.4.5) lib/active_record/callbacks.rb:342:in `block in create_or_update'
activesupport (5.2.4.5) lib/active_support/callbacks.rb:132:in `run_callbacks'
activesupport (5.2.4.5) lib/active_support/callbacks.rb:816:in `_run_save_callbacks'
activerecord (5.2.4.5) lib/active_record/callbacks.rb:342:in `create_or_update'
activerecord (5.2.4.5) lib/active_record/persistence.rb:275:in `save'
activerecord (5.2.4.5) lib/active_record/validations.rb:46:in `save'
activerecord (5.2.4.5) lib/active_record/transactions.rb:310:in `block (2 levels) in save'
activerecord (5.2.4.5) lib/active_record/transactions.rb:387:in `block in with_transaction_returning_status'
activerecord (5.2.4.5) lib/active_record/connection_adapters/abstract/database_statements.rb:267:in `block in transaction'
activerecord (5.2.4.5) lib/active_record/connection_adapters/abstract/transaction.rb:239:in `block in within_new_transaction'
/home/ec2-user/.rvm/rubies/ruby-2.6.3/lib/ruby/2.6.0/monitor.rb:230:in `mon_synchronize'
activerecord (5.2.4.5) lib/active_record/connection_adapters/abstract/transaction.rb:236:in `within_new_transaction'
activerecord (5.2.4.5) lib/active_record/connection_adapters/abstract/database_statements.rb:267:in `transaction'
activerecord (5.2.4.5) lib/active_record/transactions.rb:212:in `transaction'
activerecord (5.2.4.5) lib/active_record/transactions.rb:385:in `with_transaction_returning_status'
activerecord (5.2.4.5) lib/active_record/transactions.rb:310:in `block in save'
activerecord (5.2.4.5) lib/active_record/transactions.rb:325:in `rollback_active_record_state!'
activerecord (5.2.4.5) lib/active_record/transactions.rb:309:in `save'
activerecord (5.2.4.5) lib/active_record/suppressor.rb:44:in `save'
devise (4.7.3) app/controllers/devise/registrations_controller.rb:19:in `create'
actionpack (5.2.4.5) lib/action_controller/metal/basic_implicit_render.rb:6:in `send_action'
actionpack (5.2.4.5) lib/abstract_controller/base.rb:194:in `process_action'
actionpack (5.2.4.5) lib/action_controller/metal/rendering.rb:30:in `process_action'
actionpack (5.2.4.5) lib/abstract_controller/callbacks.rb:42:in `block in process_action'
activesupport (5.2.4.5) lib/active_support/callbacks.rb:132:in `run_callbacks'
actionpack (5.2.4.5) lib/abstract_controller/callbacks.rb:41:in `process_action'
actionpack (5.2.4.5) lib/action_controller/metal/rescue.rb:22:in `process_action'
actionpack (5.2.4.5) lib/action_controller/metal/instrumentation.rb:34:in `block in process_action'
activesupport (5.2.4.5) lib/active_support/notifications.rb:168:in `block in instrument'
activesupport (5.2.4.5) lib/active_support/notifications/instrumenter.rb:23:in `instrument'
activesupport (5.2.4.5) lib/active_support/notifications.rb:168:in `instrument'
actionpack (5.2.4.5) lib/action_controller/metal/instrumentation.rb:32:in `process_action'
actionpack (5.2.4.5) lib/action_controller/metal/params_wrapper.rb:256:in `process_action'
activerecord (5.2.4.5) lib/active_record/railties/controller_runtime.rb:24:in `process_action'
actionpack (5.2.4.5) lib/abstract_controller/base.rb:134:in `process'
actionview (5.2.4.5) lib/action_view/rendering.rb:32:in `process'
actionpack (5.2.4.5) lib/action_controller/metal.rb:191:in `dispatch'
actionpack (5.2.4.5) lib/action_controller/metal.rb:252:in `dispatch'
actionpack (5.2.4.5) lib/action_dispatch/routing/route_set.rb:52:in `dispatch'
actionpack (5.2.4.5) lib/action_dispatch/routing/route_set.rb:34:in `serve'
actionpack (5.2.4.5) lib/action_dispatch/routing/mapper.rb:18:in `block in <class:Constraints>'
actionpack (5.2.4.5) lib/action_dispatch/routing/mapper.rb:48:in `serve'
actionpack (5.2.4.5) lib/action_dispatch/journey/router.rb:52:in `block in serve'
actionpack (5.2.4.5) lib/action_dispatch/journey/router.rb:35:in `each'
actionpack (5.2.4.5) lib/action_dispatch/journey/router.rb:35:in `serve'
actionpack (5.2.4.5) lib/action_dispatch/routing/route_set.rb:840:in `call'
warden (1.2.9) lib/warden/manager.rb:36:in `block in call'
warden (1.2.9) lib/warden/manager.rb:34:in `catch'
warden (1.2.9) lib/warden/manager.rb:34:in `call'
rack (2.2.3) lib/rack/tempfile_reaper.rb:15:in `call'
rack (2.2.3) lib/rack/etag.rb:27:in `call'
rack (2.2.3) lib/rack/conditional_get.rb:40:in `call'
rack (2.2.3) lib/rack/head.rb:12:in `call'
actionpack (5.2.4.5) lib/action_dispatch/http/content_security_policy.rb:18:in `call'
rack (2.2.3) lib/rack/session/abstract/id.rb:266:in `context'
rack (2.2.3) lib/rack/session/abstract/id.rb:260:in `call'
actionpack (5.2.4.5) lib/action_dispatch/middleware/cookies.rb:670:in `call'
activerecord (5.2.4.5) lib/active_record/migration.rb:559:in `call'
actionpack (5.2.4.5) lib/action_dispatch/middleware/callbacks.rb:28:in `block in call'
activesupport (5.2.4.5) lib/active_support/callbacks.rb:98:in `run_callbacks'
actionpack (5.2.4.5) lib/action_dispatch/middleware/callbacks.rb:26:in `call'
actionpack (5.2.4.5) lib/action_dispatch/middleware/executor.rb:14:in `call'
actionpack (5.2.4.5) lib/action_dispatch/middleware/debug_exceptions.rb:61:in `call'
web-console (3.7.0) lib/web_console/middleware.rb:135:in `call_app'
web-console (3.7.0) lib/web_console/middleware.rb:22:in `block in call'
web-console (3.7.0) lib/web_console/middleware.rb:20:in `catch'
web-console (3.7.0) lib/web_console/middleware.rb:20:in `call'
actionpack (5.2.4.5) lib/action_dispatch/middleware/show_exceptions.rb:33:in `call'
railties (5.2.4.5) lib/rails/rack/logger.rb:38:in `call_app'
railties (5.2.4.5) lib/rails/rack/logger.rb:26:in `block in call'
activesupport (5.2.4.5) lib/active_support/tagged_logging.rb:71:in `block in tagged'
activesupport (5.2.4.5) lib/active_support/tagged_logging.rb:28:in `tagged'
activesupport (5.2.4.5) lib/active_support/tagged_logging.rb:71:in `tagged'
railties (5.2.4.5) lib/rails/rack/logger.rb:26:in `call'
sprockets-rails (3.2.2) lib/sprockets/rails/quiet_assets.rb:13:in `call'
actionpack (5.2.4.5) lib/action_dispatch/middleware/remote_ip.rb:81:in `call'
actionpack (5.2.4.5) lib/action_dispatch/middleware/request_id.rb:27:in `call'
rack (2.2.3) lib/rack/method_override.rb:24:in `call'
rack (2.2.3) lib/rack/runtime.rb:22:in `call'
activesupport (5.2.4.5) lib/active_support/cache/strategy/local_cache_middleware.rb:29:in `call'
actionpack (5.2.4.5) lib/action_dispatch/middleware/executor.rb:14:in `call'
actionpack (5.2.4.5) lib/action_dispatch/middleware/static.rb:127:in `call'
rack (2.2.3) lib/rack/sendfile.rb:110:in `call'
railties (5.2.4.5) lib/rails/engine.rb:524:in `call'
puma (3.12.6) lib/puma/configuration.rb:227:in `call'
puma (3.12.6) lib/puma/server.rb:706:in `handle_request'
puma (3.12.6) lib/puma/server.rb:476:in `process_client'
puma (3.12.6) lib/puma/server.rb:334:in `block in run'
puma (3.12.6) lib/puma/thread_pool.rb:135:in `block in spawn_thread'
  [1m[35m (0.1ms)[0m  [1m[34mSELECT "schema_migrations"."version" FROM "schema_migrations" ORDER BY "schema_migrations"."version" ASC[0m
  â†³ bin/rails:9
  [1m[36mActiveRecord::InternalMetadata Load (0.2ms)[0m  [1m[34mSELECT  "ar_internal_metadata".* FROM "ar_internal_metadata" WHERE "ar_internal_metadata"."key" = ? LIMIT ?[0m  [["key", "environment"], ["LIMIT", 1]]
  â†³ bin/rails:9
  [1m[35m (0.0ms)[0m  [1m[36mbegin transaction[0m
  â†³ bin/rails:9
  [1m[35m (0.0ms)[0m  [1m[36mcommit transaction[0m
  â†³ bin/rails:9
  [1m[35m (0.1ms)[0m  [1m[34mSELECT "schema_migrations"."version" FROM "schema_migrations" ORDER BY "schema_migrations"."version" ASC[0m
  â†³ bin/rails:9
  [1m[35m (0.1ms)[0m  [1m[34mSELECT "schema_migrations"."version" FROM "schema_migrations" ORDER BY "schema_migrations"."version" ASC[0m
  â†³ bin/rails:9
  [1m[36mActiveRecord::InternalMetadata Load (0.2ms)[0m  [1m[34mSELECT  "ar_internal_metadata".* FROM "ar_internal_metadata" WHERE "ar_internal_metadata"."key" = ? LIMIT ?[0m  [["key", "environment"], ["LIMIT", 1]]
  â†³ bin/rails:9
  [1m[35m (0.0ms)[0m  [1m[36mbegin transaction[0m
  â†³ bin/rails:9
  [1m[35m (0.0ms)[0m  [1m[36mcommit transaction[0m
  â†³ bin/rails:9
  [1m[35m (0.1ms)[0m  [1m[34mSELECT "schema_migrations"."version" FROM "schema_migrations" ORDER BY "schema_migrations"."version" ASC[0m
  â†³ bin/rails:9
  [1m[35m (0.1ms)[0m  [1m[34mSELECT "schema_migrations"."version" FROM "schema_migrations" ORDER BY "schema_migrations"."version" ASC[0m
  â†³ bin/rails:9
  [1m[35m (0.1ms)[0m  [1m[34mSELECT "ar_internal_metadata"."value" FROM "ar_internal_metadata" WHERE "ar_internal_metadata"."key" = ?[0m  [["key", "environment"]]
  â†³ bin/rails:9
  [1m[35m (0.1ms)[0m  [1m[34mSELECT "schema_migrations"."version" FROM "schema_migrations" ORDER BY "schema_migrations"."version" ASC[0m
  â†³ bin/rails:9
  [1m[35m (0.1ms)[0m  [1m[34mSELECT "ar_internal_metadata"."value" FROM "ar_internal_metadata" WHERE "ar_internal_metadata"."key" = ?[0m  [["key", "environment"]]
  â†³ bin/rails:9
  [1m[35m (0.1ms)[0m  [1m[34mSELECT "schema_migrations"."version" FROM "schema_migrations" ORDER BY "schema_migrations"."version" ASC[0m
  â†³ bin/rails:9
  [1m[35m (0.1ms)[0m  [1m[34mSELECT "ar_internal_metadata"."value" FROM "ar_internal_metadata" WHERE "ar_internal_metadata"."key" = ?[0m  [["key", "environment"]]
  â†³ bin/rails:9
  [1m[35m (0.1ms)[0m  [1m[35mDROP TABLE IF EXISTS "carts"[0m
  â†³ db/schema.rb:15
  [1m[35m (0.1ms)[0m  [1m[34mSELECT sqlite_version(*)[0m
  â†³ db/schema.rb:15
  [1m[35m (8.7ms)[0m  [1m[35mCREATE TABLE "carts" ("id" integer PRIMARY KEY AUTOINCREMENT NOT NULL, "product_num" integer, "product_id" integer, "order_id" integer, "created_at" datetime NOT NULL, "updated_at" datetime NOT NULL)[0m
  â†³ db/schema.rb:15
  [1m[35m (6.0ms)[0m  [1m[35mCREATE  INDEX "index_carts_on_order_id" ON "carts" ("order_id")[0m
  â†³ db/schema.rb:15
  [1m[35m (4.3ms)[0m  [1m[35mCREATE  INDEX "index_carts_on_product_id" ON "carts" ("product_id")[0m
  â†³ db/schema.rb:15
  [1m[35m (0.1ms)[0m  [1m[35mDROP TABLE IF EXISTS "categories"[0m
  â†³ db/schema.rb:25
  [1m[35m (5.4ms)[0m  [1m[35mCREATE TABLE "categories" ("id" integer PRIMARY KEY AUTOINCREMENT NOT NULL, "category_name" varchar, "category_status" integer, "created_at" datetime NOT NULL, "updated_at" datetime NOT NULL)[0m
  â†³ db/schema.rb:25
  [1m[35m (0.1ms)[0m  [1m[35mDROP TABLE IF EXISTS "orderdproducts"[0m
  â†³ db/schema.rb:32
  [1m[35m (5.4ms)[0m  [1m[35mCREATE TABLE "orderdproducts" ("id" integer PRIMARY KEY AUTOINCREMENT NOT NULL, "product_id" integer, "order_id" integer, "order_num" integer, "production_status" integer, "price_in_tax" integer, "created_at" datetime NOT NULL, "updated_at" datetime NOT NULL)[0m
  â†³ db/schema.rb:32
  [1m[35m (6.3ms)[0m  [1m[35mCREATE  INDEX "index_orderdproducts_on_order_id" ON "orderdproducts" ("order_id")[0m
  â†³ db/schema.rb:32
  [1m[35m (4.3ms)[0m  [1m[35mCREATE  INDEX "index_orderdproducts_on_product_id" ON "orderdproducts" ("product_id")[0m
  â†³ db/schema.rb:32
  [1m[35m (0.1ms)[0m  [1m[35mDROP TABLE IF EXISTS "orders"[0m
  â†³ db/schema.rb:44
  [1m[35m (6.2ms)[0m  [1m[35mCREATE TABLE "orders" ("id" integer PRIMARY KEY AUTOINCREMENT NOT NULL, "user_id" integer, "shipping" integer, "billing_amount" integer, "method_payment" integer, "destination_name" varchar, "postcode" integer, "prefecture_code" integer, "address_city" varchar, "address_street" varchar, "address_build" varchar, "order_status" integer, "created_at" datetime NOT NULL, "updated_at" datetime NOT NULL)[0m
  â†³ db/schema.rb:44
  [1m[35m (0.1ms)[0m  [1m[35mDROP TABLE IF EXISTS "products"[0m
  â†³ db/schema.rb:60
  [1m[35m (4.5ms)[0m  [1m[35mCREATE TABLE "products" ("id" integer PRIMARY KEY AUTOINCREMENT NOT NULL, "image_id" varchar, "name" varchar, "description" text, "non_taxed_price" integer, "sales_status" integer, "created_at" datetime NOT NULL, "updated_at" datetime NOT NULL)[0m
  â†³ db/schema.rb:60
  [1m[35m (0.1ms)[0m  [1m[35mDROP TABLE IF EXISTS "shipping_addresses"[0m
  â†³ db/schema.rb:70
  [1m[35m (4.6ms)[0m  [1m[35mCREATE TABLE "shipping_addresses" ("id" integer PRIMARY KEY AUTOINCREMENT NOT NULL, "user_id" integer, "destination_name" varchar, "postcode" integer, "prefecture_code" integer, "address_city" varchar, "address_street" varchar, "address_build" varchar, "created_at" datetime NOT NULL, "updated_at" datetime NOT NULL)[0m
  â†³ db/schema.rb:70
  [1m[35m (0.1ms)[0m  [1m[35mDROP TABLE IF EXISTS "users"[0m
  â†³ db/schema.rb:82
  [1m[35m (4.8ms)[0m  [1m[35mCREATE TABLE "users" ("id" integer PRIMARY KEY AUTOINCREMENT NOT NULL, "email" varchar DEFAULT '' NOT NULL, "encrypted_password" varchar DEFAULT '' NOT NULL, "reset_password_token" varchar, "reset_password_sent_at" datetime, "remember_created_at" datetime, "last_name" varchar NOT NULL, "first_name" varchar NOT NULL, "ruby_last_name" varchar NOT NULL, "ruby_first_name" varchar NOT NULL, "postcode" integer NOT NULL, "prefecture_code" integer NOT NULL, "address_city" varchar NOT NULL, "address_street" varchar NOT NULL, "address_building" varchar, "phone_number" integer NOT NULL, "password" varchar NOT NULL, "user_status" boolean, "admin" boolean DEFAULT 0, "created_at" datetime NOT NULL, "updated_at" datetime NOT NULL)[0m
  â†³ db/schema.rb:82
  [1m[35m (6.5ms)[0m  [1m[35mCREATE UNIQUE INDEX "index_users_on_email" ON "users" ("email")[0m
  â†³ db/schema.rb:82
  [1m[35m (4.2ms)[0m  [1m[35mCREATE UNIQUE INDEX "index_users_on_reset_password_token" ON "users" ("reset_password_token")[0m
  â†³ db/schema.rb:82
  [1m[35m (5.3ms)[0m  [1m[35mCREATE TABLE "schema_migrations" ("version" varchar NOT NULL PRIMARY KEY)[0m
  â†³ db/schema.rb:13
  [1m[35m (0.1ms)[0m  [1m[34mSELECT "schema_migrations"."version" FROM "schema_migrations" ORDER BY "schema_migrations"."version" ASC[0m
  â†³ db/schema.rb:13
  [1m[35m (6.4ms)[0m  [1m[32mINSERT INTO "schema_migrations" (version) VALUES (20210311131853)[0m
  â†³ db/schema.rb:13
  [1m[35m (6.1ms)[0m  [1m[32mINSERT INTO "schema_migrations" (version) VALUES
(20210311125250),
(20210311131301),
(20210311131405),
(20210311131507),
(20210311131628),
(20210311131815);

[0m
  â†³ db/schema.rb:13
  [1m[35m (6.0ms)[0m  [1m[35mCREATE TABLE "ar_internal_metadata" ("key" varchar NOT NULL PRIMARY KEY, "value" varchar, "created_at" datetime NOT NULL, "updated_at" datetime NOT NULL)[0m
  â†³ db/schema.rb:13
  [1m[36mActiveRecord::InternalMetadata Load (0.1ms)[0m  [1m[34mSELECT  "ar_internal_metadata".* FROM "ar_internal_metadata" WHERE "ar_internal_metadata"."key" = ? LIMIT ?[0m  [["key", "environment"], ["LIMIT", 1]]
  â†³ db/schema.rb:13
  [1m[35m (0.0ms)[0m  [1m[36mbegin transaction[0m
  â†³ db/schema.rb:13
  [1m[36mActiveRecord::InternalMetadata Create (2.5ms)[0m  [1m[32mINSERT INTO "ar_internal_metadata" ("key", "value", "created_at", "updated_at") VALUES (?, ?, ?, ?)[0m  [["key", "environment"], ["value", "development"], ["created_at", "2021-03-12 14:53:29.593311"], ["updated_at", "2021-03-12 14:53:29.593311"]]
  â†³ db/schema.rb:13
  [1m[35m (5.2ms)[0m  [1m[36mcommit transaction[0m
  â†³ db/schema.rb:13
  [1m[36mActiveRecord::InternalMetadata Load (0.1ms)[0m  [1m[34mSELECT  "ar_internal_metadata".* FROM "ar_internal_metadata" WHERE "ar_internal_metadata"."key" = ? LIMIT ?[0m  [["key", "environment"], ["LIMIT", 1]]
  â†³ bin/rails:9
  [1m[35m (0.0ms)[0m  [1m[36mbegin transaction[0m
  â†³ bin/rails:9
  [1m[35m (0.0ms)[0m  [1m[36mcommit transaction[0m
  â†³ bin/rails:9
  [1m[35m (0.1ms)[0m  [1m[35mDROP TABLE IF EXISTS "carts"[0m
  â†³ db/schema.rb:15
  [1m[35m (0.1ms)[0m  [1m[34mSELECT sqlite_version(*)[0m
  â†³ db/schema.rb:15
  [1m[35m (6.2ms)[0m  [1m[35mCREATE TABLE "carts" ("id" integer PRIMARY KEY AUTOINCREMENT NOT NULL, "product_num" integer, "product_id" integer, "order_id" integer, "created_at" datetime NOT NULL, "updated_at" datetime NOT NULL)[0m
  â†³ db/schema.rb:15
  [1m[35m (6.1ms)[0m  [1m[35mCREATE  INDEX "index_carts_on_order_id" ON "carts" ("order_id")[0m
  â†³ db/schema.rb:15
  [1m[35m (5.2ms)[0m  [1m[35mCREATE  INDEX "index_carts_on_product_id" ON "carts" ("product_id")[0m
  â†³ db/schema.rb:15
  [1m[35m (0.1ms)[0m  [1m[35mDROP TABLE IF EXISTS "categories"[0m
  â†³ db/schema.rb:25
  [1m[35m (4.5ms)[0m  [1m[35mCREATE TABLE "categories" ("id" integer PRIMARY KEY AUTOINCREMENT NOT NULL, "category_name" varchar, "category_status" integer, "created_at" datetime NOT NULL, "updated_at" datetime NOT NULL)[0m
  â†³ db/schema.rb:25
  [1m[35m (0.1ms)[0m  [1m[35mDROP TABLE IF EXISTS "orderdproducts"[0m
  â†³ db/schema.rb:32
  [1m[35m (4.3ms)[0m  [1m[35mCREATE TABLE "orderdproducts" ("id" integer PRIMARY KEY AUTOINCREMENT NOT NULL, "product_id" integer, "order_id" integer, "order_num" integer, "production_status" integer, "price_in_tax" integer, "created_at" datetime NOT NULL, "updated_at" datetime NOT NULL)[0m
  â†³ db/schema.rb:32
  [1m[35m (6.9ms)[0m  [1m[35mCREATE  INDEX "index_orderdproducts_on_order_id" ON "orderdproducts" ("order_id")[0m
  â†³ db/schema.rb:32
  [1m[35m (4.2ms)[0m  [1m[35mCREATE  INDEX "index_orderdproducts_on_product_id" ON "orderdproducts" ("product_id")[0m
  â†³ db/schema.rb:32
  [1m[35m (0.1ms)[0m  [1m[35mDROP TABLE IF EXISTS "orders"[0m
  â†³ db/schema.rb:44
  [1m[35m (5.2ms)[0m  [1m[35mCREATE TABLE "orders" ("id" integer PRIMARY KEY AUTOINCREMENT NOT NULL, "user_id" integer, "shipping" integer, "billing_amount" integer, "method_payment" integer, "destination_name" varchar, "postcode" integer, "prefecture_code" integer, "address_city" varchar, "address_street" varchar, "address_build" varchar, "order_status" integer, "created_at" datetime NOT NULL, "updated_at" datetime NOT NULL)[0m
  â†³ db/schema.rb:44
  [1m[35m (0.1ms)[0m  [1m[35mDROP TABLE IF EXISTS "products"[0m
  â†³ db/schema.rb:60
  [1m[35m (5.1ms)[0m  [1m[35mCREATE TABLE "products" ("id" integer PRIMARY KEY AUTOINCREMENT NOT NULL, "image_id" varchar, "name" varchar, "description" text, "non_taxed_price" integer, "sales_status" integer, "created_at" datetime NOT NULL, "updated_at" datetime NOT NULL)[0m
  â†³ db/schema.rb:60
  [1m[35m (0.1ms)[0m  [1m[35mDROP TABLE IF EXISTS "shipping_addresses"[0m
  â†³ db/schema.rb:70
  [1m[35m (5.9ms)[0m  [1m[35mCREATE TABLE "shipping_addresses" ("id" integer PRIMARY KEY AUTOINCREMENT NOT NULL, "user_id" integer, "destination_name" varchar, "postcode" integer, "prefecture_code" integer, "address_city" varchar, "address_street" varchar, "address_build" varchar, "created_at" datetime NOT NULL, "updated_at" datetime NOT NULL)[0m
  â†³ db/schema.rb:70
  [1m[35m (0.1ms)[0m  [1m[35mDROP TABLE IF EXISTS "users"[0m
  â†³ db/schema.rb:82
  [1m[35m (5.5ms)[0m  [1m[35mCREATE TABLE "users" ("id" integer PRIMARY KEY AUTOINCREMENT NOT NULL, "email" varchar DEFAULT '' NOT NULL, "encrypted_password" varchar DEFAULT '' NOT NULL, "reset_password_token" varchar, "reset_password_sent_at" datetime, "remember_created_at" datetime, "last_name" varchar NOT NULL, "first_name" varchar NOT NULL, "ruby_last_name" varchar NOT NULL, "ruby_first_name" varchar NOT NULL, "postcode" integer NOT NULL, "prefecture_code" integer NOT NULL, "address_city" varchar NOT NULL, "address_street" varchar NOT NULL, "address_building" varchar, "phone_number" integer NOT NULL, "password" varchar NOT NULL, "user_status" boolean, "admin" boolean DEFAULT 0, "created_at" datetime NOT NULL, "updated_at" datetime NOT NULL)[0m
  â†³ db/schema.rb:82
  [1m[35m (6.0ms)[0m  [1m[35mCREATE UNIQUE INDEX "index_users_on_email" ON "users" ("email")[0m
  â†³ db/schema.rb:82
  [1m[35m (5.0ms)[0m  [1m[35mCREATE UNIQUE INDEX "index_users_on_reset_password_token" ON "users" ("reset_password_token")[0m
  â†³ db/schema.rb:82
  [1m[35m (4.7ms)[0m  [1m[35mCREATE TABLE "schema_migrations" ("version" varchar NOT NULL PRIMARY KEY)[0m
  â†³ db/schema.rb:13
  [1m[35m (0.1ms)[0m  [1m[34mSELECT "schema_migrations"."version" FROM "schema_migrations" ORDER BY "schema_migrations"."version" ASC[0m
  â†³ db/schema.rb:13
  [1m[35m (4.1ms)[0m  [1m[32mINSERT INTO "schema_migrations" (version) VALUES (20210311131853)[0m
  â†³ db/schema.rb:13
  [1m[35m (6.0ms)[0m  [1m[32mINSERT INTO "schema_migrations" (version) VALUES
(20210311125250),
(20210311131301),
(20210311131405),
(20210311131507),
(20210311131628),
(20210311131815);

[0m
  â†³ db/schema.rb:13
  [1m[35m (4.2ms)[0m  [1m[35mCREATE TABLE "ar_internal_metadata" ("key" varchar NOT NULL PRIMARY KEY, "value" varchar, "created_at" datetime NOT NULL, "updated_at" datetime NOT NULL)[0m
  â†³ db/schema.rb:13
  [1m[36mActiveRecord::InternalMetadata Load (0.1ms)[0m  [1m[34mSELECT  "ar_internal_metadata".* FROM "ar_internal_metadata" WHERE "ar_internal_metadata"."key" = ? LIMIT ?[0m  [["key", "environment"], ["LIMIT", 1]]
  â†³ db/schema.rb:13
  [1m[35m (0.0ms)[0m  [1m[36mbegin transaction[0m
  â†³ db/schema.rb:13
  [1m[36mActiveRecord::InternalMetadata Create (0.2ms)[0m  [1m[32mINSERT INTO "ar_internal_metadata" ("key", "value", "created_at", "updated_at") VALUES (?, ?, ?, ?)[0m  [["key", "environment"], ["value", "development"], ["created_at", "2021-03-12 14:53:29.719637"], ["updated_at", "2021-03-12 14:53:29.719637"]]
  â†³ db/schema.rb:13
  [1m[35m (6.7ms)[0m  [1m[36mcommit transaction[0m
  â†³ db/schema.rb:13
  [1m[36mActiveRecord::InternalMetadata Load (0.1ms)[0m  [1m[34mSELECT  "ar_internal_metadata".* FROM "ar_internal_metadata" WHERE "ar_internal_metadata"."key" = ? LIMIT ?[0m  [["key", "environment"], ["LIMIT", 1]]
  â†³ bin/rails:9
  [1m[35m (0.0ms)[0m  [1m[36mbegin transaction[0m
  â†³ bin/rails:9
  [1m[36mActiveRecord::InternalMetadata Update (0.2ms)[0m  [1m[33mUPDATE "ar_internal_metadata" SET "value" = ?, "updated_at" = ? WHERE "ar_internal_metadata"."key" = ?[0m  [["value", "test"], ["updated_at", "2021-03-12 14:53:29.728208"], ["key", "environment"]]
  â†³ bin/rails:9
  [1m[35m (6.0ms)[0m  [1m[36mcommit transaction[0m
  â†³ bin/rails:9
  [1m[35m (0.1ms)[0m  [1m[34mSELECT "schema_migrations"."version" FROM "schema_migrations" ORDER BY "schema_migrations"."version" ASC[0m
  â†³ bin/rails:9
  [1m[35m (0.2ms)[0m  [1m[34mSELECT "schema_migrations"."version" FROM "schema_migrations" ORDER BY "schema_migrations"."version" ASC[0m
  â†³ bin/rails:9
  [1m[36mActiveRecord::InternalMetadata Load (0.2ms)[0m  [1m[34mSELECT  "ar_internal_metadata".* FROM "ar_internal_metadata" WHERE "ar_internal_metadata"."key" = ? LIMIT ?[0m  [["key", "environment"], ["LIMIT", 1]]
  â†³ bin/rails:9
  [1m[35m (0.1ms)[0m  [1m[36mbegin transaction[0m
  â†³ bin/rails:9
  [1m[35m (0.0ms)[0m  [1m[36mcommit transaction[0m
  â†³ bin/rails:9
  [1m[35m (0.1ms)[0m  [1m[34mSELECT "schema_migrations"."version" FROM "schema_migrations" ORDER BY "schema_migrations"."version" ASC[0m
  â†³ bin/rails:9
  [1m[35m (0.1ms)[0m  [1m[34mSELECT "schema_migrations"."version" FROM "schema_migrations" ORDER BY "schema_migrations"."version" ASC[0m
  â†³ bin/rails:9
  [1m[35m (0.1ms)[0m  [1m[34mSELECT "ar_internal_metadata"."value" FROM "ar_internal_metadata" WHERE "ar_internal_metadata"."key" = ?[0m  [["key", "environment"]]
  â†³ bin/rails:9
  [1m[35m (0.1ms)[0m  [1m[34mSELECT "schema_migrations"."version" FROM "schema_migrations" ORDER BY "schema_migrations"."version" ASC[0m
  â†³ bin/rails:9
  [1m[35m (0.1ms)[0m  [1m[34mSELECT "ar_internal_metadata"."value" FROM "ar_internal_metadata" WHERE "ar_internal_metadata"."key" = ?[0m  [["key", "environment"]]
  â†³ bin/rails:9
  [1m[35m (0.1ms)[0m  [1m[34mSELECT "schema_migrations"."version" FROM "schema_migrations" ORDER BY "schema_migrations"."version" ASC[0m
  â†³ bin/rails:9
  [1m[35m (0.1ms)[0m  [1m[34mSELECT "ar_internal_metadata"."value" FROM "ar_internal_metadata" WHERE "ar_internal_metadata"."key" = ?[0m  [["key", "environment"]]
  â†³ bin/rails:9
  [1m[35m (0.1ms)[0m  [1m[34mSELECT sqlite_version(*)[0m
  â†³ bin/rails:9
  [1m[35m (9.1ms)[0m  [1m[35mCREATE TABLE "schema_migrations" ("version" varchar NOT NULL PRIMARY KEY)[0m
  â†³ bin/rails:9
  [1m[35m (18.9ms)[0m  [1m[35mCREATE TABLE "ar_internal_metadata" ("key" varchar NOT NULL PRIMARY KEY, "value" varchar, "created_at" datetime NOT NULL, "updated_at" datetime NOT NULL)[0m
  â†³ bin/rails:9
  [1m[35m (0.1ms)[0m  [1m[34mSELECT "schema_migrations"."version" FROM "schema_migrations" ORDER BY "schema_migrations"."version" ASC[0m
  â†³ bin/rails:9
Migrating to DeviseCreateUsers (20210311125250)
  [1m[35m (0.0ms)[0m  [1m[36mbegin transaction[0m
  â†³ bin/rails:9
  [1m[35m (1.5ms)[0m  [1m[35mCREATE TABLE "users" ("id" integer PRIMARY KEY AUTOINCREMENT NOT NULL, "email" varchar DEFAULT '' NOT NULL, "encrypted_password" varchar DEFAULT '' NOT NULL, "reset_password_token" varchar, "reset_password_sent_at" datetime, "remember_created_at" datetime, "last_name" varchar, "first_name" varchar, "ruby_last_name" varchar, "ruby_first_name" varchar, "postcode" integer, "prefecture_code" integer, "address_city" varchar, "address_street" varchar, "address_building" varchar, "phone_number" integer, "password" varchar, "user_status" boolean, "admin" boolean DEFAULT 0, "created_at" datetime NOT NULL, "updated_at" datetime NOT NULL)[0m
  â†³ db/migrate/20210311125250_devise_create_users.rb:5
  [1m[35m (0.2ms)[0m  [1m[35mCREATE UNIQUE INDEX "index_users_on_email" ON "users" ("email")[0m
  â†³ db/migrate/20210311125250_devise_create_users.rb:53
  [1m[35m (0.1ms)[0m  [1m[35mCREATE UNIQUE INDEX "index_users_on_reset_password_token" ON "users" ("reset_password_token")[0m
  â†³ db/migrate/20210311125250_devise_create_users.rb:54
  [1m[36mActiveRecord::SchemaMigration Create (0.1ms)[0m  [1m[32mINSERT INTO "schema_migrations" ("version") VALUES (?)[0m  [["version", "20210311125250"]]
  â†³ bin/rails:9
  [1m[35m (30.5ms)[0m  [1m[36mcommit transaction[0m
  â†³ bin/rails:9
Migrating to CreateProducts (20210311131301)
  [1m[35m (0.0ms)[0m  [1m[36mbegin transaction[0m
  â†³ bin/rails:9
  [1m[35m (1.0ms)[0m  [1m[35mCREATE TABLE "products" ("id" integer PRIMARY KEY AUTOINCREMENT NOT NULL, "image_id" varchar, "name" varchar, "description" text, "non_taxed_price" integer, "sales_status" integer, "created_at" datetime NOT NULL, "updated_at" datetime NOT NULL)[0m
  â†³ db/migrate/20210311131301_create_products.rb:3
  [1m[36mActiveRecord::SchemaMigration Create (0.1ms)[0m  [1m[32mINSERT INTO "schema_migrations" ("version") VALUES (?)[0m  [["version", "20210311131301"]]
  â†³ bin/rails:9
  [1m[35m (6.9ms)[0m  [1m[36mcommit transaction[0m
  â†³ bin/rails:9
Migrating to CreateCategories (20210311131405)
  [1m[35m (0.1ms)[0m  [1m[36mbegin transaction[0m
  â†³ bin/rails:9
  [1m[35m (0.2ms)[0m  [1m[35mCREATE TABLE "categories" ("id" integer PRIMARY KEY AUTOINCREMENT NOT NULL, "category_name" varchar, "category_status" integer, "created_at" datetime NOT NULL, "updated_at" datetime NOT NULL)[0m
  â†³ db/migrate/20210311131405_create_categories.rb:3
  [1m[36mActiveRecord::SchemaMigration Create (0.1ms)[0m  [1m[32mINSERT INTO "schema_migrations" ("version") VALUES (?)[0m  [["version", "20210311131405"]]
  â†³ bin/rails:9
  [1m[35m (4.6ms)[0m  [1m[36mcommit transaction[0m
  â†³ bin/rails:9
Migrating to CreateCarts (20210311131507)
  [1m[35m (0.0ms)[0m  [1m[36mbegin transaction[0m
  â†³ bin/rails:9
  [1m[35m (0.7ms)[0m  [1m[35mCREATE TABLE "carts" ("id" integer PRIMARY KEY AUTOINCREMENT NOT NULL, "product_num" integer, "product_id" integer, "order_id" integer, "created_at" datetime NOT NULL, "updated_at" datetime NOT NULL, CONSTRAINT "fk_rails_916f2a1419"
FOREIGN KEY ("product_id")
  REFERENCES "products" ("id")
, CONSTRAINT "fk_rails_00582d5eae"
FOREIGN KEY ("order_id")
  REFERENCES "orders" ("id")
)[0m
  â†³ db/migrate/20210311131507_create_carts.rb:3
  [1m[35m (0.1ms)[0m  [1m[35mCREATE  INDEX "index_carts_on_product_id" ON "carts" ("product_id")[0m
  â†³ db/migrate/20210311131507_create_carts.rb:3
  [1m[35m (0.1ms)[0m  [1m[35mCREATE  INDEX "index_carts_on_order_id" ON "carts" ("order_id")[0m
  â†³ db/migrate/20210311131507_create_carts.rb:3
  [1m[36mActiveRecord::SchemaMigration Create (0.1ms)[0m  [1m[32mINSERT INTO "schema_migrations" ("version") VALUES (?)[0m  [["version", "20210311131507"]]
  â†³ bin/rails:9
  [1m[35m (5.2ms)[0m  [1m[36mcommit transaction[0m
  â†³ bin/rails:9
Migrating to CreateOrderdproducts (20210311131628)
  [1m[35m (0.0ms)[0m  [1m[36mbegin transaction[0m
  â†³ bin/rails:9
  [1m[35m (0.7ms)[0m  [1m[35mCREATE TABLE "orderdproducts" ("id" integer PRIMARY KEY AUTOINCREMENT NOT NULL, "product_id" integer, "order_id" integer, "order_num" integer, "production_status" integer, "price_in_tax" integer, "created_at" datetime NOT NULL, "updated_at" datetime NOT NULL, CONSTRAINT "fk_rails_ad668c8912"
FOREIGN KEY ("product_id")
  REFERENCES "products" ("id")
, CONSTRAINT "fk_rails_8cc9b0882c"
FOREIGN KEY ("order_id")
  REFERENCES "orders" ("id")
)[0m
  â†³ db/migrate/20210311131628_create_orderdproducts.rb:3
  [1m[35m (0.1ms)[0m  [1m[35mCREATE  INDEX "index_orderdproducts_on_product_id" ON "orderdproducts" ("product_id")[0m
  â†³ db/migrate/20210311131628_create_orderdproducts.rb:3
  [1m[35m (0.1ms)[0m  [1m[35mCREATE  INDEX "index_orderdproducts_on_order_id" ON "orderdproducts" ("order_id")[0m
  â†³ db/migrate/20210311131628_create_orderdproducts.rb:3
  [1m[36mActiveRecord::SchemaMigration Create (0.1ms)[0m  [1m[32mINSERT INTO "schema_migrations" ("version") VALUES (?)[0m  [["version", "20210311131628"]]
  â†³ bin/rails:9
  [1m[35m (4.1ms)[0m  [1m[36mcommit transaction[0m
  â†³ bin/rails:9
Migrating to CreateOrders (20210311131815)
  [1m[35m (0.0ms)[0m  [1m[36mbegin transaction[0m
  â†³ bin/rails:9
  [1m[35m (0.7ms)[0m  [1m[35mCREATE TABLE "orders" ("id" integer PRIMARY KEY AUTOINCREMENT NOT NULL, "user_id" integer, "shipping" integer, "billing_amount" integer, "method_payment" integer, "destination_name" varchar, "postcode" integer, "prefecture_code" integer, "address_city" varchar, "address_street" varchar, "address_build" varchar, "order_status" integer, "created_at" datetime NOT NULL, "updated_at" datetime NOT NULL)[0m
  â†³ db/migrate/20210311131815_create_orders.rb:3
  [1m[36mActiveRecord::SchemaMigration Create (0.1ms)[0m  [1m[32mINSERT INTO "schema_migrations" ("version") VALUES (?)[0m  [["version", "20210311131815"]]
  â†³ bin/rails:9
  [1m[35m (5.2ms)[0m  [1m[36mcommit transaction[0m
  â†³ bin/rails:9
Migrating to CreateShippingAddresses (20210311131853)
  [1m[35m (0.0ms)[0m  [1m[36mbegin transaction[0m
  â†³ bin/rails:9
  [1m[35m (0.2ms)[0m  [1m[35mCREATE TABLE "shipping_addresses" ("id" integer PRIMARY KEY AUTOINCREMENT NOT NULL, "user_id" integer, "destination_name" varchar, "postcode" integer, "prefecture_code" integer, "address_city" varchar, "address_street" varchar, "address_build" varchar, "created_at" datetime NOT NULL, "updated_at" datetime NOT NULL)[0m
  â†³ db/migrate/20210311131853_create_shipping_addresses.rb:3
  [1m[36mActiveRecord::SchemaMigration Create (0.1ms)[0m  [1m[32mINSERT INTO "schema_migrations" ("version") VALUES (?)[0m  [["version", "20210311131853"]]
  â†³ bin/rails:9
  [1m[35m (6.7ms)[0m  [1m[36mcommit transaction[0m
  â†³ bin/rails:9
  [1m[36mActiveRecord::InternalMetadata Load (0.1ms)[0m  [1m[34mSELECT  "ar_internal_metadata".* FROM "ar_internal_metadata" WHERE "ar_internal_metadata"."key" = ? LIMIT ?[0m  [["key", "environment"], ["LIMIT", 1]]
  â†³ bin/rails:9
  [1m[35m (0.0ms)[0m  [1m[36mbegin transaction[0m
  â†³ bin/rails:9
  [1m[36mActiveRecord::InternalMetadata Create (1.9ms)[0m  [1m[32mINSERT INTO "ar_internal_metadata" ("key", "value", "created_at", "updated_at") VALUES (?, ?, ?, ?)[0m  [["key", "environment"], ["value", "development"], ["created_at", "2021-03-12 14:54:14.615744"], ["updated_at", "2021-03-12 14:54:14.615744"]]
  â†³ bin/rails:9
  [1m[35m (4.3ms)[0m  [1m[36mcommit transaction[0m
  â†³ bin/rails:9
  [1m[35m (0.1ms)[0m  [1m[34mSELECT "schema_migrations"."version" FROM "schema_migrations" ORDER BY "schema_migrations"."version" ASC[0m
  â†³ bin/rails:9
Started GET "/users/sign_up" for 27.82.17.29 at 2021-03-12 14:54:53 +0000
Cannot render console from 27.82.17.29! Allowed networks: 127.0.0.1, ::1, 127.0.0.0/127.255.255.255
  [1m[35m (0.1ms)[0m  [1m[34mSELECT "schema_migrations"."version" FROM "schema_migrations" ORDER BY "schema_migrations"."version" ASC[0m
  â†³ /home/ec2-user/.rvm/gems/ruby-2.6.3/gems/activerecord-5.2.4.5/lib/active_record/log_subscriber.rb:98
Processing by RegistrationsController#new as HTML
  Rendering devise/registrations/new.html.erb within layouts/application
  Rendered devise/shared/_error_messages.html.erb (0.4ms)
  Rendered devise/shared/_links.html.erb (1.1ms)
  Rendered devise/registrations/new.html.erb within layouts/application (14.1ms)
Completed 200 OK in 613ms (Views: 588.1ms | ActiveRecord: 0.6ms)


Started POST "/users" for 27.82.17.29 at 2021-03-12 14:55:13 +0000
Cannot render console from 27.82.17.29! Allowed networks: 127.0.0.1, ::1, 127.0.0.0/127.255.255.255
Processing by RegistrationsController#create as HTML
  Parameters: {"utf8"=>"âœ“", "authenticity_token"=>"0wYGF257JiFgUj9wTrsyIkPtP1t17v89l2v6bSf9PPyXnoHA7LwSGDmKxic5dOVyi/cKgaudimxUPlDB4cgyww==", "user"=>{"ruby_last_name"=>"123", "last_name"=>"123", "ruby_first_name"=>"123", "first_name"=>"123", "email"=>"123@123.com", "phone_number"=>"0801234123", "password"=>"[FILTERED]", "password_confirmation"=>"[FILTERED]", "postcode"=>"123", "prefecture_code"=>"13", "address_city"=>"è¶³ç«‹åŒº", "address_street"=>"123", "address_building"=>"123"}, "commit"=>"Sign up"}
  [1m[35m (0.1ms)[0m  [1m[36mbegin transaction[0m
  â†³ /home/ec2-user/.rvm/gems/ruby-2.6.3/gems/activerecord-5.2.4.5/lib/active_record/log_subscriber.rb:98
  [1m[36mUser Exists (0.2ms)[0m  [1m[34mSELECT  1 AS one FROM "users" WHERE "users"."email" = ? LIMIT ?[0m  [["email", "123@123.com"], ["LIMIT", 1]]
  â†³ /home/ec2-user/.rvm/gems/ruby-2.6.3/gems/activerecord-5.2.4.5/lib/active_record/log_subscriber.rb:98
  [1m[36mUser Create (3.4ms)[0m  [1m[32mINSERT INTO "users" ("email", "encrypted_password", "last_name", "first_name", "ruby_last_name", "ruby_first_name", "postcode", "prefecture_code", "address_city", "address_street", "address_building", "phone_number", "created_at", "updated_at") VALUES (?, ?, ?, ?, ?, ?, ?, ?, ?, ?, ?, ?, ?, ?)[0m  [["email", "123@123.com"], ["encrypted_password", "$2a$12$fjx/X7GZB8H8HwEsDQle2.Ok13I3FFIAxuK.mWdcHTjZF23gEwNey"], ["last_name", "123"], ["first_name", "123"], ["ruby_last_name", "123"], ["ruby_first_name", "123"], ["postcode", 123], ["prefecture_code", 13], ["address_city", "è¶³ç«‹åŒº"], ["address_street", "123"], ["address_building", "123"], ["phone_number", 801234123], ["created_at", "2021-03-12 14:55:14.082772"], ["updated_at", "2021-03-12 14:55:14.082772"]]
  â†³ /home/ec2-user/.rvm/gems/ruby-2.6.3/gems/activerecord-5.2.4.5/lib/active_record/log_subscriber.rb:98
  [1m[35m (5.9ms)[0m  [1m[36mcommit transaction[0m
  â†³ /home/ec2-user/.rvm/gems/ruby-2.6.3/gems/activerecord-5.2.4.5/lib/active_record/log_subscriber.rb:98
Redirected to https://4f6207bbfd43463ebfa47f5be73bb6f9.vfs.cloud9.us-east-1.amazonaws.com/
Completed 302 Found in 331ms (ActiveRecord: 9.5ms)


Started GET "/" for 27.82.17.29 at 2021-03-12 14:55:14 +0000
Cannot render console from 27.82.17.29! Allowed networks: 127.0.0.1, ::1, 127.0.0.0/127.255.255.255
Processing by ProductsController#top as HTML
  Rendering products/top.html.erb within layouts/application
  Rendered products/top.html.erb within layouts/application (0.4ms)
Completed 200 OK in 125ms (Views: 123.0ms | ActiveRecord: 0.0ms)


  [1m[36mUser Load (0.2ms)[0m  [1m[34mSELECT  "users".* FROM "users" WHERE "users"."id" = ? LIMIT ?[0m  [["id", 1], ["LIMIT", 1]]
  [1m[36mUser Load (0.3ms)[0m  [1m[34mSELECT  "users".* FROM "users" ORDER BY "users"."id" ASC LIMIT ?[0m  [["LIMIT", 1]]
  [1m[36mUser Load (0.1ms)[0m  [1m[34mSELECT  "users".* FROM "users" ORDER BY "users"."id" ASC LIMIT ?[0m  [["LIMIT", 1]]
